Linux 5.4.0-216-generic (master) 	12/20/2025 	_x86_64_	(4 CPU)

06:27:49 PM     CPU     %user     %nice   %system   %iowait    %steal     %idle
06:27:50 PM     all     47.85      0.00      5.06      0.00      0.00     47.09

06:27:49 PM kbmemfree   kbavail kbmemused  %memused kbbuffers  kbcached  kbcommit   %commit  kbactive   kbinact   kbdirty
06:27:50 PM   2814380   4973044   2493332     31.79    119776   2168412   4230948     53.95   3227872   1472160     13936

06:27:49 PM     IFACE   rxpck/s   txpck/s    rxkB/s    txkB/s   rxcmp/s   txcmp/s  rxmcst/s   %ifutil
06:27:50 PM        lo      3.00      3.00      0.42      0.42      0.00      0.00      0.00      0.00
06:27:50 PM      eth0      5.00      3.00      0.76      0.25      0.00      0.00      0.00      0.00

06:27:50 PM     CPU     %user     %nice   %system   %iowait    %steal     %idle
06:27:51 PM     all     30.89      0.00     10.38      0.00      0.00     58.73

06:27:50 PM kbmemfree   kbavail kbmemused  %memused kbbuffers  kbcached  kbcommit   %commit  kbactive   kbinact   kbdirty
06:27:51 PM   2624572   4867356   2598616     33.13    119776   2235464   4293104     54.74   3332848   1539360     81188

06:27:50 PM     IFACE   rxpck/s   txpck/s    rxkB/s    txkB/s   rxcmp/s   txcmp/s  rxmcst/s   %ifutil
06:27:51 PM        lo      6.00      6.00      1.01      1.01      0.00      0.00      0.00      0.00
06:27:51 PM      eth0      8.00      4.00      1.76      0.42      0.00      0.00      0.00      0.00

06:27:51 PM     CPU     %user     %nice   %system   %iowait    %steal     %idle
06:27:52 PM     all     21.61      0.00      9.80      0.00      0.00     68.59

06:27:51 PM kbmemfree   kbavail kbmemused  %memused kbbuffers  kbcached  kbcommit   %commit  kbactive   kbinact   kbdirty
06:27:52 PM   2455208   4792168   2672756     34.08    119776   2309472   4498268     57.36   3407168   1613144    155108

06:27:51 PM     IFACE   rxpck/s   txpck/s    rxkB/s    txkB/s   rxcmp/s   txcmp/s  rxmcst/s   %ifutil
06:27:52 PM        lo      3.00      3.00      0.42      0.42      0.00      0.00      0.00      0.00
06:27:52 PM      eth0      4.00      2.00      0.72      0.21      0.00      0.00      0.00      0.00

06:27:52 PM     CPU     %user     %nice   %system   %iowait    %steal     %idle
06:27:53 PM     all     14.50      0.00     12.50      0.00      0.00     73.00

06:27:52 PM kbmemfree   kbavail kbmemused  %memused kbbuffers  kbcached  kbcommit   %commit  kbactive   kbinact   kbdirty
06:27:53 PM   2230008   4665956   2798260     35.68    119776   2389168   4675996     59.62   3534364   1692996    234784

06:27:52 PM     IFACE   rxpck/s   txpck/s    rxkB/s    txkB/s   rxcmp/s   txcmp/s  rxmcst/s   %ifutil
06:27:53 PM        lo      3.00      3.00      0.42      0.42      0.00      0.00      0.00      0.00
06:27:53 PM      eth0      4.00      2.00      0.72      0.21      0.00      0.00      0.00      0.00

06:27:53 PM     CPU     %user     %nice   %system   %iowait    %steal     %idle
06:27:54 PM     all     18.84      0.00      9.55      1.76      0.00     69.85

06:27:53 PM kbmemfree   kbavail kbmemused  %memused kbbuffers  kbcached  kbcommit   %commit  kbactive   kbinact   kbdirty
06:27:54 PM   2041156   4599596   2864072     36.52    119808   2491344   4735964     60.39   3600492   1795204    356428

06:27:53 PM     IFACE   rxpck/s   txpck/s    rxkB/s    txkB/s   rxcmp/s   txcmp/s  rxmcst/s   %ifutil
06:27:54 PM        lo      6.00      6.00      1.01      1.01      0.00      0.00      0.00      0.00
06:27:54 PM      eth0      8.00      4.00      1.76      0.42      0.00      0.00      0.00      0.00

06:27:54 PM     CPU     %user     %nice   %system   %iowait    %steal     %idle
06:27:55 PM     all     15.83      0.00     10.80      0.00      0.00     73.37

06:27:54 PM kbmemfree   kbavail kbmemused  %memused kbbuffers  kbcached  kbcommit   %commit  kbactive   kbinact   kbdirty
06:27:55 PM   1914232   4581120   2881560     36.74    119808   2576776   4735964     60.39   3618480   1880444    441588

06:27:54 PM     IFACE   rxpck/s   txpck/s    rxkB/s    txkB/s   rxcmp/s   txcmp/s  rxmcst/s   %ifutil
06:27:55 PM        lo      3.00      3.00      0.42      0.42      0.00      0.00      0.00      0.00
06:27:55 PM      eth0      5.00      3.00      0.76      0.25      0.00      0.00      0.00      0.00

06:27:55 PM     CPU     %user     %nice   %system   %iowait    %steal     %idle
06:27:56 PM     all     26.82      0.00     11.03      5.51      0.00     56.64

06:27:55 PM kbmemfree   kbavail kbmemused  %memused kbbuffers  kbcached  kbcommit   %commit  kbactive   kbinact   kbdirty
06:27:56 PM   1662168   4407860   3054224     38.94    119828   2637504   4915200     62.67   3790364   1941360    413168

06:27:55 PM     IFACE   rxpck/s   txpck/s    rxkB/s    txkB/s   rxcmp/s   txcmp/s  rxmcst/s   %ifutil
06:27:56 PM        lo      3.00      3.00      0.42      0.42      0.00      0.00      0.00      0.00
06:27:56 PM      eth0      4.00      2.00      0.72      0.21      0.00      0.00      0.00      0.00

06:27:56 PM     CPU     %user     %nice   %system   %iowait    %steal     %idle
06:27:57 PM     all     49.25      0.00      1.25      0.00      0.00     49.50

06:27:56 PM kbmemfree   kbavail kbmemused  %memused kbbuffers  kbcached  kbcommit   %commit  kbactive   kbinact   kbdirty
06:27:57 PM   1608616   4354308   3107776     39.63    119828   2637504   4836656     61.67   3842372   1941360    413180

06:27:56 PM     IFACE   rxpck/s   txpck/s    rxkB/s    txkB/s   rxcmp/s   txcmp/s  rxmcst/s   %ifutil
06:27:57 PM        lo     26.00     26.00      2.98      2.98      0.00      0.00      0.00      0.00
06:27:57 PM      eth0      8.00      4.00      1.76      0.42      0.00      0.00      0.00      0.00

06:27:57 PM     CPU     %user     %nice   %system   %iowait    %steal     %idle
06:27:58 PM     all     39.40      0.00      1.25      0.00      0.00     59.35

06:27:57 PM kbmemfree   kbavail kbmemused  %memused kbbuffers  kbcached  kbcommit   %commit  kbactive   kbinact   kbdirty
06:27:58 PM   1568444   4314324   3147748     40.14    119828   2637728   4852964     61.88   3882884   1941576    413688

06:27:57 PM     IFACE   rxpck/s   txpck/s    rxkB/s    txkB/s   rxcmp/s   txcmp/s  rxmcst/s   %ifutil
06:27:58 PM        lo     62.00     62.00    238.60    238.60      0.00      0.00      0.00      0.00
06:27:58 PM      eth0     35.00     28.00      3.20    234.08      0.00      0.00      0.00      0.00

06:27:58 PM     CPU     %user     %nice   %system   %iowait    %steal     %idle
06:27:59 PM     all     25.19      0.00      3.27      1.01      0.00     70.53

06:27:58 PM kbmemfree   kbavail kbmemused  %memused kbbuffers  kbcached  kbcommit   %commit  kbactive   kbinact   kbdirty
06:27:59 PM   1550236   4296300   3165588     40.36    119876   2637832   4831480     61.61   3900464   1941684    430880

06:27:58 PM     IFACE   rxpck/s   txpck/s    rxkB/s    txkB/s   rxcmp/s   txcmp/s  rxmcst/s   %ifutil
06:27:59 PM        lo     17.00     17.00      3.45      3.45      0.00      0.00      0.00      0.00
06:27:59 PM      eth0      4.00      2.00      0.72      0.21      0.00      0.00      0.00      0.00

06:27:59 PM     CPU     %user     %nice   %system   %iowait    %steal     %idle
06:28:00 PM     all      3.54      0.00      0.51      1.77      0.00     94.19

06:27:59 PM kbmemfree   kbavail kbmemused  %memused kbbuffers  kbcached  kbcommit   %commit  kbactive   kbinact   kbdirty
06:28:00 PM   1543452   4289592   3169748     40.42    119876   2637832   4839196     61.70   3903924   1941688    405080

06:27:59 PM     IFACE   rxpck/s   txpck/s    rxkB/s    txkB/s   rxcmp/s   txcmp/s  rxmcst/s   %ifutil
06:28:00 PM        lo     10.00     10.00      1.90      1.90      0.00      0.00      0.00      0.00
06:28:00 PM      eth0     30.00     25.00      4.28      4.81      0.00      0.00      0.00      0.00

06:28:00 PM     CPU     %user     %nice   %system   %iowait    %steal     %idle
06:28:01 PM     all      0.75      0.00      5.78     14.82      0.00     78.64

06:28:00 PM kbmemfree   kbavail kbmemused  %memused kbbuffers  kbcached  kbcommit   %commit  kbactive   kbinact   kbdirty
06:28:01 PM   1543880   4290088   3169928     40.42    119876   2637832   4839196     61.70   3903920   1941664    188380

06:28:00 PM     IFACE   rxpck/s   txpck/s    rxkB/s    txkB/s   rxcmp/s   txcmp/s  rxmcst/s   %ifutil
06:28:01 PM        lo     10.00     10.00      2.16      2.16      0.00      0.00      0.00      0.00
06:28:01 PM      eth0     27.00     28.00      2.29    233.83      0.00      0.00      0.00      0.00

06:28:01 PM     CPU     %user     %nice   %system   %iowait    %steal     %idle
06:28:02 PM     all      1.26      0.00      2.78     20.20      0.00     75.76

06:28:01 PM kbmemfree   kbavail kbmemused  %memused kbbuffers  kbcached  kbcommit   %commit  kbactive   kbinact   kbdirty
06:28:02 PM   1541680   4287900   3170428     40.43    119876   2637840   4839196     61.70   3904328   1941668     78588

06:28:01 PM     IFACE   rxpck/s   txpck/s    rxkB/s    txkB/s   rxcmp/s   txcmp/s  rxmcst/s   %ifutil
06:28:02 PM        lo      6.00      6.00      1.27      1.27      0.00      0.00      0.00      0.00
06:28:02 PM      eth0     14.00     10.00      2.12      1.16      0.00      0.00      0.00      0.00

06:28:02 PM     CPU     %user     %nice   %system   %iowait    %steal     %idle
06:28:03 PM     all      1.00      0.00      0.00      0.75      0.00     98.25

06:28:02 PM kbmemfree   kbavail kbmemused  %memused kbbuffers  kbcached  kbcommit   %commit  kbactive   kbinact   kbdirty
06:28:03 PM   1545072   4291216   3170812     40.43    119876   2637840   4839196     61.70   3904424   1941668     74456

06:28:02 PM     IFACE   rxpck/s   txpck/s    rxkB/s    txkB/s   rxcmp/s   txcmp/s  rxmcst/s   %ifutil
06:28:03 PM        lo      9.00      9.00      1.77      1.77      0.00      0.00      0.00      0.00
06:28:03 PM      eth0     10.00      5.00      2.14      0.57      0.00      0.00      0.00      0.00

06:28:03 PM     CPU     %user     %nice   %system   %iowait    %steal     %idle
06:28:04 PM     all      1.00      0.00      0.25      0.00      0.00     98.75

06:28:03 PM kbmemfree   kbavail kbmemused  %memused kbbuffers  kbcached  kbcommit   %commit  kbactive   kbinact   kbdirty
06:28:04 PM   1545196   4291340   3170688     40.43    119876   2637840   4839196     61.70   3904360   1941668     74468

06:28:03 PM     IFACE   rxpck/s   txpck/s    rxkB/s    txkB/s   rxcmp/s   txcmp/s  rxmcst/s   %ifutil
06:28:04 PM        lo      6.00      6.00      1.19      1.19      0.00      0.00      0.00      0.00
06:28:04 PM      eth0     15.00     10.00      1.98      1.89      0.00      0.00      0.00      0.00

06:28:04 PM     CPU     %user     %nice   %system   %iowait    %steal     %idle
06:28:05 PM     all      1.50      0.00      0.75      1.25      0.00     96.50

06:28:04 PM kbmemfree   kbavail kbmemused  %memused kbbuffers  kbcached  kbcommit   %commit  kbactive   kbinact   kbdirty
06:28:05 PM   1545196   4291352   3170696     40.43    119924   2637844   4839196     61.70   3904692   1941676     83516

06:28:04 PM     IFACE   rxpck/s   txpck/s    rxkB/s    txkB/s   rxcmp/s   txcmp/s  rxmcst/s   %ifutil
06:28:05 PM        lo      9.00      9.00      1.95      1.95      0.00      0.00      0.00      0.00
06:28:05 PM      eth0     32.00     24.00      5.25      3.87      0.00      0.00      0.00      0.00

06:28:05 PM     CPU     %user     %nice   %system   %iowait    %steal     %idle
06:28:06 PM     all      0.25      0.00      0.00      0.00      0.00     99.75

06:28:05 PM kbmemfree   kbavail kbmemused  %memused kbbuffers  kbcached  kbcommit   %commit  kbactive   kbinact   kbdirty
06:28:06 PM   1544880   4291036   3171012     40.43    119924   2637844   4839196     61.70   3904724   1941676     83516

06:28:05 PM     IFACE   rxpck/s   txpck/s    rxkB/s    txkB/s   rxcmp/s   txcmp/s  rxmcst/s   %ifutil
06:28:06 PM        lo      9.00      9.00      1.77      1.77      0.00      0.00      0.00      0.00
06:28:06 PM      eth0     21.00     14.00      3.60      2.48      0.00      0.00      0.00      0.00

06:28:06 PM     CPU     %user     %nice   %system   %iowait    %steal     %idle
06:28:07 PM     all      1.01      0.00      0.51      0.00      0.00     98.48

06:28:06 PM kbmemfree   kbavail kbmemused  %memused kbbuffers  kbcached  kbcommit   %commit  kbactive   kbinact   kbdirty
06:28:07 PM   1544124   4290300   3171764     40.44    119924   2637844   4839196     61.70   3905916   1941676     83516

06:28:06 PM     IFACE   rxpck/s   txpck/s    rxkB/s    txkB/s   rxcmp/s   txcmp/s  rxmcst/s   %ifutil
06:28:07 PM        lo      6.00      6.00      1.19      1.19      0.00      0.00      0.00      0.00
06:28:07 PM      eth0     53.00     38.00      9.08      4.51      0.00      0.00      0.00      0.00

06:28:07 PM     CPU     %user     %nice   %system   %iowait    %steal     %idle
06:28:08 PM     all      0.75      0.00      0.00      0.00      0.00     99.25

06:28:07 PM kbmemfree   kbavail kbmemused  %memused kbbuffers  kbcached  kbcommit   %commit  kbactive   kbinact   kbdirty
06:28:08 PM   1543712   4289892   3172172     40.45    119924   2637848   4839196     61.70   3906340   1941680     83520

06:28:07 PM     IFACE   rxpck/s   txpck/s    rxkB/s    txkB/s   rxcmp/s   txcmp/s  rxmcst/s   %ifutil
06:28:08 PM        lo      6.00      6.00      1.19      1.19      0.00      0.00      0.00      0.00
06:28:08 PM      eth0     22.00     11.00      3.65      3.44      0.00      0.00      0.00      0.00

06:28:08 PM     CPU     %user     %nice   %system   %iowait    %steal     %idle
06:28:09 PM     all      1.26      0.00      0.00      0.00      0.00     98.74

06:28:08 PM kbmemfree   kbavail kbmemused  %memused kbbuffers  kbcached  kbcommit   %commit  kbactive   kbinact   kbdirty
06:28:09 PM   1541632   4287812   3174252     40.47    119924   2637848   4839196     61.70   3908356   1941680     83520

06:28:08 PM     IFACE   rxpck/s   txpck/s    rxkB/s    txkB/s   rxcmp/s   txcmp/s  rxmcst/s   %ifutil
06:28:09 PM        lo     15.00     15.00      2.69      2.69      0.00      0.00      0.00      0.00
06:28:09 PM      eth0     10.00      5.00      2.36      0.64      0.00      0.00      0.00      0.00

06:28:09 PM     CPU     %user     %nice   %system   %iowait    %steal     %idle
06:28:10 PM     all      0.25      0.00      0.25      0.00      0.00     99.50

06:28:09 PM kbmemfree   kbavail kbmemused  %memused kbbuffers  kbcached  kbcommit   %commit  kbactive   kbinact   kbdirty
06:28:10 PM   1541632   4287812   3174244     40.47    119932   2637848   4839196     61.70   3908228   1941680     83520

06:28:09 PM     IFACE   rxpck/s   txpck/s    rxkB/s    txkB/s   rxcmp/s   txcmp/s  rxmcst/s   %ifutil
06:28:10 PM        lo      6.00      6.00      1.19      1.19      0.00      0.00      0.00      0.00
06:28:10 PM      eth0      9.00      6.00      1.52      0.55      0.00      0.00      0.00      0.00

06:28:10 PM     CPU     %user     %nice   %system   %iowait    %steal     %idle
06:28:11 PM     all      0.75      0.00      0.00      0.00      0.00     99.25

06:28:10 PM kbmemfree   kbavail kbmemused  %memused kbbuffers  kbcached  kbcommit   %commit  kbactive   kbinact   kbdirty
06:28:11 PM   1541568   4287748   3174308     40.48    119932   2637848   4839196     61.70   3908232   1941680     83520

06:28:10 PM     IFACE   rxpck/s   txpck/s    rxkB/s    txkB/s   rxcmp/s   txcmp/s  rxmcst/s   %ifutil
06:28:11 PM        lo      6.00      6.00      1.19      1.19      0.00      0.00      0.00      0.00
06:28:11 PM      eth0      7.00      4.00      1.37      0.40      0.00      0.00      0.00      0.00

06:28:11 PM     CPU     %user     %nice   %system   %iowait    %steal     %idle
06:28:12 PM     all      1.75      0.00      0.25      0.00      0.00     98.00

06:28:11 PM kbmemfree   kbavail kbmemused  %memused kbbuffers  kbcached  kbcommit   %commit  kbactive   kbinact   kbdirty
06:28:12 PM   1541188   4287140   3174924     40.48    119932   2637612   4839196     61.70   3908496   1941468     83284

06:28:11 PM     IFACE   rxpck/s   txpck/s    rxkB/s    txkB/s   rxcmp/s   txcmp/s  rxmcst/s   %ifutil
06:28:12 PM        lo      9.00      9.00      1.84      1.84      0.00      0.00      0.00      0.00
06:28:12 PM      eth0     10.00      5.00      2.36      0.57      0.00      0.00      0.00      0.00

06:28:12 PM     CPU     %user     %nice   %system   %iowait    %steal     %idle
06:28:13 PM     all      0.75      0.00      0.25      0.00      0.00     99.00

06:28:12 PM kbmemfree   kbavail kbmemused  %memused kbbuffers  kbcached  kbcommit   %commit  kbactive   kbinact   kbdirty
06:28:13 PM   1541156   4287112   3174952     40.48    119932   2637616   4839196     61.70   3908584   1941472     83288

06:28:12 PM     IFACE   rxpck/s   txpck/s    rxkB/s    txkB/s   rxcmp/s   txcmp/s  rxmcst/s   %ifutil
06:28:13 PM        lo      9.00      9.00      1.96      1.96      0.00      0.00      0.00      0.00
06:28:13 PM      eth0      6.00      3.00      1.32      0.36      0.00      0.00      0.00      0.00

06:28:13 PM     CPU     %user     %nice   %system   %iowait    %steal     %idle
06:28:14 PM     all      0.00      0.00      0.00      0.00      0.00    100.00

06:28:13 PM kbmemfree   kbavail kbmemused  %memused kbbuffers  kbcached  kbcommit   %commit  kbactive   kbinact   kbdirty
06:28:14 PM   1541060   4287012   3175052     40.48    119932   2637616   4839196     61.70   3908588   1941472     83288

06:28:13 PM     IFACE   rxpck/s   txpck/s    rxkB/s    txkB/s   rxcmp/s   txcmp/s  rxmcst/s   %ifutil
06:28:14 PM        lo      6.00      6.00      1.19      1.19      0.00      0.00      0.00      0.00
06:28:14 PM      eth0      6.00      3.00      1.32      0.36      0.00      0.00      0.00      0.00

06:28:14 PM     CPU     %user     %nice   %system   %iowait    %steal     %idle
06:28:15 PM     all      0.50      0.00      0.00      0.00      0.00     99.50

06:28:14 PM kbmemfree   kbavail kbmemused  %memused kbbuffers  kbcached  kbcommit   %commit  kbactive   kbinact   kbdirty
06:28:15 PM   1541028   4286980   3175076     40.49    119940   2637616   4839196     61.70   3908612   1941472     83288

06:28:14 PM     IFACE   rxpck/s   txpck/s    rxkB/s    txkB/s   rxcmp/s   txcmp/s  rxmcst/s   %ifutil
06:28:15 PM        lo      9.00      9.00      1.77      1.77      0.00      0.00      0.00      0.00
06:28:15 PM      eth0     14.00      7.00      2.62      0.70      0.00      0.00      0.00      0.00

06:28:15 PM     CPU     %user     %nice   %system   %iowait    %steal     %idle
06:28:16 PM     all      0.25      0.00      0.00      0.00      0.00     99.75

06:28:15 PM kbmemfree   kbavail kbmemused  %memused kbbuffers  kbcached  kbcommit   %commit  kbactive   kbinact   kbdirty
06:28:16 PM   1540712   4286672   3175392     40.49    119940   2637616   4839196     61.70   3908692   1941472     83288

06:28:15 PM     IFACE   rxpck/s   txpck/s    rxkB/s    txkB/s   rxcmp/s   txcmp/s  rxmcst/s   %ifutil
06:28:16 PM        lo      6.00      6.00      1.19      1.19      0.00      0.00      0.00      0.00
06:28:16 PM      eth0      9.00      5.00      1.49      0.46      0.00      0.00      0.00      0.00

06:28:16 PM     CPU     %user     %nice   %system   %iowait    %steal     %idle
06:28:17 PM     all      0.25      0.00      0.00      0.00      0.00     99.75

06:28:16 PM kbmemfree   kbavail kbmemused  %memused kbbuffers  kbcached  kbcommit   %commit  kbactive   kbinact   kbdirty
06:28:17 PM   1540616   4286576   3175488     40.49    119940   2637616   4839196     61.70   3908776   1941472     83288

06:28:16 PM     IFACE   rxpck/s   txpck/s    rxkB/s    txkB/s   rxcmp/s   txcmp/s  rxmcst/s   %ifutil
06:28:17 PM        lo      9.00      9.00      1.96      1.96      0.00      0.00      0.00      0.00
06:28:17 PM      eth0      6.00      3.00      1.32      0.36      0.00      0.00      0.00      0.00

06:28:17 PM     CPU     %user     %nice   %system   %iowait    %steal     %idle
06:28:18 PM     all      0.50      0.00      0.00      0.00      0.00     99.50

06:28:17 PM kbmemfree   kbavail kbmemused  %memused kbbuffers  kbcached  kbcommit   %commit  kbactive   kbinact   kbdirty
06:28:18 PM   1540552   4286512   3175552     40.49    119940   2637616   4839196     61.70   3908792   1941472     83288

06:28:17 PM     IFACE   rxpck/s   txpck/s    rxkB/s    txkB/s   rxcmp/s   txcmp/s  rxmcst/s   %ifutil
06:28:18 PM        lo      9.00      9.00      1.77      1.77      0.00      0.00      0.00      0.00
06:28:18 PM      eth0     14.00      7.00      2.62      0.70      0.00      0.00      0.00      0.00

06:28:18 PM     CPU     %user     %nice   %system   %iowait    %steal     %idle
06:28:19 PM     all      0.75      0.00      0.00      0.00      0.00     99.25

06:28:18 PM kbmemfree   kbavail kbmemused  %memused kbbuffers  kbcached  kbcommit   %commit  kbactive   kbinact   kbdirty
06:28:19 PM   1540584   4286548   3175516     40.49    119940   2637620   4839196     61.70   3908852   1941476     83292

06:28:18 PM     IFACE   rxpck/s   txpck/s    rxkB/s    txkB/s   rxcmp/s   txcmp/s  rxmcst/s   %ifutil
06:28:19 PM        lo      6.00      6.00      1.19      1.19      0.00      0.00      0.00      0.00
06:28:19 PM      eth0      6.00      3.00      1.32      0.36      0.00      0.00      0.00      0.00

06:28:19 PM     CPU     %user     %nice   %system   %iowait    %steal     %idle
06:28:20 PM     all      0.25      0.00      0.25      0.00      0.00     99.50

06:28:19 PM kbmemfree   kbavail kbmemused  %memused kbbuffers  kbcached  kbcommit   %commit  kbactive   kbinact   kbdirty
06:28:20 PM   1540360   4286324   3175736     40.49    119944   2637620   4839196     61.70   3908932   1941476     83292

06:28:19 PM     IFACE   rxpck/s   txpck/s    rxkB/s    txkB/s   rxcmp/s   txcmp/s  rxmcst/s   %ifutil
06:28:20 PM        lo      6.00      6.00      1.19      1.19      0.00      0.00      0.00      0.00
06:28:20 PM      eth0      7.00      4.00      1.38      1.60      0.00      0.00      0.00      0.00

06:28:20 PM     CPU     %user     %nice   %system   %iowait    %steal     %idle
06:28:21 PM     all      1.25      0.00      0.00      0.00      0.00     98.75

06:28:20 PM kbmemfree   kbavail kbmemused  %memused kbbuffers  kbcached  kbcommit   %commit  kbactive   kbinact   kbdirty
06:28:21 PM   1540360   4286324   3175736     40.49    119944   2637620   4839196     61.70   3908932   1941476     83292

06:28:20 PM     IFACE   rxpck/s   txpck/s    rxkB/s    txkB/s   rxcmp/s   txcmp/s  rxmcst/s   %ifutil
06:28:21 PM        lo     12.00     12.00      2.54      2.54      0.00      0.00      0.00      0.00
06:28:21 PM      eth0     11.00      6.00      2.40      0.61      0.00      0.00      0.00      0.00

06:28:21 PM     CPU     %user     %nice   %system   %iowait    %steal     %idle
06:28:22 PM     all      0.50      0.00      0.25      0.00      0.00     99.25

06:28:21 PM kbmemfree   kbavail kbmemused  %memused kbbuffers  kbcached  kbcommit   %commit  kbactive   kbinact   kbdirty
06:28:22 PM   1540264   4286232   3175832     40.49    119944   2637620   4839196     61.70   3908828   1941476     83292

06:28:21 PM     IFACE   rxpck/s   txpck/s    rxkB/s    txkB/s   rxcmp/s   txcmp/s  rxmcst/s   %ifutil
06:28:22 PM        lo      6.00      6.00      1.19      1.19      0.00      0.00      0.00      0.00
06:28:22 PM      eth0      6.00      3.00      1.32      0.36      0.00      0.00      0.00      0.00

06:28:22 PM     CPU     %user     %nice   %system   %iowait    %steal     %idle
06:28:23 PM     all      0.25      0.00      0.00      0.00      0.00     99.75

06:28:22 PM kbmemfree   kbavail kbmemused  %memused kbbuffers  kbcached  kbcommit   %commit  kbactive   kbinact   kbdirty
06:28:23 PM   1540264   4286232   3175832     40.49    119944   2637620   4839196     61.70   3908912   1941476     83292

06:28:22 PM     IFACE   rxpck/s   txpck/s    rxkB/s    txkB/s   rxcmp/s   txcmp/s  rxmcst/s   %ifutil
06:28:23 PM        lo      6.00      6.00      1.19      1.19      0.00      0.00      0.00      0.00
06:28:23 PM      eth0      6.00      3.00      1.32      0.36      0.00      0.00      0.00      0.00

06:28:23 PM     CPU     %user     %nice   %system   %iowait    %steal     %idle
06:28:24 PM     all      0.50      0.00      0.25      0.00      0.00     99.25

06:28:23 PM kbmemfree   kbavail kbmemused  %memused kbbuffers  kbcached  kbcommit   %commit  kbactive   kbinact   kbdirty
06:28:24 PM   1540168   4286136   3175928     40.50    119944   2637620   4839196     61.70   3908952   1941476     83292

06:28:23 PM     IFACE   rxpck/s   txpck/s    rxkB/s    txkB/s   rxcmp/s   txcmp/s  rxmcst/s   %ifutil
06:28:24 PM        lo      9.00      9.00      1.77      1.77      0.00      0.00      0.00      0.00
06:28:24 PM      eth0     10.00      5.00      2.36      0.57      0.00      0.00      0.00      0.00

06:28:24 PM     CPU     %user     %nice   %system   %iowait    %steal     %idle
06:28:25 PM     all      0.75      0.00      0.25      0.00      0.00     99.00

06:28:24 PM kbmemfree   kbavail kbmemused  %memused kbbuffers  kbcached  kbcommit   %commit  kbactive   kbinact   kbdirty
06:28:25 PM   1540104   4286080   3175984     40.50    119948   2637624   4839196     61.70   3908928   1941480     83296

06:28:24 PM     IFACE   rxpck/s   txpck/s    rxkB/s    txkB/s   rxcmp/s   txcmp/s  rxmcst/s   %ifutil
06:28:25 PM        lo      9.00      9.00      1.96      1.96      0.00      0.00      0.00      0.00
06:28:25 PM      eth0      7.00      4.00      1.37      0.40      0.00      0.00      0.00      0.00

06:28:25 PM     CPU     %user     %nice   %system   %iowait    %steal     %idle
06:28:26 PM     all      0.25      0.00      0.00      0.00      0.00     99.75

06:28:25 PM kbmemfree   kbavail kbmemused  %memused kbbuffers  kbcached  kbcommit   %commit  kbactive   kbinact   kbdirty
06:28:26 PM   1539852   4285828   3176236     40.50    119948   2637624   4839196     61.70   3908884   1941480     83300

06:28:25 PM     IFACE   rxpck/s   txpck/s    rxkB/s    txkB/s   rxcmp/s   txcmp/s  rxmcst/s   %ifutil
06:28:26 PM        lo      6.00      6.00      1.19      1.19      0.00      0.00      0.00      0.00
06:28:26 PM      eth0      6.00      3.00      1.33      0.36      0.00      0.00      0.00      0.00

06:28:26 PM     CPU     %user     %nice   %system   %iowait    %steal     %idle
06:28:27 PM     all     38.54      0.00      2.02      0.25      0.00     59.19

06:28:26 PM kbmemfree   kbavail kbmemused  %memused kbbuffers  kbcached  kbcommit   %commit  kbactive   kbinact   kbdirty
06:28:27 PM   1433124   4180364   3281608     41.84    120008   2638668   5028308     64.12   4015660   1941596     83464

06:28:26 PM     IFACE   rxpck/s   txpck/s    rxkB/s    txkB/s   rxcmp/s   txcmp/s  rxmcst/s   %ifutil
06:28:27 PM        lo    124.00    124.00   1241.16   1241.16      0.00      0.00      0.00      0.00
06:28:27 PM      eth0     11.00      6.00      2.41      0.61      0.00      0.00      0.00      0.00

06:28:27 PM     CPU     %user     %nice   %system   %iowait    %steal     %idle
06:28:28 PM     all      7.81      0.00      1.51      2.27      0.00     88.41

06:28:27 PM kbmemfree   kbavail kbmemused  %memused kbbuffers  kbcached  kbcommit   %commit  kbactive   kbinact   kbdirty
06:28:28 PM   1406884   4153952   3307948     42.18    120008   2638668   5051520     64.41   4040844   1941596     26360

06:28:27 PM     IFACE   rxpck/s   txpck/s    rxkB/s    txkB/s   rxcmp/s   txcmp/s  rxmcst/s   %ifutil
06:28:28 PM        lo      6.00      6.00      1.19      1.19      0.00      0.00      0.00      0.00
06:28:28 PM      eth0      6.00      3.00      1.33      0.36      0.00      0.00      0.00      0.00

06:28:28 PM     CPU     %user     %nice   %system   %iowait    %steal     %idle
06:28:29 PM     all      0.50      0.00      0.00      0.00      0.00     99.50

06:28:28 PM kbmemfree   kbavail kbmemused  %memused kbbuffers  kbcached  kbcommit   %commit  kbactive   kbinact   kbdirty
06:28:29 PM   1406756   4153952   3307976     42.18    120008   2638668   5051520     64.41   4040884   1941596     26384

06:28:28 PM     IFACE   rxpck/s   txpck/s    rxkB/s    txkB/s   rxcmp/s   txcmp/s  rxmcst/s   %ifutil
06:28:29 PM        lo      9.00      9.00      1.96      1.96      0.00      0.00      0.00      0.00
06:28:29 PM      eth0      6.00      3.00      1.33      0.36      0.00      0.00      0.00      0.00

06:28:29 PM     CPU     %user     %nice   %system   %iowait    %steal     %idle
06:28:30 PM     all      0.75      0.00      0.00      0.00      0.00     99.25

06:28:29 PM kbmemfree   kbavail kbmemused  %memused kbbuffers  kbcached  kbcommit   %commit  kbactive   kbinact   kbdirty
06:28:30 PM   1412552   4159748   3302180     42.11    120008   2638668   5051520     64.41   4034276   1941596     26392

06:28:29 PM     IFACE   rxpck/s   txpck/s    rxkB/s    txkB/s   rxcmp/s   txcmp/s  rxmcst/s   %ifutil
06:28:30 PM        lo      9.00      9.00      1.77      1.77      0.00      0.00      0.00      0.00
06:28:30 PM      eth0     11.00      6.00      2.42      1.14      0.00      0.00      0.00      0.00

06:28:30 PM     CPU     %user     %nice   %system   %iowait    %steal     %idle
06:28:31 PM     all      0.25      0.00      0.00      0.00      0.00     99.75

06:28:30 PM kbmemfree   kbavail kbmemused  %memused kbbuffers  kbcached  kbcommit   %commit  kbactive   kbinact   kbdirty
06:28:31 PM   1412424   4159624   3302304     42.11    120008   2638672   5051520     64.41   4034332   1941600     26400

06:28:30 PM     IFACE   rxpck/s   txpck/s    rxkB/s    txkB/s   rxcmp/s   txcmp/s  rxmcst/s   %ifutil
06:28:31 PM        lo      6.00      6.00      1.19      1.19      0.00      0.00      0.00      0.00
06:28:31 PM      eth0      6.00      3.00      1.33      0.36      0.00      0.00      0.00      0.00

06:28:31 PM     CPU     %user     %nice   %system   %iowait    %steal     %idle
06:28:32 PM     all      0.50      0.00      0.25      0.00      0.00     99.25

06:28:31 PM kbmemfree   kbavail kbmemused  %memused kbbuffers  kbcached  kbcommit   %commit  kbactive   kbinact   kbdirty
06:28:32 PM   1412392   4159592   3302336     42.11    120008   2638672   5051520     64.41   4034332   1941600     26408

06:28:31 PM     IFACE   rxpck/s   txpck/s    rxkB/s    txkB/s   rxcmp/s   txcmp/s  rxmcst/s   %ifutil
06:28:32 PM        lo      6.00      6.00      1.19      1.19      0.00      0.00      0.00      0.00
06:28:32 PM      eth0      9.00      6.00      1.49      0.51      0.00      0.00      0.00      0.00

06:28:32 PM     CPU     %user     %nice   %system   %iowait    %steal     %idle
06:28:33 PM     all      0.51      0.00      0.00      0.00      0.00     99.49

06:28:32 PM kbmemfree   kbavail kbmemused  %memused kbbuffers  kbcached  kbcommit   %commit  kbactive   kbinact   kbdirty
06:28:33 PM   1412392   4159592   3302332     42.11    120020   2638672   5051520     64.41   4034416   1941600     26416

06:28:32 PM     IFACE   rxpck/s   txpck/s    rxkB/s    txkB/s   rxcmp/s   txcmp/s  rxmcst/s   %ifutil
06:28:33 PM        lo     12.00     12.00      2.54      2.54      0.00      0.00      0.00      0.00
06:28:33 PM      eth0     10.00      5.00      2.36      0.57      0.00      0.00      0.00      0.00

06:28:33 PM     CPU     %user     %nice   %system   %iowait    %steal     %idle
06:28:34 PM     all      0.50      0.00      0.25      1.75      0.00     97.49

06:28:33 PM kbmemfree   kbavail kbmemused  %memused kbbuffers  kbcached  kbcommit   %commit  kbactive   kbinact   kbdirty
06:28:34 PM   1412644   4159844   3302092     42.10    120020   2638672   5051520     64.41   4034416   1941600       228

06:28:33 PM     IFACE   rxpck/s   txpck/s    rxkB/s    txkB/s   rxcmp/s   txcmp/s  rxmcst/s   %ifutil
06:28:34 PM        lo      6.00      6.00      1.19      1.19      0.00      0.00      0.00      0.00
06:28:34 PM      eth0      6.00      3.00      1.33      0.36      0.00      0.00      0.00      0.00

06:28:34 PM     CPU     %user     %nice   %system   %iowait    %steal     %idle
06:28:35 PM     all      1.00      0.00      0.00      0.00      0.00     99.00

06:28:34 PM kbmemfree   kbavail kbmemused  %memused kbbuffers  kbcached  kbcommit   %commit  kbactive   kbinact   kbdirty
06:28:35 PM   1418500   4165700   3296236     42.03    120020   2638672   5040524     64.27   4028444   1941600       228

06:28:34 PM     IFACE   rxpck/s   txpck/s    rxkB/s    txkB/s   rxcmp/s   txcmp/s  rxmcst/s   %ifutil
06:28:35 PM        lo      6.00      6.00      1.19      1.19      0.00      0.00      0.00      0.00
06:28:35 PM      eth0      6.00      3.00      1.33      0.36      0.00      0.00      0.00      0.00

06:28:35 PM     CPU     %user     %nice   %system   %iowait    %steal     %idle
06:28:36 PM     all      0.25      0.00      0.00      0.00      0.00     99.75

06:28:35 PM kbmemfree   kbavail kbmemused  %memused kbbuffers  kbcached  kbcommit   %commit  kbactive   kbinact   kbdirty
06:28:36 PM   1418596   4165812   3296136     42.03    120020   2638676   5040524     64.27   4028320   1941604       232

06:28:35 PM     IFACE   rxpck/s   txpck/s    rxkB/s    txkB/s   rxcmp/s   txcmp/s  rxmcst/s   %ifutil
06:28:36 PM        lo      9.00      9.00      1.77      1.77      0.00      0.00      0.00      0.00
06:28:36 PM      eth0     10.00      5.00      2.37      0.57      0.00      0.00      0.00      0.00

06:28:36 PM     CPU     %user     %nice   %system   %iowait    %steal     %idle
06:28:37 PM     all      0.25      0.00      0.00      0.00      0.00     99.75

06:28:36 PM kbmemfree   kbavail kbmemused  %memused kbbuffers  kbcached  kbcommit   %commit  kbactive   kbinact   kbdirty
06:28:37 PM   1418680   4165896   3296052     42.03    120020   2638676   5040524     64.27   4028248   1941604       244

06:28:36 PM     IFACE   rxpck/s   txpck/s    rxkB/s    txkB/s   rxcmp/s   txcmp/s  rxmcst/s   %ifutil
06:28:37 PM        lo     13.00     13.00      1.67      1.67      0.00      0.00      0.00      0.00
06:28:37 PM      eth0      7.00      4.00      1.37      0.40      0.00      0.00      0.00      0.00

06:28:37 PM     CPU     %user     %nice   %system   %iowait    %steal     %idle
06:28:38 PM     all      0.50      0.00      0.25      0.00      0.00     99.25

06:28:37 PM kbmemfree   kbavail kbmemused  %memused kbbuffers  kbcached  kbcommit   %commit  kbactive   kbinact   kbdirty
06:28:38 PM   1419036   4165488   3296452     42.03    120028   2638676   5040524     64.27   4028252   1941604       252

06:28:37 PM     IFACE   rxpck/s   txpck/s    rxkB/s    txkB/s   rxcmp/s   txcmp/s  rxmcst/s   %ifutil
06:28:38 PM        lo      8.00      8.00      1.78      1.78      0.00      0.00      0.00      0.00
06:28:38 PM      eth0      6.00      3.00      1.33      0.36      0.00      0.00      0.00      0.00

06:28:38 PM     CPU     %user     %nice   %system   %iowait    %steal     %idle
06:28:39 PM     all      0.25      0.00      0.25      0.00      0.00     99.50

06:28:38 PM kbmemfree   kbavail kbmemused  %memused kbbuffers  kbcached  kbcommit   %commit  kbactive   kbinact   kbdirty
06:28:39 PM   1418752   4165204   3296736     42.04    120028   2638676   5040524     64.27   4028260   1941604       252

06:28:38 PM     IFACE   rxpck/s   txpck/s    rxkB/s    txkB/s   rxcmp/s   txcmp/s  rxmcst/s   %ifutil
06:28:39 PM        lo      9.00      9.00      1.77      1.77      0.00      0.00      0.00      0.00
06:28:39 PM      eth0     10.00      5.00      2.37      0.57      0.00      0.00      0.00      0.00

06:28:39 PM     CPU     %user     %nice   %system   %iowait    %steal     %idle
06:28:40 PM     all      1.00      0.00      0.00      0.00      0.00     99.00

06:28:39 PM kbmemfree   kbavail kbmemused  %memused kbbuffers  kbcached  kbcommit   %commit  kbactive   kbinact   kbdirty
06:28:40 PM   1418656   4165108   3296832     42.04    120028   2638676   5040524     64.27   4028040   1941604       252

06:28:39 PM     IFACE   rxpck/s   txpck/s    rxkB/s    txkB/s   rxcmp/s   txcmp/s  rxmcst/s   %ifutil
06:28:40 PM        lo      6.00      6.00      1.19      1.19      0.00      0.00      0.00      0.00
06:28:40 PM      eth0      6.00      3.00      1.33      0.36      0.00      0.00      0.00      0.00

06:28:40 PM     CPU     %user     %nice   %system   %iowait    %steal     %idle
06:28:41 PM     all      0.75      0.00      0.25      0.00      0.00     99.00

06:28:40 PM kbmemfree   kbavail kbmemused  %memused kbbuffers  kbcached  kbcommit   %commit  kbactive   kbinact   kbdirty
06:28:41 PM   1418624   4165076   3296856     42.04    120028   2638676   5040524     64.27   4028048   1941604       252

06:28:40 PM     IFACE   rxpck/s   txpck/s    rxkB/s    txkB/s   rxcmp/s   txcmp/s  rxmcst/s   %ifutil
06:28:41 PM        lo      6.00      6.00      1.19      1.19      0.00      0.00      0.00      0.00
06:28:41 PM      eth0      6.00      3.00      1.33      0.36      0.00      0.00      0.00      0.00

06:28:41 PM     CPU     %user     %nice   %system   %iowait    %steal     %idle
06:28:42 PM     all      0.25      0.00      0.00      0.00      0.00     99.75

06:28:41 PM kbmemfree   kbavail kbmemused  %memused kbbuffers  kbcached  kbcommit   %commit  kbactive   kbinact   kbdirty
06:28:42 PM   1418624   4165088   3296852     42.04    120028   2638680   5040524     64.27   4028112   1941608       256

06:28:41 PM     IFACE   rxpck/s   txpck/s    rxkB/s    txkB/s   rxcmp/s   txcmp/s  rxmcst/s   %ifutil
06:28:42 PM        lo     12.00     12.00      2.54      2.54      0.00      0.00      0.00      0.00
06:28:42 PM      eth0     11.00      6.00      2.41      0.61      0.00      0.00      0.00      0.00

06:28:42 PM     CPU     %user     %nice   %system   %iowait    %steal     %idle
06:28:43 PM     all      0.00      0.00      0.25      0.25      0.00     99.50

06:28:42 PM kbmemfree   kbavail kbmemused  %memused kbbuffers  kbcached  kbcommit   %commit  kbactive   kbinact   kbdirty
06:28:43 PM   1418560   4164936   3296996     42.04    120036   2638680   5040524     64.27   4028172   1941608       256

06:28:42 PM     IFACE   rxpck/s   txpck/s    rxkB/s    txkB/s   rxcmp/s   txcmp/s  rxmcst/s   %ifutil
06:28:43 PM        lo      6.00      6.00      1.19      1.19      0.00      0.00      0.00      0.00
06:28:43 PM      eth0      6.00      3.00      1.33      0.36      0.00      0.00      0.00      0.00

06:28:43 PM     CPU     %user     %nice   %system   %iowait    %steal     %idle
06:28:44 PM     all      0.25      0.00      0.00      0.00      0.00     99.75

06:28:43 PM kbmemfree   kbavail kbmemused  %memused kbbuffers  kbcached  kbcommit   %commit  kbactive   kbinact   kbdirty
06:28:44 PM   1418528   4164904   3297028     42.04    120036   2638680   5040524     64.27   4028172   1941608       256

06:28:43 PM     IFACE   rxpck/s   txpck/s    rxkB/s    txkB/s   rxcmp/s   txcmp/s  rxmcst/s   %ifutil
06:28:44 PM        lo      6.00      6.00      1.19      1.19      0.00      0.00      0.00      0.00
06:28:44 PM      eth0      6.00      3.00      1.33      0.36      0.00      0.00      0.00      0.00

06:28:44 PM     CPU     %user     %nice   %system   %iowait    %steal     %idle
06:28:45 PM     all      0.25      0.00      0.25      0.00      0.00     99.50

06:28:44 PM kbmemfree   kbavail kbmemused  %memused kbbuffers  kbcached  kbcommit   %commit  kbactive   kbinact   kbdirty
06:28:45 PM   1418464   4164848   3297092     42.04    120036   2638680   5040524     64.27   4028280   1941608       260

06:28:44 PM     IFACE   rxpck/s   txpck/s    rxkB/s    txkB/s   rxcmp/s   txcmp/s  rxmcst/s   %ifutil
06:28:45 PM        lo     13.00     13.00      2.12      2.12      0.00      0.00      0.00      0.00
06:28:45 PM      eth0     16.00     13.00      3.16      1.36      0.00      0.00      0.00      0.00

06:28:45 PM     CPU     %user     %nice   %system   %iowait    %steal     %idle
06:28:46 PM     all      1.00      0.00      0.00      0.00      0.00     99.00

06:28:45 PM kbmemfree   kbavail kbmemused  %memused kbbuffers  kbcached  kbcommit   %commit  kbactive   kbinact   kbdirty
06:28:46 PM   1418464   4164848   3297092     42.04    120036   2638680   5040524     64.27   4028400   1941608       260

06:28:45 PM     IFACE   rxpck/s   txpck/s    rxkB/s    txkB/s   rxcmp/s   txcmp/s  rxmcst/s   %ifutil
06:28:46 PM        lo      9.00      9.00      1.96      1.96      0.00      0.00      0.00      0.00
06:28:46 PM      eth0      6.00      3.00      1.33      0.36      0.00      0.00      0.00      0.00

06:28:46 PM     CPU     %user     %nice   %system   %iowait    %steal     %idle
06:28:47 PM     all      0.50      0.00      0.00      0.00      0.00     99.50

06:28:46 PM kbmemfree   kbavail kbmemused  %memused kbbuffers  kbcached  kbcommit   %commit  kbactive   kbinact   kbdirty
06:28:47 PM   1418400   4164784   3297156     42.04    120036   2638680   5040524     64.27   4028412   1941608       260

06:28:46 PM     IFACE   rxpck/s   txpck/s    rxkB/s    txkB/s   rxcmp/s   txcmp/s  rxmcst/s   %ifutil
06:28:47 PM        lo      6.00      6.00      1.19      1.19      0.00      0.00      0.00      0.00
06:28:47 PM      eth0      7.00      4.00      1.37      0.40      0.00      0.00      0.00      0.00

06:28:47 PM     CPU     %user     %nice   %system   %iowait    %steal     %idle
06:28:48 PM     all      0.25      0.00      0.00      0.00      0.00     99.75

06:28:47 PM kbmemfree   kbavail kbmemused  %memused kbbuffers  kbcached  kbcommit   %commit  kbactive   kbinact   kbdirty
06:28:48 PM   1418400   4164796   3297144     42.04    120044   2638684   5040524     64.27   4028472   1941612       268

06:28:47 PM     IFACE   rxpck/s   txpck/s    rxkB/s    txkB/s   rxcmp/s   txcmp/s  rxmcst/s   %ifutil
06:28:48 PM        lo      9.00      9.00      1.78      1.78      0.00      0.00      0.00      0.00
06:28:48 PM      eth0     10.00      5.00      2.37      0.57      0.00      0.00      0.00      0.00

06:28:48 PM     CPU     %user     %nice   %system   %iowait    %steal     %idle
06:28:49 PM     all      0.25      0.00      0.00      0.00      0.00     99.75

06:28:48 PM kbmemfree   kbavail kbmemused  %memused kbbuffers  kbcached  kbcommit   %commit  kbactive   kbinact   kbdirty
06:28:49 PM   1418272   4164672   3297268     42.04    120044   2638684   5040524     64.27   4028552   1941612       272

06:28:48 PM     IFACE   rxpck/s   txpck/s    rxkB/s    txkB/s   rxcmp/s   txcmp/s  rxmcst/s   %ifutil
06:28:49 PM        lo      5.94      5.94      1.18      1.18      0.00      0.00      0.00      0.00
06:28:49 PM      eth0      3.96      1.98      0.71      0.25      0.00      0.00      0.00      0.00

06:28:49 PM     CPU     %user     %nice   %system   %iowait    %steal     %idle
06:28:50 PM     all      0.75      0.00      0.25      0.00      0.00     99.00

06:28:49 PM kbmemfree   kbavail kbmemused  %memused kbbuffers  kbcached  kbcommit   %commit  kbactive   kbinact   kbdirty
06:28:50 PM   1418112   4164876   3297064     42.04    120044   2638684   5040524     64.27   4028712   1941612       272

06:28:49 PM     IFACE   rxpck/s   txpck/s    rxkB/s    txkB/s   rxcmp/s   txcmp/s  rxmcst/s   %ifutil
06:28:50 PM        lo      9.00      9.00      1.96      1.96      0.00      0.00      0.00      0.00
06:28:50 PM      eth0     12.00      8.00      2.12      0.86      0.00      0.00      0.00      0.00

06:28:50 PM     CPU     %user     %nice   %system   %iowait    %steal     %idle
06:28:51 PM     all      1.76      0.00      0.25      0.00      0.00     97.98

06:28:50 PM kbmemfree   kbavail kbmemused  %memused kbbuffers  kbcached  kbcommit   %commit  kbactive   kbinact   kbdirty
06:28:51 PM   1414608   4164124   3297812     42.05    120044   2640980   5040524     64.27   4028896   1943904      2576

06:28:50 PM     IFACE   rxpck/s   txpck/s    rxkB/s    txkB/s   rxcmp/s   txcmp/s  rxmcst/s   %ifutil
06:28:51 PM        lo     12.00     12.00      2.38      2.38      0.00      0.00      0.00      0.00
06:28:51 PM      eth0   1675.00    149.00   2399.90     11.54      0.00      0.00      0.00      0.00

06:28:51 PM     CPU     %user     %nice   %system   %iowait    %steal     %idle
06:28:52 PM     all      0.50      0.00      0.50      0.00      0.00     99.00

06:28:51 PM kbmemfree   kbavail kbmemused  %memused kbbuffers  kbcached  kbcommit   %commit  kbactive   kbinact   kbdirty
06:28:52 PM   1414608   4164124   3297812     42.05    120044   2640980   5040524     64.27   4028900   1943904      2576

06:28:51 PM     IFACE   rxpck/s   txpck/s    rxkB/s    txkB/s   rxcmp/s   txcmp/s  rxmcst/s   %ifutil
06:28:52 PM        lo      6.00      6.00      1.19      1.19      0.00      0.00      0.00      0.00
06:28:52 PM      eth0      8.00      5.00      1.43      1.78      0.00      0.00      0.00      0.00

06:28:52 PM     CPU     %user     %nice   %system   %iowait    %steal     %idle
06:28:53 PM     all      0.75      0.00      0.00      0.00      0.00     99.25

06:28:52 PM kbmemfree   kbavail kbmemused  %memused kbbuffers  kbcached  kbcommit   %commit  kbactive   kbinact   kbdirty
06:28:53 PM   1414576   4164100   3297836     42.05    120048   2640984   5040524     64.27   4028984   1943908      2624

06:28:52 PM     IFACE   rxpck/s   txpck/s    rxkB/s    txkB/s   rxcmp/s   txcmp/s  rxmcst/s   %ifutil
06:28:53 PM        lo      6.00      6.00      1.19      1.19      0.00      0.00      0.00      0.00
06:28:53 PM      eth0      6.00      3.00      1.33      0.36      0.00      0.00      0.00      0.00

06:28:53 PM     CPU     %user     %nice   %system   %iowait    %steal     %idle
06:28:54 PM     all      0.50      0.00      0.00      0.00      0.00     99.50

06:28:53 PM kbmemfree   kbavail kbmemused  %memused kbbuffers  kbcached  kbcommit   %commit  kbactive   kbinact   kbdirty
06:28:54 PM   1414608   4164132   3297800     42.05    120048   2640988   5040524     64.27   4029028   1943908      2632

06:28:53 PM     IFACE   rxpck/s   txpck/s    rxkB/s    txkB/s   rxcmp/s   txcmp/s  rxmcst/s   %ifutil
06:28:54 PM        lo     12.00     12.00      2.54      2.54      0.00      0.00      0.00      0.00
06:28:54 PM      eth0     10.00      5.00      2.37      0.57      0.00      0.00      0.00      0.00

06:28:54 PM     CPU     %user     %nice   %system   %iowait    %steal     %idle
06:28:55 PM     all      0.51      0.00      0.00      0.00      0.00     99.49

06:28:54 PM kbmemfree   kbavail kbmemused  %memused kbbuffers  kbcached  kbcommit   %commit  kbactive   kbinact   kbdirty
06:28:55 PM   1414608   4164140   3297800     42.05    120048   2640988   5040524     64.27   4029172   1943916      2636

06:28:54 PM     IFACE   rxpck/s   txpck/s    rxkB/s    txkB/s   rxcmp/s   txcmp/s  rxmcst/s   %ifutil
06:28:55 PM        lo      6.00      6.00      1.19      1.19      0.00      0.00      0.00      0.00
06:28:55 PM      eth0     15.00      8.00      2.94      0.99      0.00      0.00      0.00      0.00

06:28:55 PM     CPU     %user     %nice   %system   %iowait    %steal     %idle
06:28:56 PM     all      0.25      0.00      0.00      0.00      0.00     99.75

06:28:55 PM kbmemfree   kbavail kbmemused  %memused kbbuffers  kbcached  kbcommit   %commit  kbactive   kbinact   kbdirty
06:28:56 PM   1414608   4164140   3297800     42.05    120048   2640988   5040524     64.27   4029172   1943916      2636

06:28:55 PM     IFACE   rxpck/s   txpck/s    rxkB/s    txkB/s   rxcmp/s   txcmp/s  rxmcst/s   %ifutil
06:28:56 PM        lo      6.00      6.00      1.19      1.19      0.00      0.00      0.00      0.00
06:28:56 PM      eth0      6.00      3.00      1.21      0.36      0.00      0.00      0.00      0.00

06:28:56 PM     CPU     %user     %nice   %system   %iowait    %steal     %idle
06:28:57 PM     all      2.00      0.00      0.00      0.00      0.00     98.00

06:28:56 PM kbmemfree   kbavail kbmemused  %memused kbbuffers  kbcached  kbcommit   %commit  kbactive   kbinact   kbdirty
06:28:57 PM   1414292   4163824   3298116     42.05    120048   2640988   5040524     64.27   4029308   1943916      2636

06:28:56 PM     IFACE   rxpck/s   txpck/s    rxkB/s    txkB/s   rxcmp/s   txcmp/s  rxmcst/s   %ifutil
06:28:57 PM        lo      9.00      9.00      1.78      1.78      0.00      0.00      0.00      0.00
06:28:57 PM      eth0     32.00     21.00      5.84      2.55      0.00      0.00      0.00      0.00

06:28:57 PM     CPU     %user     %nice   %system   %iowait    %steal     %idle
06:28:58 PM     all      4.52      0.00      2.76      0.00      0.00     92.71

06:28:57 PM kbmemfree   kbavail kbmemused  %memused kbbuffers  kbcached  kbcommit   %commit  kbactive   kbinact   kbdirty
06:28:58 PM   1462332   4155328   3306956     42.17    120056   2593524   5040524     64.27   4036720   1896452      2644

06:28:57 PM     IFACE   rxpck/s   txpck/s    rxkB/s    txkB/s   rxcmp/s   txcmp/s  rxmcst/s   %ifutil
06:28:58 PM        lo     27.00     27.00      4.48      4.48      0.00      0.00      0.00      0.00
06:28:58 PM      eth0     18.00     14.00      2.23      1.62      0.00      0.00      0.00      0.00

06:28:58 PM     CPU     %user     %nice   %system   %iowait    %steal     %idle
06:28:59 PM     all      5.29      0.00     18.64      0.00      0.00     76.07

06:28:58 PM kbmemfree   kbavail kbmemused  %memused kbbuffers  kbcached  kbcommit   %commit  kbactive   kbinact   kbdirty
06:28:59 PM   2009700   4158136   3308064     42.18    120056   2158312   5040524     64.27   4037964   1461236      2424

06:28:58 PM     IFACE   rxpck/s   txpck/s    rxkB/s    txkB/s   rxcmp/s   txcmp/s  rxmcst/s   %ifutil
06:28:59 PM        lo      3.00      3.00      0.42      0.42      0.00      0.00      0.00      0.00
06:28:59 PM      eth0      4.00      2.00      0.72      0.26      0.00      0.00      0.00      0.00
