Linux 5.4.0-216-generic (master) 	12/20/2025 	_x86_64_	(4 CPU)

10:33:59 PM     CPU     %user     %nice   %system   %iowait    %steal     %idle
10:34:00 PM     all     44.03      0.00      3.48      0.00      0.00     52.49

10:33:59 PM kbmemfree   kbavail kbmemused  %memused kbbuffers  kbcached  kbcommit   %commit  kbactive   kbinact   kbdirty
10:34:00 PM   2500880   4773148   2688356     34.28    150580   2232964   4275988     54.52   3379292   1605932      3556

10:33:59 PM     IFACE   rxpck/s   txpck/s    rxkB/s    txkB/s   rxcmp/s   txcmp/s  rxmcst/s   %ifutil
10:34:00 PM        lo     30.00     30.00      2.80      2.80      0.00      0.00      0.00      0.00
10:34:00 PM      eth0     20.00     13.00      2.24      2.07      0.00      0.00      0.00      0.00

10:34:00 PM     CPU     %user     %nice   %system   %iowait    %steal     %idle
10:34:01 PM     all     36.09      0.00      8.52      0.00      0.00     55.39

10:34:00 PM kbmemfree   kbavail kbmemused  %memused kbbuffers  kbcached  kbcommit   %commit  kbactive   kbinact   kbdirty
10:34:01 PM   2366196   4708348   2753028     35.10    150580   2291864   4401784     56.13   3443380   1664748     62372

10:34:00 PM     IFACE   rxpck/s   txpck/s    rxkB/s    txkB/s   rxcmp/s   txcmp/s  rxmcst/s   %ifutil
10:34:01 PM        lo     18.00     18.00      1.72      1.72      0.00      0.00      0.00      0.00
10:34:01 PM      eth0     15.00      9.00      1.72      1.24      0.00      0.00      0.00      0.00

10:34:01 PM     CPU     %user     %nice   %system   %iowait    %steal     %idle
10:34:02 PM     all     23.48      0.00     12.12      0.00      0.00     64.39

10:34:01 PM kbmemfree   kbavail kbmemused  %memused kbbuffers  kbcached  kbcommit   %commit  kbactive   kbinact   kbdirty
10:34:02 PM   2175240   4608908   2851828     36.36    150580   2364656   4546556     57.97   3540964   1737676    135140

10:34:01 PM     IFACE   rxpck/s   txpck/s    rxkB/s    txkB/s   rxcmp/s   txcmp/s  rxmcst/s   %ifutil
10:34:02 PM        lo     47.00     47.00      7.40      7.40      0.00      0.00      0.00      0.00
10:34:02 PM      eth0     29.00     19.00      4.95      4.82      0.00      0.00      0.00      0.00

10:34:02 PM     CPU     %user     %nice   %system   %iowait    %steal     %idle
10:34:03 PM     all     16.50      0.00     10.25      0.00      0.00     73.25

10:34:02 PM kbmemfree   kbavail kbmemused  %memused kbbuffers  kbcached  kbcommit   %commit  kbactive   kbinact   kbdirty
10:34:03 PM   2004176   4537780   2922000     37.26    150580   2444140   4556120     58.09   3611340   1817048    214404

10:34:02 PM     IFACE   rxpck/s   txpck/s    rxkB/s    txkB/s   rxcmp/s   txcmp/s  rxmcst/s   %ifutil
10:34:03 PM        lo     31.00     31.00      5.45      5.45      0.00      0.00      0.00      0.00
10:34:03 PM      eth0     22.00     13.00      2.64      4.43      0.00      0.00      0.00      0.00

10:34:03 PM     CPU     %user     %nice   %system   %iowait    %steal     %idle
10:34:04 PM     all     19.35      0.00      8.29      0.75      0.00     71.61

10:34:03 PM kbmemfree   kbavail kbmemused  %memused kbbuffers  kbcached  kbcommit   %commit  kbactive   kbinact   kbdirty
10:34:04 PM   1799664   4453304   3006080     38.33    150592   2546840   4718088     60.16   3695932   1920004    317208

10:34:03 PM     IFACE   rxpck/s   txpck/s    rxkB/s    txkB/s   rxcmp/s   txcmp/s  rxmcst/s   %ifutil
10:34:04 PM        lo     18.00     18.00      1.70      1.70      0.00      0.00      0.00      0.00
10:34:04 PM      eth0     13.00      8.00      1.58      1.18      0.00      0.00      0.00      0.00

10:34:04 PM     CPU     %user     %nice   %system   %iowait    %steal     %idle
10:34:05 PM     all     19.80      0.00     12.28      1.25      0.00     66.67

10:34:04 PM kbmemfree   kbavail kbmemused  %memused kbbuffers  kbcached  kbcommit   %commit  kbactive   kbinact   kbdirty
10:34:05 PM   1624660   4372760   3085656     39.35    150600   2622964   4812248     61.36   3777416   1995960    413536

10:34:04 PM     IFACE   rxpck/s   txpck/s    rxkB/s    txkB/s   rxcmp/s   txcmp/s  rxmcst/s   %ifutil
10:34:05 PM        lo     47.00     47.00      9.39      9.39      0.00      0.00      0.00      0.00
10:34:05 PM      eth0     37.00     23.00      7.55      5.07      0.00      0.00      0.00      0.00

10:34:05 PM     CPU     %user     %nice   %system   %iowait    %steal     %idle
10:34:06 PM     all     17.05      0.00     13.74      4.07      0.00     65.14

10:34:05 PM kbmemfree   kbavail kbmemused  %memused kbbuffers  kbcached  kbcommit   %commit  kbactive   kbinact   kbdirty
10:34:06 PM   1388856   4226540   3230808     41.20    150600   2693096   4958772     63.23   3921092   2066164    402672

10:34:05 PM     IFACE   rxpck/s   txpck/s    rxkB/s    txkB/s   rxcmp/s   txcmp/s  rxmcst/s   %ifutil
10:34:06 PM        lo     57.00     57.00      7.82      7.82      0.00      0.00      0.00      0.00
10:34:06 PM      eth0     33.00     25.00      5.83      4.44      0.00      0.00      0.00      0.00

10:34:06 PM     CPU     %user     %nice   %system   %iowait    %steal     %idle
10:34:07 PM     all     46.45      0.00      3.81      1.52      0.00     48.22

10:34:06 PM kbmemfree   kbavail kbmemused  %memused kbbuffers  kbcached  kbcommit   %commit  kbactive   kbinact   kbdirty
10:34:07 PM   1349748   4210840   3246720     41.40    150600   2712316   4966428     63.33   3938104   2085428    402260

10:34:06 PM     IFACE   rxpck/s   txpck/s    rxkB/s    txkB/s   rxcmp/s   txcmp/s  rxmcst/s   %ifutil
10:34:07 PM        lo     32.00     32.00      2.91      2.91      0.00      0.00      0.00      0.00
10:34:07 PM      eth0     15.00     13.00      1.87      1.60      0.00      0.00      0.00      0.00

10:34:07 PM     CPU     %user     %nice   %system   %iowait    %steal     %idle
10:34:08 PM     all     38.90      0.00      3.74      1.50      0.00     55.86

10:34:07 PM kbmemfree   kbavail kbmemused  %memused kbbuffers  kbcached  kbcommit   %commit  kbactive   kbinact   kbdirty
10:34:08 PM   1289260   4150632   3306496     42.16    150600   2712560   4953976     63.17   3997496   2085668    372540

10:34:07 PM     IFACE   rxpck/s   txpck/s    rxkB/s    txkB/s   rxcmp/s   txcmp/s  rxmcst/s   %ifutil
10:34:08 PM        lo    150.00    150.00    253.86    253.86      0.00      0.00      0.00      0.00
10:34:08 PM      eth0     85.00     63.00     11.74    243.55      0.00      0.00      0.00      0.00

10:34:08 PM     CPU     %user     %nice   %system   %iowait    %steal     %idle
10:34:09 PM     all     24.30      0.00      9.37     15.95      0.00     50.38

10:34:08 PM kbmemfree   kbavail kbmemused  %memused kbbuffers  kbcached  kbcommit   %commit  kbactive   kbinact   kbdirty
10:34:09 PM   1257528   4118944   3338016     42.56    150624   2712656   4980280     63.50   4029784   2085764    165188

10:34:08 PM     IFACE   rxpck/s   txpck/s    rxkB/s    txkB/s   rxcmp/s   txcmp/s  rxmcst/s   %ifutil
10:34:09 PM        lo     72.00     72.00     30.74     30.74      0.00      0.00      0.00      0.00
10:34:09 PM      eth0     51.00     28.00     14.04     17.59      0.00      0.00      0.00      0.00

10:34:09 PM     CPU     %user     %nice   %system   %iowait    %steal     %idle
10:34:10 PM     all      7.29      0.00      3.52     26.88      0.00     62.31

10:34:09 PM kbmemfree   kbavail kbmemused  %memused kbbuffers  kbcached  kbcommit   %commit  kbactive   kbinact   kbdirty
10:34:10 PM   1250556   4112064   3344344     42.64    150648   2712664   4980280     63.50   4035484   2085676    103504

10:34:09 PM     IFACE   rxpck/s   txpck/s    rxkB/s    txkB/s   rxcmp/s   txcmp/s  rxmcst/s   %ifutil
10:34:10 PM        lo     75.00     75.00     18.38     18.38      0.00      0.00      0.00      0.00
10:34:10 PM      eth0     57.00     48.00      8.82     16.85      0.00      0.00      0.00      0.00

10:34:10 PM     CPU     %user     %nice   %system   %iowait    %steal     %idle
10:34:11 PM     all      2.52      0.00      0.25      0.00      0.00     97.23

10:34:10 PM kbmemfree   kbavail kbmemused  %memused kbbuffers  kbcached  kbcommit   %commit  kbactive   kbinact   kbdirty
10:34:11 PM   1251328   4112836   3344684     42.65    150648   2712664   4980280     63.50   4035832   2085676    103504

10:34:10 PM     IFACE   rxpck/s   txpck/s    rxkB/s    txkB/s   rxcmp/s   txcmp/s  rxmcst/s   %ifutil
10:34:11 PM        lo     39.00     39.00     12.14     12.14      0.00      0.00      0.00      0.00
10:34:11 PM      eth0     30.00     18.00      4.25      9.94      0.00      0.00      0.00      0.00

10:34:11 PM     CPU     %user     %nice   %system   %iowait    %steal     %idle
10:34:12 PM     all      1.75      0.00      0.00      0.00      0.00     98.25

10:34:11 PM kbmemfree   kbavail kbmemused  %memused kbbuffers  kbcached  kbcommit   %commit  kbactive   kbinact   kbdirty
10:34:12 PM   1250696   4112208   3345308     42.66    150648   2712672   4980280     63.50   4036132   2085680    103512

10:34:11 PM     IFACE   rxpck/s   txpck/s    rxkB/s    txkB/s   rxcmp/s   txcmp/s  rxmcst/s   %ifutil
10:34:12 PM        lo     28.00     28.00      3.05      3.05      0.00      0.00      0.00      0.00
10:34:12 PM      eth0     23.00     19.00      3.12      2.36      0.00      0.00      0.00      0.00

10:34:12 PM     CPU     %user     %nice   %system   %iowait    %steal     %idle
10:34:13 PM     all      0.75      0.00      0.00      0.00      0.00     99.25

10:34:12 PM kbmemfree   kbavail kbmemused  %memused kbbuffers  kbcached  kbcommit   %commit  kbactive   kbinact   kbdirty
10:34:13 PM   1250664   4112180   3345340     42.66    150648   2712672   4980280     63.50   4036336   2085684    103512

10:34:12 PM     IFACE   rxpck/s   txpck/s    rxkB/s    txkB/s   rxcmp/s   txcmp/s  rxmcst/s   %ifutil
10:34:13 PM        lo     21.00     21.00      2.46      2.46      0.00      0.00      0.00      0.00
10:34:13 PM      eth0     13.00      9.00      1.30      1.35      0.00      0.00      0.00      0.00

10:34:13 PM     CPU     %user     %nice   %system   %iowait    %steal     %idle
10:34:14 PM     all      0.25      0.00      0.25      0.25      0.00     99.24

10:34:13 PM kbmemfree   kbavail kbmemused  %memused kbbuffers  kbcached  kbcommit   %commit  kbactive   kbinact   kbdirty
10:34:14 PM   1250464   4111980   3345540     42.66    150660   2712664   4980280     63.50   4036408   2085684    104032

10:34:13 PM     IFACE   rxpck/s   txpck/s    rxkB/s    txkB/s   rxcmp/s   txcmp/s  rxmcst/s   %ifutil
10:34:14 PM        lo     29.00     29.00      3.97      3.97      0.00      0.00      0.00      0.00
10:34:14 PM      eth0     19.00     12.00      2.98      2.50      0.00      0.00      0.00      0.00

10:34:14 PM     CPU     %user     %nice   %system   %iowait    %steal     %idle
10:34:15 PM     all      1.50      0.00      0.25      0.00      0.00     98.25

10:34:14 PM kbmemfree   kbavail kbmemused  %memused kbbuffers  kbcached  kbcommit   %commit  kbactive   kbinact   kbdirty
10:34:15 PM   1249636   4111436   3346124     42.67    150660   2712924   4980280     63.50   4036752   2085936    104344

10:34:14 PM     IFACE   rxpck/s   txpck/s    rxkB/s    txkB/s   rxcmp/s   txcmp/s  rxmcst/s   %ifutil
10:34:15 PM        lo     36.00     36.00     11.95     11.95      0.00      0.00      0.00      0.00
10:34:15 PM      eth0    240.00     72.00    262.49     15.92      0.00      0.00      0.00      0.00

10:34:15 PM     CPU     %user     %nice   %system   %iowait    %steal     %idle
10:34:16 PM     all      0.51      0.00      0.00      0.00      0.00     99.49

10:34:15 PM kbmemfree   kbavail kbmemused  %memused kbbuffers  kbcached  kbcommit   %commit  kbactive   kbinact   kbdirty
10:34:16 PM   1249572   4111372   3346188     42.67    150660   2712924   4980280     63.50   4036752   2085936    104344

10:34:15 PM     IFACE   rxpck/s   txpck/s    rxkB/s    txkB/s   rxcmp/s   txcmp/s  rxmcst/s   %ifutil
10:34:16 PM        lo     20.00     20.00      2.38      2.38      0.00      0.00      0.00      0.00
10:34:16 PM      eth0     24.00     19.00      3.29      3.25      0.00      0.00      0.00      0.00

10:34:16 PM     CPU     %user     %nice   %system   %iowait    %steal     %idle
10:34:17 PM     all      2.25      0.00      0.25      0.00      0.00     97.50

10:34:16 PM kbmemfree   kbavail kbmemused  %memused kbbuffers  kbcached  kbcommit   %commit  kbactive   kbinact   kbdirty
10:34:17 PM   1247744   4109548   3348012     42.69    150660   2712928   4980280     63.50   4038324   2085940    104348

10:34:16 PM     IFACE   rxpck/s   txpck/s    rxkB/s    txkB/s   rxcmp/s   txcmp/s  rxmcst/s   %ifutil
10:34:17 PM        lo     34.00     34.00      3.82      3.82      0.00      0.00      0.00      0.00
10:34:17 PM      eth0     72.00     50.00     11.28      6.27      0.00      0.00      0.00      0.00

10:34:17 PM     CPU     %user     %nice   %system   %iowait    %steal     %idle
10:34:18 PM     all      0.25      0.00      0.25      0.00      0.00     99.50

10:34:17 PM kbmemfree   kbavail kbmemused  %memused kbbuffers  kbcached  kbcommit   %commit  kbactive   kbinact   kbdirty
10:34:18 PM   1247616   4109424   3348136     42.69    150660   2712932   4980280     63.50   4038404   2085944    104352

10:34:17 PM     IFACE   rxpck/s   txpck/s    rxkB/s    txkB/s   rxcmp/s   txcmp/s  rxmcst/s   %ifutil
10:34:18 PM        lo     24.00     24.00      3.23      3.23      0.00      0.00      0.00      0.00
10:34:18 PM      eth0     16.00     10.00      2.21      2.58      0.00      0.00      0.00      0.00

10:34:18 PM     CPU     %user     %nice   %system   %iowait    %steal     %idle
10:34:19 PM     all      1.25      0.00      0.25      0.25      0.00     98.25

10:34:18 PM kbmemfree   kbavail kbmemused  %memused kbbuffers  kbcached  kbcommit   %commit  kbactive   kbinact   kbdirty
10:34:19 PM   1247552   4109360   3348200     42.69    150668   2712924   4980280     63.50   4038576   2085944    104352

10:34:18 PM     IFACE   rxpck/s   txpck/s    rxkB/s    txkB/s   rxcmp/s   txcmp/s  rxmcst/s   %ifutil
10:34:19 PM        lo     39.00     39.00     11.72     11.72      0.00      0.00      0.00      0.00
10:34:19 PM      eth0     27.00     16.00      3.57      9.98      0.00      0.00      0.00      0.00

10:34:19 PM     CPU     %user     %nice   %system   %iowait    %steal     %idle
10:34:20 PM     all      0.75      0.00      0.00      0.00      0.00     99.25

10:34:19 PM kbmemfree   kbavail kbmemused  %memused kbbuffers  kbcached  kbcommit   %commit  kbactive   kbinact   kbdirty
10:34:20 PM   1247520   4109164   3348396     42.70    150668   2712760   4980280     63.50   4038472   2085772    104180

10:34:19 PM     IFACE   rxpck/s   txpck/s    rxkB/s    txkB/s   rxcmp/s   txcmp/s  rxmcst/s   %ifutil
10:34:20 PM        lo     26.00     26.00      3.28      3.28      0.00      0.00      0.00      0.00
10:34:20 PM      eth0     36.00     22.00      5.71      2.96      0.00      0.00      0.00      0.00

10:34:20 PM     CPU     %user     %nice   %system   %iowait    %steal     %idle
10:34:21 PM     all      1.25      0.00      0.25      0.00      0.00     98.50

10:34:20 PM kbmemfree   kbavail kbmemused  %memused kbbuffers  kbcached  kbcommit   %commit  kbactive   kbinact   kbdirty
10:34:21 PM   1247072   4109036   3348524     42.70    150668   2712696   4980280     63.50   4038596   2085708    104116

10:34:20 PM     IFACE   rxpck/s   txpck/s    rxkB/s    txkB/s   rxcmp/s   txcmp/s  rxmcst/s   %ifutil
10:34:21 PM        lo     24.00     24.00      2.73      2.73      0.00      0.00      0.00      0.00
10:34:21 PM      eth0     27.00     16.00      3.57      4.03      0.00      0.00      0.00      0.00

10:34:21 PM     CPU     %user     %nice   %system   %iowait    %steal     %idle
10:34:22 PM     all      0.76      0.00      0.00      0.00      0.00     99.24

10:34:21 PM kbmemfree   kbavail kbmemused  %memused kbbuffers  kbcached  kbcommit   %commit  kbactive   kbinact   kbdirty
10:34:22 PM   1246976   4108940   3348620     42.70    150668   2712696   4980280     63.50   4038548   2085708    104116

10:34:21 PM     IFACE   rxpck/s   txpck/s    rxkB/s    txkB/s   rxcmp/s   txcmp/s  rxmcst/s   %ifutil
10:34:22 PM        lo     27.00     27.00      3.53      3.53      0.00      0.00      0.00      0.00
10:34:22 PM      eth0     17.00     10.00      2.45      1.51      0.00      0.00      0.00      0.00

10:34:22 PM     CPU     %user     %nice   %system   %iowait    %steal     %idle
10:34:23 PM     all      1.26      0.00      0.00      0.00      0.00     98.74

10:34:22 PM kbmemfree   kbavail kbmemused  %memused kbbuffers  kbcached  kbcommit   %commit  kbactive   kbinact   kbdirty
10:34:23 PM   1246672   4108956   3348596     42.70    150668   2712704   4980280     63.50   4038600   2085708    104124

10:34:22 PM     IFACE   rxpck/s   txpck/s    rxkB/s    txkB/s   rxcmp/s   txcmp/s  rxmcst/s   %ifutil
10:34:23 PM        lo     45.00     45.00     12.49     12.49      0.00      0.00      0.00      0.00
10:34:23 PM      eth0     32.00     20.00      4.68     10.38      0.00      0.00      0.00      0.00

10:34:23 PM     CPU     %user     %nice   %system   %iowait    %steal     %idle
10:34:24 PM     all      0.75      0.00      0.00      0.00      0.00     99.25

10:34:23 PM kbmemfree   kbavail kbmemused  %memused kbbuffers  kbcached  kbcommit   %commit  kbactive   kbinact   kbdirty
10:34:24 PM   1245988   4108664   3348880     42.70    150676   2712704   4980280     63.50   4038628   2085708    104124

10:34:23 PM     IFACE   rxpck/s   txpck/s    rxkB/s    txkB/s   rxcmp/s   txcmp/s  rxmcst/s   %ifutil
10:34:24 PM        lo     21.00     21.00      2.50      2.50      0.00      0.00      0.00      0.00
10:34:24 PM      eth0     15.00      9.00      2.19      1.38      0.00      0.00      0.00      0.00

10:34:24 PM     CPU     %user     %nice   %system   %iowait    %steal     %idle
10:34:25 PM     all      0.25      0.00      0.00      0.00      0.00     99.75

10:34:24 PM kbmemfree   kbavail kbmemused  %memused kbbuffers  kbcached  kbcommit   %commit  kbactive   kbinact   kbdirty
10:34:25 PM   1245416   4108280   3349268     42.71    150676   2712704   4980280     63.50   4038688   2085712    104124

10:34:24 PM     IFACE   rxpck/s   txpck/s    rxkB/s    txkB/s   rxcmp/s   txcmp/s  rxmcst/s   %ifutil
10:34:25 PM        lo     26.00     26.00      2.89      2.89      0.00      0.00      0.00      0.00
10:34:25 PM      eth0     22.00     14.00      2.71      1.86      0.00      0.00      0.00      0.00

10:34:25 PM     CPU     %user     %nice   %system   %iowait    %steal     %idle
10:34:26 PM     all      1.00      0.00      0.50      0.00      0.00     98.50

10:34:25 PM kbmemfree   kbavail kbmemused  %memused kbbuffers  kbcached  kbcommit   %commit  kbactive   kbinact   kbdirty
10:34:26 PM   1245384   4108400   3349152     42.70    150676   2712704   4980280     63.50   4038736   2085716    104124

10:34:25 PM     IFACE   rxpck/s   txpck/s    rxkB/s    txkB/s   rxcmp/s   txcmp/s  rxmcst/s   %ifutil
10:34:26 PM        lo     27.00     27.00      3.83      3.83      0.00      0.00      0.00      0.00
10:34:26 PM      eth0     21.00     12.00      3.36      1.62      0.00      0.00      0.00      0.00

10:34:26 PM     CPU     %user     %nice   %system   %iowait    %steal     %idle
10:34:27 PM     all      0.50      0.00      0.00      0.00      0.00     99.50

10:34:26 PM kbmemfree   kbavail kbmemused  %memused kbbuffers  kbcached  kbcommit   %commit  kbactive   kbinact   kbdirty
10:34:27 PM   1245068   4108092   3349468     42.71    150676   2712704   4980280     63.50   4038932   2085716    104124

10:34:26 PM     IFACE   rxpck/s   txpck/s    rxkB/s    txkB/s   rxcmp/s   txcmp/s  rxmcst/s   %ifutil
10:34:27 PM        lo     41.00     41.00     11.95     11.95      0.00      0.00      0.00      0.00
10:34:27 PM      eth0     27.00     18.00      3.59     11.60      0.00      0.00      0.00      0.00

10:34:27 PM     CPU     %user     %nice   %system   %iowait    %steal     %idle
10:34:28 PM     all      0.50      0.00      0.00      0.00      0.00     99.50

10:34:27 PM kbmemfree   kbavail kbmemused  %memused kbbuffers  kbcached  kbcommit   %commit  kbactive   kbinact   kbdirty
10:34:28 PM   1244972   4107996   3349564     42.71    150676   2712704   4980280     63.50   4038944   2085716    104128

10:34:27 PM     IFACE   rxpck/s   txpck/s    rxkB/s    txkB/s   rxcmp/s   txcmp/s  rxmcst/s   %ifutil
10:34:28 PM        lo     25.00     25.00      2.82      2.82      0.00      0.00      0.00      0.00
10:34:28 PM      eth0     20.00     17.00      2.81      2.13      0.00      0.00      0.00      0.00

10:34:28 PM     CPU     %user     %nice   %system   %iowait    %steal     %idle
10:34:29 PM     all      0.75      0.00      0.25      0.00      0.00     98.99

10:34:28 PM kbmemfree   kbavail kbmemused  %memused kbbuffers  kbcached  kbcommit   %commit  kbactive   kbinact   kbdirty
10:34:29 PM   1244876   4107908   3349652     42.71    150684   2712704   4980280     63.50   4039020   2085724    104136

10:34:28 PM     IFACE   rxpck/s   txpck/s    rxkB/s    txkB/s   rxcmp/s   txcmp/s  rxmcst/s   %ifutil
10:34:29 PM        lo     24.00     24.00      3.06      3.06      0.00      0.00      0.00      0.00
10:34:29 PM      eth0     19.00     11.00      3.23      1.57      0.00      0.00      0.00      0.00

10:34:29 PM     CPU     %user     %nice   %system   %iowait    %steal     %idle
10:34:30 PM     all      1.00      0.00      0.00      0.00      0.00     99.00

10:34:29 PM kbmemfree   kbavail kbmemused  %memused kbbuffers  kbcached  kbcommit   %commit  kbactive   kbinact   kbdirty
10:34:30 PM   1244844   4107884   3349676     42.71    150684   2712712   4980280     63.50   4039008   2085724    104140

10:34:29 PM     IFACE   rxpck/s   txpck/s    rxkB/s    txkB/s   rxcmp/s   txcmp/s  rxmcst/s   %ifutil
10:34:30 PM        lo     26.00     26.00      3.39      3.39      0.00      0.00      0.00      0.00
10:34:30 PM      eth0     17.00     11.00      2.29      1.57      0.00      0.00      0.00      0.00

10:34:30 PM     CPU     %user     %nice   %system   %iowait    %steal     %idle
10:34:31 PM     all      1.50      0.00      0.75      0.00      0.00     97.74

10:34:30 PM kbmemfree   kbavail kbmemused  %memused kbbuffers  kbcached  kbcommit   %commit  kbactive   kbinact   kbdirty
10:34:31 PM   1242492   4106220   3351260     42.73    150684   2713480   4980280     63.50   4040672   2086412    104828

10:34:30 PM     IFACE   rxpck/s   txpck/s    rxkB/s    txkB/s   rxcmp/s   txcmp/s  rxmcst/s   %ifutil
10:34:31 PM        lo     41.00     41.00     12.23     12.23      0.00      0.00      0.00      0.00
10:34:31 PM      eth0    657.00     93.00    860.14     16.61      0.00      0.00      0.00      0.00

10:34:31 PM     CPU     %user     %nice   %system   %iowait    %steal     %idle
10:34:32 PM     all      1.49      0.00      0.00      0.00      0.00     98.51

10:34:31 PM kbmemfree   kbavail kbmemused  %memused kbbuffers  kbcached  kbcommit   %commit  kbactive   kbinact   kbdirty
10:34:32 PM   1242400   4106324   3351236     42.73    150684   2713528   4980280     63.50   4040804   2086540    104960

10:34:31 PM     IFACE   rxpck/s   txpck/s    rxkB/s    txkB/s   rxcmp/s   txcmp/s  rxmcst/s   %ifutil
10:34:32 PM        lo     31.00     31.00      3.58      3.58      0.00      0.00      0.00      0.00
10:34:32 PM      eth0     22.00     17.00      3.54      2.56      0.00      0.00      0.00      0.00

10:34:32 PM     CPU     %user     %nice   %system   %iowait    %steal     %idle
10:34:33 PM     all      0.00      0.00      0.00      0.00      0.00    100.00

10:34:32 PM kbmemfree   kbavail kbmemused  %memused kbbuffers  kbcached  kbcommit   %commit  kbactive   kbinact   kbdirty
10:34:33 PM   1242116   4106040   3351520     42.74    150684   2713528   4980280     63.50   4040888   2086540    104960

10:34:32 PM     IFACE   rxpck/s   txpck/s    rxkB/s    txkB/s   rxcmp/s   txcmp/s  rxmcst/s   %ifutil
10:34:33 PM        lo     21.00     21.00      2.46      2.46      0.00      0.00      0.00      0.00
10:34:33 PM      eth0     15.00      9.00      2.19      1.33      0.00      0.00      0.00      0.00

10:34:33 PM     CPU     %user     %nice   %system   %iowait    %steal     %idle
10:34:34 PM     all      0.50      0.00      0.50      0.00      0.00     98.99

10:34:33 PM kbmemfree   kbavail kbmemused  %memused kbbuffers  kbcached  kbcommit   %commit  kbactive   kbinact   kbdirty
10:34:34 PM   1241800   4105724   3351828     42.74    150688   2713532   4980280     63.50   4040824   2086540    104972

10:34:33 PM     IFACE   rxpck/s   txpck/s    rxkB/s    txkB/s   rxcmp/s   txcmp/s  rxmcst/s   %ifutil
10:34:34 PM        lo     24.00     24.00      3.23      3.23      0.00      0.00      0.00      0.00
10:34:34 PM      eth0     15.00      9.00      2.19      1.35      0.00      0.00      0.00      0.00

10:34:34 PM     CPU     %user     %nice   %system   %iowait    %steal     %idle
10:34:35 PM     all     26.37      0.00      1.74      0.25      0.00     71.64

10:34:34 PM kbmemfree   kbavail kbmemused  %memused kbbuffers  kbcached  kbcommit   %commit  kbactive   kbinact   kbdirty
10:34:35 PM   1170756   4036020   3421612     43.63    150700   2714656   5163032     65.83   4109404   2087644    105172

10:34:34 PM     IFACE   rxpck/s   txpck/s    rxkB/s    txkB/s   rxcmp/s   txcmp/s  rxmcst/s   %ifutil
10:34:35 PM        lo    134.00    134.00   1232.66   1232.66      0.00      0.00      0.00      0.00
10:34:35 PM      eth0     37.00     22.00      5.84     10.58      0.00      0.00      0.00      0.00

10:34:35 PM     CPU     %user     %nice   %system   %iowait    %steal     %idle
10:34:36 PM     all     29.55      0.00      1.52      3.28      0.00     65.66

10:34:35 PM kbmemfree   kbavail kbmemused  %memused kbbuffers  kbcached  kbcommit   %commit  kbactive   kbinact   kbdirty
10:34:36 PM   1126196   3991372   3466040     44.20    150712   2714592   5194000     66.23   4155708   2086564     60036

10:34:35 PM     IFACE   rxpck/s   txpck/s    rxkB/s    txkB/s   rxcmp/s   txcmp/s  rxmcst/s   %ifutil
10:34:36 PM        lo     42.00     42.00    188.18    188.18      0.00      0.00      0.00      0.00
10:34:36 PM      eth0     16.00     10.00      2.11      1.53      0.00      0.00      0.00      0.00

10:34:36 PM     CPU     %user     %nice   %system   %iowait    %steal     %idle
10:34:37 PM     all      1.01      0.00      0.00      0.00      0.00     98.99

10:34:36 PM kbmemfree   kbavail kbmemused  %memused kbbuffers  kbcached  kbcommit   %commit  kbactive   kbinact   kbdirty
10:34:37 PM   1126196   3991372   3466040     44.20    150712   2714592   5194000     66.23   4155728   2086564     60060

10:34:36 PM     IFACE   rxpck/s   txpck/s    rxkB/s    txkB/s   rxcmp/s   txcmp/s  rxmcst/s   %ifutil
10:34:37 PM        lo     28.00     28.00      2.97      2.97      0.00      0.00      0.00      0.00
10:34:37 PM      eth0     37.00     22.00      5.32      3.11      0.00      0.00      0.00      0.00

10:34:37 PM     CPU     %user     %nice   %system   %iowait    %steal     %idle
10:34:38 PM     all     10.42      0.00      1.99      0.00      0.00     87.59

10:34:37 PM kbmemfree   kbavail kbmemused  %memused kbbuffers  kbcached  kbcommit   %commit  kbactive   kbinact   kbdirty
10:34:38 PM   1115624   3964636   3492776     44.54    150712   2698600   5194000     66.23   4180472   2070572     59564

10:34:37 PM     IFACE   rxpck/s   txpck/s    rxkB/s    txkB/s   rxcmp/s   txcmp/s  rxmcst/s   %ifutil
10:34:38 PM        lo     45.00     45.00      6.32      6.32      0.00      0.00      0.00      0.00
10:34:38 PM      eth0     34.00     23.00      4.92      3.13      0.00      0.00      0.00      0.00

10:34:38 PM     CPU     %user     %nice   %system   %iowait    %steal     %idle
10:34:39 PM     all      8.96      0.00     19.15      0.00      0.00     71.89

10:34:38 PM kbmemfree   kbavail kbmemused  %memused kbbuffers  kbcached  kbcommit   %commit  kbactive   kbinact   kbdirty
10:34:39 PM   1689548   3967100   3494232     44.55    150712   2231960   5194000     66.23   4182336   1603932     28080

10:34:38 PM     IFACE   rxpck/s   txpck/s    rxkB/s    txkB/s   rxcmp/s   txcmp/s  rxmcst/s   %ifutil
10:34:39 PM        lo     29.00     29.00     10.59     10.59      0.00      0.00      0.00      0.00
10:34:39 PM      eth0     21.00     13.00      2.63      9.67      0.00      0.00      0.00      0.00

10:34:39 PM     CPU     %user     %nice   %system   %iowait    %steal     %idle
10:34:40 PM     all     22.59      0.00      1.78      0.00      0.00     75.63

10:34:39 PM kbmemfree   kbavail kbmemused  %memused kbbuffers  kbcached  kbcommit   %commit  kbactive   kbinact   kbdirty
10:34:40 PM   2352580   4626352   2834980     36.15    150712   2231940   4521136     57.65   3524916   1603912     28056

10:34:39 PM     IFACE   rxpck/s   txpck/s    rxkB/s    txkB/s   rxcmp/s   txcmp/s  rxmcst/s   %ifutil
10:34:40 PM        lo     31.00     31.00      2.73      2.73      0.00      0.00      0.00      0.00
10:34:40 PM      eth0     17.00     11.00      1.95      1.79      0.00      0.00      0.00      0.00

10:34:40 PM     CPU     %user     %nice   %system   %iowait    %steal     %idle
10:34:41 PM     all     65.17      0.00      3.98      2.74      0.00     28.11

10:34:40 PM kbmemfree   kbavail kbmemused  %memused kbbuffers  kbcached  kbcommit   %commit  kbactive   kbinact   kbdirty
10:34:41 PM   2268708   4542384   2919068     37.22    150768   2231916   4626924     59.00   3608456   1603884     13612

10:34:40 PM     IFACE   rxpck/s   txpck/s    rxkB/s    txkB/s   rxcmp/s   txcmp/s  rxmcst/s   %ifutil
10:34:41 PM        lo     33.00     33.00      3.92      3.92      0.00      0.00      0.00      0.00
10:34:41 PM      eth0     21.00     13.00      2.97      1.88      0.00      0.00      0.00      0.00
