Linux 5.4.0-216-generic (master) 	12/20/2025 	_x86_64_	(4 CPU)

06:25:46 PM     CPU     %user     %nice   %system   %iowait    %steal     %idle
06:25:47 PM     all     46.12      0.00      5.51      0.00      0.00     48.37

06:25:46 PM kbmemfree   kbavail kbmemused  %memused kbbuffers  kbcached  kbcommit   %commit  kbactive   kbinact   kbdirty
06:25:47 PM   2807388   4962944   2503620     31.92    119416   2166848   4123032     52.57   3237316   1472140     15960

06:25:46 PM     IFACE   rxpck/s   txpck/s    rxkB/s    txkB/s   rxcmp/s   txcmp/s  rxmcst/s   %ifutil
06:25:47 PM        lo      3.00      3.00      0.42      0.42      0.00      0.00      0.00      0.00
06:25:47 PM      eth0      8.00      4.00      1.76      0.42      0.00      0.00      0.00      0.00

06:25:47 PM     CPU     %user     %nice   %system   %iowait    %steal     %idle
06:25:48 PM     all     28.00      0.00     11.50      0.25      0.00     60.25

06:25:47 PM kbmemfree   kbavail kbmemused  %memused kbbuffers  kbcached  kbcommit   %commit  kbactive   kbinact   kbdirty
06:25:48 PM   2630068   4864848   2601160     33.17    119424   2230448   4184904     53.36   3334560   1535720     83364

06:25:47 PM     IFACE   rxpck/s   txpck/s    rxkB/s    txkB/s   rxcmp/s   txcmp/s  rxmcst/s   %ifutil
06:25:48 PM        lo      6.00      6.00      1.01      1.01      0.00      0.00      0.00      0.00
06:25:48 PM      eth0      4.00      2.00      0.72      0.21      0.00      0.00      0.00      0.00

06:25:48 PM     CPU     %user     %nice   %system   %iowait    %steal     %idle
06:25:49 PM     all     18.99      0.00     10.38      0.00      0.00     70.63

06:25:48 PM kbmemfree   kbavail kbmemused  %memused kbbuffers  kbcached  kbcommit   %commit  kbactive   kbinact   kbdirty
06:25:49 PM   2451628   4782020   2683136     34.21    119424   2305248   4386424     55.93   3416212   1610424    158104

06:25:48 PM     IFACE   rxpck/s   txpck/s    rxkB/s    txkB/s   rxcmp/s   txcmp/s  rxmcst/s   %ifutil
06:25:49 PM        lo      3.00      3.00      0.42      0.42      0.00      0.00      0.00      0.00
06:25:49 PM      eth0      5.00      3.00      0.76      0.25      0.00      0.00      0.00      0.00

06:25:49 PM     CPU     %user     %nice   %system   %iowait    %steal     %idle
06:25:50 PM     all     14.36      0.00     11.59      0.00      0.00     74.06

06:25:49 PM kbmemfree   kbavail kbmemused  %memused kbbuffers  kbcached  kbcommit   %commit  kbactive   kbinact   kbdirty
06:25:50 PM   2226568   4656044   2808384     35.81    119424   2384804   4566040     58.22   3542796   1690084    237740

06:25:49 PM     IFACE   rxpck/s   txpck/s    rxkB/s    txkB/s   rxcmp/s   txcmp/s  rxmcst/s   %ifutil
06:25:50 PM        lo      3.00      3.00      0.42      0.42      0.00      0.00      0.00      0.00
06:25:50 PM      eth0      7.00      3.00      1.69      0.31      0.00      0.00      0.00      0.00

06:25:50 PM     CPU     %user     %nice   %system   %iowait    %steal     %idle
06:25:51 PM     all     18.55      0.00      9.52      0.00      0.00     71.93

06:25:50 PM kbmemfree   kbavail kbmemused  %memused kbbuffers  kbcached  kbcommit   %commit  kbactive   kbinact   kbdirty
06:25:51 PM   2036580   4589152   2874588     36.65    119424   2487444   4626300     58.99   3609560   1792728    340396

06:25:50 PM     IFACE   rxpck/s   txpck/s    rxkB/s    txkB/s   rxcmp/s   txcmp/s  rxmcst/s   %ifutil
06:25:51 PM        lo      6.00      6.00      1.01      1.01      0.00      0.00      0.00      0.00
06:25:51 PM      eth0      3.00      2.00      0.42      0.21      0.00      0.00      0.00      0.00

06:25:51 PM     CPU     %user     %nice   %system   %iowait    %steal     %idle
06:25:52 PM     all     18.34      0.00     10.05      0.00      0.00     71.61

06:25:51 PM kbmemfree   kbavail kbmemused  %memused kbbuffers  kbcached  kbcommit   %commit  kbactive   kbinact   kbdirty
06:25:52 PM   1915424   4575440   2887504     36.82    119424   2572004   4626300     58.99   3622468   1877300    424972

06:25:51 PM     IFACE   rxpck/s   txpck/s    rxkB/s    txkB/s   rxcmp/s   txcmp/s  rxmcst/s   %ifutil
06:25:52 PM        lo      3.00      3.00      0.42      0.42      0.00      0.00      0.00      0.00
06:25:52 PM      eth0      4.00      2.00      0.72      0.21      0.00      0.00      0.00      0.00

06:25:52 PM     CPU     %user     %nice   %system   %iowait    %steal     %idle
06:25:53 PM     all     20.65      0.00     13.85      6.30      0.00     59.19

06:25:52 PM kbmemfree   kbavail kbmemused  %memused kbbuffers  kbcached  kbcommit   %commit  kbactive   kbinact   kbdirty
06:25:53 PM   1659228   4400404   3061716     39.04    119504   2634568   4807100     61.30   3795228   1939916    449828

06:25:52 PM     IFACE   rxpck/s   txpck/s    rxkB/s    txkB/s   rxcmp/s   txcmp/s  rxmcst/s   %ifutil
06:25:53 PM        lo      3.00      3.00      0.42      0.42      0.00      0.00      0.00      0.00
06:25:53 PM      eth0      8.00      4.00      1.76      0.42      0.00      0.00      0.00      0.00

06:25:53 PM     CPU     %user     %nice   %system   %iowait    %steal     %idle
06:25:54 PM     all     51.02      0.00      8.12     13.71      0.00     27.16

06:25:53 PM kbmemfree   kbavail kbmemused  %memused kbbuffers  kbcached  kbcommit   %commit  kbactive   kbinact   kbdirty
06:25:54 PM   1602044   4343184   3118296     39.76    119504   2634568   4731148     60.33   3850988   1939928    247164

06:25:53 PM     IFACE   rxpck/s   txpck/s    rxkB/s    txkB/s   rxcmp/s   txcmp/s  rxmcst/s   %ifutil
06:25:54 PM        lo     17.00     17.00      2.09      2.09      0.00      0.00      0.00      0.00
06:25:54 PM      eth0      5.00      3.00      0.76      0.25      0.00      0.00      0.00      0.00

06:25:54 PM     CPU     %user     %nice   %system   %iowait    %steal     %idle
06:25:55 PM     all     44.47      0.00      4.27     17.34      0.00     33.92

06:25:54 PM kbmemfree   kbavail kbmemused  %memused kbbuffers  kbcached  kbcommit   %commit  kbactive   kbinact   kbdirty
06:25:55 PM   1548960   4290452   3169872     40.42    119504   2634804   4739608     60.43   3902516   1940164    140204

06:25:54 PM     IFACE   rxpck/s   txpck/s    rxkB/s    txkB/s   rxcmp/s   txcmp/s  rxmcst/s   %ifutil
06:25:55 PM        lo     75.00     75.00    239.70    239.70      0.00      0.00      0.00      0.00
06:25:55 PM      eth0     32.00     30.00      3.01    234.21      0.00      0.00      0.00      0.00

06:25:55 PM     CPU     %user     %nice   %system   %iowait    %steal     %idle
06:25:56 PM     all     21.55      0.00      6.02     10.78      0.00     61.65

06:25:55 PM kbmemfree   kbavail kbmemused  %memused kbbuffers  kbcached  kbcommit   %commit  kbactive   kbinact   kbdirty
06:25:56 PM   1548328   4289900   3172260     40.45    119504   2634900   4711300     60.07   3906160   1940260     76800

06:25:55 PM     IFACE   rxpck/s   txpck/s    rxkB/s    txkB/s   rxcmp/s   txcmp/s  rxmcst/s   %ifutil
06:25:56 PM        lo     18.00     18.00      3.50      3.50      0.00      0.00      0.00      0.00
06:25:56 PM      eth0      8.00      4.00      1.76      0.42      0.00      0.00      0.00      0.00

06:25:56 PM     CPU     %user     %nice   %system   %iowait    %steal     %idle
06:25:57 PM     all     38.60      0.00      1.50      0.00      0.00     59.90

06:25:56 PM kbmemfree   kbavail kbmemused  %memused kbbuffers  kbcached  kbcommit   %commit  kbactive   kbinact   kbdirty
06:25:57 PM   1468280   4209876   3252148     41.47    119504   2634916   4753096     60.61   3986252   1940276     76820

06:25:56 PM     IFACE   rxpck/s   txpck/s    rxkB/s    txkB/s   rxcmp/s   txcmp/s  rxmcst/s   %ifutil
06:25:57 PM        lo     47.00     47.00      8.18      8.18      0.00      0.00      0.00      0.00
06:25:57 PM      eth0      4.00      2.00      0.72      0.21      0.00      0.00      0.00      0.00

06:25:57 PM     CPU     %user     %nice   %system   %iowait    %steal     %idle
06:25:58 PM     all     54.06      0.00      5.58      1.02      0.00     39.34

06:25:57 PM kbmemfree   kbavail kbmemused  %memused kbbuffers  kbcached  kbcommit   %commit  kbactive   kbinact   kbdirty
06:25:58 PM   1343272   4085332   3376240     43.05    119552   2635272   5352132     68.24   4107568   1940372     78584

06:25:57 PM     IFACE   rxpck/s   txpck/s    rxkB/s    txkB/s   rxcmp/s   txcmp/s  rxmcst/s   %ifutil
06:25:58 PM        lo     53.00     53.00    236.11    236.11      0.00      0.00      0.00      0.00
06:25:58 PM      eth0      4.00      2.00      0.72      0.21      0.00      0.00      0.00      0.00

06:25:58 PM     CPU     %user     %nice   %system   %iowait    %steal     %idle
06:25:59 PM     all     45.23      0.00      2.01      0.00      0.00     52.76

06:25:58 PM kbmemfree   kbavail kbmemused  %memused kbbuffers  kbcached  kbcommit   %commit  kbactive   kbinact   kbdirty
06:25:59 PM   1221212   3963284   3498200     44.61    119552   2635284   5367740     68.44   4230676   1940356     78580

06:25:58 PM     IFACE   rxpck/s   txpck/s    rxkB/s    txkB/s   rxcmp/s   txcmp/s  rxmcst/s   %ifutil
06:25:59 PM        lo     32.00     32.00      4.14      4.14      0.00      0.00      0.00      0.00
06:25:59 PM      eth0      9.00      5.00      1.80      0.46      0.00      0.00      0.00      0.00

06:25:59 PM     CPU     %user     %nice   %system   %iowait    %steal     %idle
06:26:00 PM     all      2.01      0.00      0.25      0.00      0.00     97.74

06:25:59 PM kbmemfree   kbavail kbmemused  %memused kbbuffers  kbcached  kbcommit   %commit  kbactive   kbinact   kbdirty
06:26:00 PM   1219700   3961772   3499712     44.62    119552   2635284   5367740     68.44   4231664   1940356     78584

06:25:59 PM     IFACE   rxpck/s   txpck/s    rxkB/s    txkB/s   rxcmp/s   txcmp/s  rxmcst/s   %ifutil
06:26:00 PM        lo     15.00     15.00      3.02      3.02      0.00      0.00      0.00      0.00
06:26:00 PM      eth0      6.00      4.00      0.84      2.50      0.00      0.00      0.00      0.00

06:26:00 PM     CPU     %user     %nice   %system   %iowait    %steal     %idle
06:26:01 PM     all      3.01      0.00      0.25      0.00      0.00     96.74

06:26:00 PM kbmemfree   kbavail kbmemused  %memused kbbuffers  kbcached  kbcommit   %commit  kbactive   kbinact   kbdirty
06:26:01 PM   1218124   3959964   3501508     44.65    119552   2635052   5375888     68.55   4233792   1940124     78352

06:26:00 PM     IFACE   rxpck/s   txpck/s    rxkB/s    txkB/s   rxcmp/s   txcmp/s  rxmcst/s   %ifutil
06:26:01 PM        lo     12.00     12.00      2.61      2.61      0.00      0.00      0.00      0.00
06:26:01 PM      eth0      5.00      3.00      0.78      1.37      0.00      0.00      0.00      0.00

06:26:01 PM     CPU     %user     %nice   %system   %iowait    %steal     %idle
06:26:02 PM     all     55.93      0.00      2.84      0.00      0.00     41.24

06:26:01 PM kbmemfree   kbavail kbmemused  %memused kbbuffers  kbcached  kbcommit   %commit  kbactive   kbinact   kbdirty
06:26:02 PM   1127624   3871228   3589588     45.77    119552   2635960   6541412     83.41   4318520   1940992     79220

06:26:01 PM     IFACE   rxpck/s   txpck/s    rxkB/s    txkB/s   rxcmp/s   txcmp/s  rxmcst/s   %ifutil
06:26:02 PM        lo    190.00    190.00    505.72    505.72      0.00      0.00      0.00      0.00
06:26:02 PM      eth0     56.00     55.00      5.99    249.00      0.00      0.00      0.00      0.00

06:26:02 PM     CPU     %user     %nice   %system   %iowait    %steal     %idle
06:26:03 PM     all     63.28      0.00      3.47      0.25      0.00     33.00

06:26:02 PM kbmemfree   kbavail kbmemused  %memused kbbuffers  kbcached  kbcommit   %commit  kbactive   kbinact   kbdirty
06:26:03 PM    907024   3650928   3809844     48.58    119560   2635960   6557484     83.61   4540420   1940500     79260

06:26:02 PM     IFACE   rxpck/s   txpck/s    rxkB/s    txkB/s   rxcmp/s   txcmp/s  rxmcst/s   %ifutil
06:26:03 PM        lo     21.00     21.00      3.21      3.21      0.00      0.00      0.00      0.00
06:26:03 PM      eth0     59.00     56.00     13.43    251.79      0.00      0.00      0.00      0.00

06:26:03 PM     CPU     %user     %nice   %system   %iowait    %steal     %idle
06:26:04 PM     all     50.13      0.00      2.53      0.00      0.00     47.34

06:26:03 PM kbmemfree   kbavail kbmemused  %memused kbbuffers  kbcached  kbcommit   %commit  kbactive   kbinact   kbdirty
06:26:04 PM    775008   3519104   3941420     50.26    119560   2636132   6637904     84.64   4671316   1940496     79428

06:26:03 PM     IFACE   rxpck/s   txpck/s    rxkB/s    txkB/s   rxcmp/s   txcmp/s  rxmcst/s   %ifutil
06:26:04 PM        lo    194.00    194.00     23.22     23.22      0.00      0.00      0.00      0.00
06:26:04 PM      eth0     41.00     33.00     17.59     12.56      0.00      0.00      0.00      0.00

06:26:04 PM     CPU     %user     %nice   %system   %iowait    %steal     %idle
06:26:05 PM     all     11.00      0.00      1.00      0.00      0.00     88.00

06:26:04 PM kbmemfree   kbavail kbmemused  %memused kbbuffers  kbcached  kbcommit   %commit  kbactive   kbinact   kbdirty
06:26:05 PM    765712   3509812   3950712     50.38    119560   2636136   6637904     84.64   4680436   1940500     79432

06:26:04 PM     IFACE   rxpck/s   txpck/s    rxkB/s    txkB/s   rxcmp/s   txcmp/s  rxmcst/s   %ifutil
06:26:05 PM        lo     69.00     69.00     10.08     10.08      0.00      0.00      0.00      0.00
06:26:05 PM      eth0     52.00     47.00     10.04     10.18      0.00      0.00      0.00      0.00

06:26:05 PM     CPU     %user     %nice   %system   %iowait    %steal     %idle
06:26:06 PM     all      0.75      0.00      0.25      0.00      0.00     98.99

06:26:05 PM kbmemfree   kbavail kbmemused  %memused kbbuffers  kbcached  kbcommit   %commit  kbactive   kbinact   kbdirty
06:26:06 PM    763916   3507844   3952680     50.40    119560   2635964   6637904     84.64   4681988   1940328     79260

06:26:05 PM     IFACE   rxpck/s   txpck/s    rxkB/s    txkB/s   rxcmp/s   txcmp/s  rxmcst/s   %ifutil
06:26:06 PM        lo     17.00     17.00      2.68      2.68      0.00      0.00      0.00      0.00
06:26:06 PM      eth0      6.00      3.00      0.97      0.28      0.00      0.00      0.00      0.00

06:26:06 PM     CPU     %user     %nice   %system   %iowait    %steal     %idle
06:26:07 PM     all      6.05      0.00      0.50      0.00      0.00     93.45

06:26:06 PM kbmemfree   kbavail kbmemused  %memused kbbuffers  kbcached  kbcommit   %commit  kbactive   kbinact   kbdirty
06:26:07 PM    761112   3504988   3955504     50.44    119560   2635912   6637904     84.64   4684084   1940268     79208

06:26:06 PM     IFACE   rxpck/s   txpck/s    rxkB/s    txkB/s   rxcmp/s   txcmp/s  rxmcst/s   %ifutil
06:26:07 PM        lo    263.00    263.00     36.35     36.35      0.00      0.00      0.00      0.00
06:26:07 PM      eth0     87.00     64.00     22.32     10.70      0.00      0.00      0.00      0.00

06:26:07 PM     CPU     %user     %nice   %system   %iowait    %steal     %idle
06:26:08 PM     all      5.99      0.00      1.00      0.00      0.00     93.02

06:26:07 PM kbmemfree   kbavail kbmemused  %memused kbbuffers  kbcached  kbcommit   %commit  kbactive   kbinact   kbdirty
06:26:08 PM    761088   3504988   3955484     50.44    119568   2635936   6637904     84.64   4683836   1940280     79244

06:26:07 PM     IFACE   rxpck/s   txpck/s    rxkB/s    txkB/s   rxcmp/s   txcmp/s  rxmcst/s   %ifutil
06:26:08 PM        lo    288.00    288.00     41.43     41.43      0.00      0.00      0.00      0.00
06:26:08 PM      eth0    128.00     98.00     30.05     19.02      0.00      0.00      0.00      0.00

06:26:08 PM     CPU     %user     %nice   %system   %iowait    %steal     %idle
06:26:09 PM     all      6.31      0.00      1.01      0.00      0.00     92.68

06:26:08 PM kbmemfree   kbavail kbmemused  %memused kbbuffers  kbcached  kbcommit   %commit  kbactive   kbinact   kbdirty
06:26:09 PM    758756   3502688   3957768     50.47    119568   2635964   6637904     84.64   4686360   1940308     79272

06:26:08 PM     IFACE   rxpck/s   txpck/s    rxkB/s    txkB/s   rxcmp/s   txcmp/s  rxmcst/s   %ifutil
06:26:09 PM        lo    420.00    420.00     60.50     60.50      0.00      0.00      0.00      0.00
06:26:09 PM      eth0    201.00    130.00     30.76     31.03      0.00      0.00      0.00      0.00

06:26:09 PM     CPU     %user     %nice   %system   %iowait    %steal     %idle
06:26:10 PM     all      7.04      0.00      0.25      0.00      0.00     92.71

06:26:09 PM kbmemfree   kbavail kbmemused  %memused kbbuffers  kbcached  kbcommit   %commit  kbactive   kbinact   kbdirty
06:26:10 PM    741588   3485544   3974912     50.68    119568   2635984   6710856     85.57   4704444   1940332     79292

06:26:09 PM     IFACE   rxpck/s   txpck/s    rxkB/s    txkB/s   rxcmp/s   txcmp/s  rxmcst/s   %ifutil
06:26:10 PM        lo    293.00    293.00     40.94     40.94      0.00      0.00      0.00      0.00
06:26:10 PM      eth0    111.00     71.00     16.50     12.68      0.00      0.00      0.00      0.00

06:26:10 PM     CPU     %user     %nice   %system   %iowait    %steal     %idle
06:26:11 PM     all      3.30      0.00      0.76      0.00      0.00     95.94

06:26:10 PM kbmemfree   kbavail kbmemused  %memused kbbuffers  kbcached  kbcommit   %commit  kbactive   kbinact   kbdirty
06:26:11 PM    741272   3485244   3975200     50.69    119568   2636008   6710856     85.57   4704664   1940348     79316

06:26:10 PM     IFACE   rxpck/s   txpck/s    rxkB/s    txkB/s   rxcmp/s   txcmp/s  rxmcst/s   %ifutil
06:26:11 PM        lo    472.00    472.00     62.22     62.22      0.00      0.00      0.00      0.00
06:26:11 PM      eth0    178.00    109.00     26.01     19.23      0.00      0.00      0.00      0.00

06:26:11 PM     CPU     %user     %nice   %system   %iowait    %steal     %idle
06:26:12 PM     all      7.27      0.00      0.50      0.00      0.00     92.23

06:26:11 PM kbmemfree   kbavail kbmemused  %memused kbbuffers  kbcached  kbcommit   %commit  kbactive   kbinact   kbdirty
06:26:12 PM    745460   3489472   3970972     50.63    119568   2636036   6710856     85.57   4699216   1940384     79344

06:26:11 PM     IFACE   rxpck/s   txpck/s    rxkB/s    txkB/s   rxcmp/s   txcmp/s  rxmcst/s   %ifutil
06:26:12 PM        lo    436.00    436.00     62.05     62.05      0.00      0.00      0.00      0.00
06:26:12 PM      eth0    170.00    107.00     24.74     19.04      0.00      0.00      0.00      0.00

06:26:12 PM     CPU     %user     %nice   %system   %iowait    %steal     %idle
06:26:13 PM     all      6.55      0.00      0.50      0.00      0.00     92.95

06:26:12 PM kbmemfree   kbavail kbmemused  %memused kbbuffers  kbcached  kbcommit   %commit  kbactive   kbinact   kbdirty
06:26:13 PM    745020   3489056   3971348     50.64    119576   2636056   6710856     85.57   4699448   1940404     79364

06:26:12 PM     IFACE   rxpck/s   txpck/s    rxkB/s    txkB/s   rxcmp/s   txcmp/s  rxmcst/s   %ifutil
06:26:13 PM        lo    452.00    452.00     61.81     61.81      0.00      0.00      0.00      0.00
06:26:13 PM      eth0    186.00    106.00     25.77     18.98      0.00      0.00      0.00      0.00

06:26:13 PM     CPU     %user     %nice   %system   %iowait    %steal     %idle
06:26:14 PM     all      2.27      0.00      0.76      0.00      0.00     96.97

06:26:13 PM kbmemfree   kbavail kbmemused  %memused kbbuffers  kbcached  kbcommit   %commit  kbactive   kbinact   kbdirty
06:26:14 PM    744956   3489012   3971388     50.64    119576   2636072   6710856     85.57   4699620   1940416     79380

06:26:13 PM     IFACE   rxpck/s   txpck/s    rxkB/s    txkB/s   rxcmp/s   txcmp/s  rxmcst/s   %ifutil
06:26:14 PM        lo    326.00    326.00     42.90     42.90      0.00      0.00      0.00      0.00
06:26:14 PM      eth0    118.00     76.00     17.75     13.08      0.00      0.00      0.00      0.00

06:26:14 PM     CPU     %user     %nice   %system   %iowait    %steal     %idle
06:26:15 PM     all      4.76      0.00      0.50      0.00      0.00     94.74

06:26:14 PM kbmemfree   kbavail kbmemused  %memused kbbuffers  kbcached  kbcommit   %commit  kbactive   kbinact   kbdirty
06:26:15 PM    744388   3488476   3971928     50.65    119576   2636100   6710856     85.57   4700016   1940448     79408

06:26:14 PM     IFACE   rxpck/s   txpck/s    rxkB/s    txkB/s   rxcmp/s   txcmp/s  rxmcst/s   %ifutil
06:26:15 PM        lo    418.00    418.00     60.52     60.52      0.00      0.00      0.00      0.00
06:26:15 PM      eth0    164.00    108.00     24.36     19.10      0.00      0.00      0.00      0.00

06:26:15 PM     CPU     %user     %nice   %system   %iowait    %steal     %idle
06:26:16 PM     all      7.48      0.00      0.75      0.00      0.00     91.77

06:26:15 PM kbmemfree   kbavail kbmemused  %memused kbbuffers  kbcached  kbcommit   %commit  kbactive   kbinact   kbdirty
06:26:16 PM    744324   3488440   3971956     50.65    119576   2636136   6710856     85.57   4700360   1940476     79444

06:26:15 PM     IFACE   rxpck/s   txpck/s    rxkB/s    txkB/s   rxcmp/s   txcmp/s  rxmcst/s   %ifutil
06:26:16 PM        lo    467.00    467.00     63.11     63.11      0.00      0.00      0.00      0.00
06:26:16 PM      eth0    170.00    108.00     24.77     19.14      0.00      0.00      0.00      0.00

06:26:16 PM     CPU     %user     %nice   %system   %iowait    %steal     %idle
06:26:17 PM     all      2.27      0.00      0.76      0.00      0.00     96.98

06:26:16 PM kbmemfree   kbavail kbmemused  %memused kbbuffers  kbcached  kbcommit   %commit  kbactive   kbinact   kbdirty
06:26:17 PM    743976   3488112   3972292     50.65    119576   2636144   6710856     85.57   4700604   1940496     79452

06:26:16 PM     IFACE   rxpck/s   txpck/s    rxkB/s    txkB/s   rxcmp/s   txcmp/s  rxmcst/s   %ifutil
06:26:17 PM        lo    297.00    297.00     41.32     41.32      0.00      0.00      0.00      0.00
06:26:17 PM      eth0    123.00     75.00     18.13     13.07      0.00      0.00      0.00      0.00

06:26:17 PM     CPU     %user     %nice   %system   %iowait    %steal     %idle
06:26:18 PM     all      4.74      0.00      1.25      0.00      0.00     94.01

06:26:17 PM kbmemfree   kbavail kbmemused  %memused kbbuffers  kbcached  kbcommit   %commit  kbactive   kbinact   kbdirty
06:26:18 PM    743628   3487784   3972620     50.65    119584   2636156   6710856     85.57   4700812   1940516     79472

06:26:17 PM     IFACE   rxpck/s   txpck/s    rxkB/s    txkB/s   rxcmp/s   txcmp/s  rxmcst/s   %ifutil
06:26:18 PM        lo    422.00    422.00     60.72     60.72      0.00      0.00      0.00      0.00
06:26:18 PM      eth0    182.00    108.00     25.55     19.14      0.00      0.00      0.00      0.00

06:26:18 PM     CPU     %user     %nice   %system   %iowait    %steal     %idle
06:26:19 PM     all      3.50      0.00      2.25      0.00      0.00     94.25

06:26:18 PM kbmemfree   kbavail kbmemused  %memused kbbuffers  kbcached  kbcommit   %commit  kbactive   kbinact   kbdirty
06:26:19 PM    743692   3487884   3972512     50.65    119584   2636196   6710856     85.57   4701100   1940544     79504

06:26:18 PM     IFACE   rxpck/s   txpck/s    rxkB/s    txkB/s   rxcmp/s   txcmp/s  rxmcst/s   %ifutil
06:26:19 PM        lo    472.00    472.00     62.83     62.83      0.00      0.00      0.00      0.00
06:26:19 PM      eth0    185.00    110.00     25.74     20.34      0.00      0.00      0.00      0.00

06:26:19 PM     CPU     %user     %nice   %system   %iowait    %steal     %idle
06:26:20 PM     all      4.00      0.00      1.00      0.00      0.00     95.00

06:26:19 PM kbmemfree   kbavail kbmemused  %memused kbbuffers  kbcached  kbcommit   %commit  kbactive   kbinact   kbdirty
06:26:20 PM    742696   3486932   3973440     50.67    119584   2636228   6710856     85.57   4701408   1940572     79536

06:26:19 PM     IFACE   rxpck/s   txpck/s    rxkB/s    txkB/s   rxcmp/s   txcmp/s  rxmcst/s   %ifutil
06:26:20 PM        lo    535.00    535.00     69.64     69.64      0.00      0.00      0.00      0.00
06:26:20 PM      eth0    173.00    101.00     24.59     18.00      0.00      0.00      0.00      0.00

06:26:20 PM     CPU     %user     %nice   %system   %iowait    %steal     %idle
06:26:21 PM     all      1.00      0.00      0.75      0.00      0.00     98.25

06:26:20 PM kbmemfree   kbavail kbmemused  %memused kbbuffers  kbcached  kbcommit   %commit  kbactive   kbinact   kbdirty
06:26:21 PM    742696   3486948   3973416     50.66    119584   2636252   6710856     85.57   4701508   1940588     79560

06:26:20 PM     IFACE   rxpck/s   txpck/s    rxkB/s    txkB/s   rxcmp/s   txcmp/s  rxmcst/s   %ifutil
06:26:21 PM        lo    308.00    308.00     42.42     42.42      0.00      0.00      0.00      0.00
06:26:21 PM      eth0    126.00     73.00     17.54     12.86      0.00      0.00      0.00      0.00

06:26:21 PM     CPU     %user     %nice   %system   %iowait    %steal     %idle
06:26:22 PM     all      2.74      0.00      1.24      0.00      0.00     96.02

06:26:21 PM kbmemfree   kbavail kbmemused  %memused kbbuffers  kbcached  kbcommit   %commit  kbactive   kbinact   kbdirty
06:26:22 PM    742412   3486728   3973636     50.67    119584   2636272   6710856     85.57   4701636   1940608     79580

06:26:21 PM     IFACE   rxpck/s   txpck/s    rxkB/s    txkB/s   rxcmp/s   txcmp/s  rxmcst/s   %ifutil
06:26:22 PM        lo    522.00    522.00     65.37     65.37      0.00      0.00      0.00      0.00
06:26:22 PM      eth0    174.00    108.00     25.03     19.14      0.00      0.00      0.00      0.00

06:26:22 PM     CPU     %user     %nice   %system   %iowait    %steal     %idle
06:26:23 PM     all      7.56      0.00      0.50      0.50      0.00     91.44

06:26:22 PM kbmemfree   kbavail kbmemused  %memused kbbuffers  kbcached  kbcommit   %commit  kbactive   kbinact   kbdirty
06:26:23 PM    717756   3462456   3997904     50.98    119600   2636312   6710856     85.57   4726260   1940664     79644

06:26:22 PM     IFACE   rxpck/s   txpck/s    rxkB/s    txkB/s   rxcmp/s   txcmp/s  rxmcst/s   %ifutil
06:26:23 PM        lo    422.00    422.00     61.26     61.26      0.00      0.00      0.00      0.00
06:26:23 PM      eth0    169.00    111.00     25.49     19.41      0.00      0.00      0.00      0.00

06:26:23 PM     CPU     %user     %nice   %system   %iowait    %steal     %idle
06:26:24 PM     all     37.78      0.00      3.02      0.25      0.00     58.94

06:26:23 PM kbmemfree   kbavail kbmemused  %memused kbbuffers  kbcached  kbcommit   %commit  kbactive   kbinact   kbdirty
06:26:24 PM    616696   3362880   4097476     52.25    119640   2637392   6860308     87.48   4824784   1941732     79800

06:26:23 PM     IFACE   rxpck/s   txpck/s    rxkB/s    txkB/s   rxcmp/s   txcmp/s  rxmcst/s   %ifutil
06:26:24 PM        lo    426.00    426.00   1281.31   1281.31      0.00      0.00      0.00      0.00
06:26:24 PM      eth0    123.00     73.00     17.34     12.86      0.00      0.00      0.00      0.00

06:26:24 PM     CPU     %user     %nice   %system   %iowait    %steal     %idle
06:26:25 PM     all     10.55      0.00      1.51      0.00      0.00     87.94

06:26:24 PM kbmemfree   kbavail kbmemused  %memused kbbuffers  kbcached  kbcommit   %commit  kbactive   kbinact   kbdirty
06:26:25 PM    588912   3335164   4125132     52.60    119640   2637424   6860308     87.48   4853316   1941664     79828

06:26:24 PM     IFACE   rxpck/s   txpck/s    rxkB/s    txkB/s   rxcmp/s   txcmp/s  rxmcst/s   %ifutil
06:26:25 PM        lo    438.00    438.00     61.10     61.10      0.00      0.00      0.00      0.00
06:26:25 PM      eth0    178.00    107.00     25.27     19.05      0.00      0.00      0.00      0.00

06:26:25 PM     CPU     %user     %nice   %system   %iowait    %steal     %idle
06:26:26 PM     all      2.00      0.00      1.25      0.00      0.00     96.75

06:26:25 PM kbmemfree   kbavail kbmemused  %memused kbbuffers  kbcached  kbcommit   %commit  kbactive   kbinact   kbdirty
06:26:26 PM    585048   3331708   4128588     52.64    119640   2637440   6860308     87.48   4856804   1941680     79844

06:26:25 PM     IFACE   rxpck/s   txpck/s    rxkB/s    txkB/s   rxcmp/s   txcmp/s  rxmcst/s   %ifutil
06:26:26 PM        lo    480.00    480.00     63.24     63.24      0.00      0.00      0.00      0.00
06:26:26 PM      eth0    190.00    110.00     26.84     19.34      0.00      0.00      0.00      0.00

06:26:26 PM     CPU     %user     %nice   %system   %iowait    %steal     %idle
06:26:27 PM     all      3.28      0.00      2.02      3.79      0.00     90.91

06:26:26 PM kbmemfree   kbavail kbmemused  %memused kbbuffers  kbcached  kbcommit   %commit  kbactive   kbinact   kbdirty
06:26:27 PM    595408   3342444   4117828     52.51    119640   2637480   6860308     87.48   4844828   1941712      2068

06:26:26 PM     IFACE   rxpck/s   txpck/s    rxkB/s    txkB/s   rxcmp/s   txcmp/s  rxmcst/s   %ifutil
06:26:27 PM        lo    518.00    518.00     65.60     65.60      0.00      0.00      0.00      0.00
06:26:27 PM      eth0    183.00    109.00     25.61     19.71      0.00      0.00      0.00      0.00

06:26:27 PM     CPU     %user     %nice   %system   %iowait    %steal     %idle
06:26:28 PM     all      3.01      0.00      1.50      0.00      0.00     95.49

06:26:27 PM kbmemfree   kbavail kbmemused  %memused kbbuffers  kbcached  kbcommit   %commit  kbactive   kbinact   kbdirty
06:26:28 PM    592868   3340240   4120060     52.53    119640   2637500   6860308     87.48   4847468   1941740      2116

06:26:27 PM     IFACE   rxpck/s   txpck/s    rxkB/s    txkB/s   rxcmp/s   txcmp/s  rxmcst/s   %ifutil
06:26:28 PM        lo    292.00    292.00     41.79     41.79      0.00      0.00      0.00      0.00
06:26:28 PM      eth0    111.00     73.00     16.57     12.86      0.00      0.00      0.00      0.00

06:26:28 PM     CPU     %user     %nice   %system   %iowait    %steal     %idle
06:26:29 PM     all      1.75      0.00      1.25      0.00      0.00     97.00

06:26:28 PM kbmemfree   kbavail kbmemused  %memused kbbuffers  kbcached  kbcommit   %commit  kbactive   kbinact   kbdirty
06:26:29 PM    588988   3336800   4123508     52.58    119648   2637524   6860308     87.48   4851476   1941764      4368

06:26:28 PM     IFACE   rxpck/s   txpck/s    rxkB/s    txkB/s   rxcmp/s   txcmp/s  rxmcst/s   %ifutil
06:26:29 PM        lo    490.00    490.00     63.75     63.75      0.00      0.00      0.00      0.00
06:26:29 PM      eth0    176.00    110.00     25.94     19.34      0.00      0.00      0.00      0.00

06:26:29 PM     CPU     %user     %nice   %system   %iowait    %steal     %idle
06:26:30 PM     all      3.78      0.00      1.01      0.00      0.00     95.21

06:26:29 PM kbmemfree   kbavail kbmemused  %memused kbbuffers  kbcached  kbcommit   %commit  kbactive   kbinact   kbdirty
06:26:30 PM    572828   3320656   4139632     52.78    119648   2637552   6860308     87.48   4867728   1941780      4408

06:26:29 PM     IFACE   rxpck/s   txpck/s    rxkB/s    txkB/s   rxcmp/s   txcmp/s  rxmcst/s   %ifutil
06:26:30 PM        lo    468.00    468.00     63.06     63.06      0.00      0.00      0.00      0.00
06:26:30 PM      eth0    190.00    111.00     26.04     19.31      0.00      0.00      0.00      0.00

06:26:30 PM     CPU     %user     %nice   %system   %iowait    %steal     %idle
06:26:31 PM     all      3.02      0.00      1.01      0.00      0.00     95.98

06:26:30 PM kbmemfree   kbavail kbmemused  %memused kbbuffers  kbcached  kbcommit   %commit  kbactive   kbinact   kbdirty
06:26:31 PM    572228   3320080   4140192     52.79    119648   2637572   6860308     87.48   4868024   1941804      4428

06:26:30 PM     IFACE   rxpck/s   txpck/s    rxkB/s    txkB/s   rxcmp/s   txcmp/s  rxmcst/s   %ifutil
06:26:31 PM        lo    447.00    447.00     61.56     61.56      0.00      0.00      0.00      0.00
06:26:31 PM      eth0    179.00    107.00     25.32     20.33      0.00      0.00      0.00      0.00

06:26:31 PM     CPU     %user     %nice   %system   %iowait    %steal     %idle
06:26:32 PM     all      1.26      0.00      0.25      0.00      0.00     98.48

06:26:31 PM kbmemfree   kbavail kbmemused  %memused kbbuffers  kbcached  kbcommit   %commit  kbactive   kbinact   kbdirty
06:26:32 PM    572292   3320176   4140156     52.79    119648   2637592   6860308     87.48   4868248   1941832      3252

06:26:31 PM     IFACE   rxpck/s   txpck/s    rxkB/s    txkB/s   rxcmp/s   txcmp/s  rxmcst/s   %ifutil
06:26:32 PM        lo    333.00    333.00     43.87     43.87      0.00      0.00      0.00      0.00
06:26:32 PM      eth0    108.00     73.00     17.13     12.91      0.00      0.00      0.00      0.00

06:26:32 PM     CPU     %user     %nice   %system   %iowait    %steal     %idle
06:26:33 PM     all      2.74      0.00      1.00      0.00      0.00     96.26

06:26:32 PM kbmemfree   kbavail kbmemused  %memused kbbuffers  kbcached  kbcommit   %commit  kbactive   kbinact   kbdirty
06:26:33 PM    571944   3319844   4140468     52.79    119648   2637628   6860308     87.48   4868368   1941848      3304

06:26:32 PM     IFACE   rxpck/s   txpck/s    rxkB/s    txkB/s   rxcmp/s   txcmp/s  rxmcst/s   %ifutil
06:26:33 PM        lo    502.00    502.00     64.79     64.79      0.00      0.00      0.00      0.00
06:26:33 PM      eth0    183.00    107.00     25.58     19.04      0.00      0.00      0.00      0.00

06:26:33 PM     CPU     %user     %nice   %system   %iowait    %steal     %idle
06:26:34 PM     all      2.26      0.00      1.51      0.00      0.00     96.23

06:26:33 PM kbmemfree   kbavail kbmemused  %memused kbbuffers  kbcached  kbcommit   %commit  kbactive   kbinact   kbdirty
06:26:34 PM    571660   3318872   4141444     52.81    119652   2637640   6860308     87.48   4868368   1941848      3360

06:26:33 PM     IFACE   rxpck/s   txpck/s    rxkB/s    txkB/s   rxcmp/s   txcmp/s  rxmcst/s   %ifutil
06:26:34 PM        lo    465.00    465.00     62.48     62.48      0.00      0.00      0.00      0.00
06:26:34 PM      eth0    166.00    107.00     24.49     19.04      0.00      0.00      0.00      0.00

06:26:34 PM     CPU     %user     %nice   %system   %iowait    %steal     %idle
06:26:35 PM     all      2.77      0.00      0.25      0.00      0.00     96.98

06:26:34 PM kbmemfree   kbavail kbmemused  %memused kbbuffers  kbcached  kbcommit   %commit  kbactive   kbinact   kbdirty
06:26:35 PM    571472   3318700   4141632     52.81    119652   2637680   6860308     87.48   4868304   1941904      3396

06:26:34 PM     IFACE   rxpck/s   txpck/s    rxkB/s    txkB/s   rxcmp/s   txcmp/s  rxmcst/s   %ifutil
06:26:35 PM        lo    442.00    442.00     61.31     61.31      0.00      0.00      0.00      0.00
06:26:35 PM      eth0    186.00    109.00     26.56     19.25      0.00      0.00      0.00      0.00

06:26:35 PM     CPU     %user     %nice   %system   %iowait    %steal     %idle
06:26:36 PM     all      1.77      0.00      0.00      0.00      0.00     98.23

06:26:35 PM kbmemfree   kbavail kbmemused  %memused kbbuffers  kbcached  kbcommit   %commit  kbactive   kbinact   kbdirty
06:26:36 PM    570872   3318124   4142208     52.82    119652   2637696   6860308     87.48   4868448   1941928      3412

06:26:35 PM     IFACE   rxpck/s   txpck/s    rxkB/s    txkB/s   rxcmp/s   txcmp/s  rxmcst/s   %ifutil
06:26:36 PM        lo    277.00    277.00     41.46     41.46      0.00      0.00      0.00      0.00
06:26:36 PM      eth0    131.00     72.00     17.81     12.74      0.00      0.00      0.00      0.00

06:26:36 PM     CPU     %user     %nice   %system   %iowait    %steal     %idle
06:26:37 PM     all      5.28      0.00      0.50      0.00      0.00     94.22

06:26:36 PM kbmemfree   kbavail kbmemused  %memused kbbuffers  kbcached  kbcommit   %commit  kbactive   kbinact   kbdirty
06:26:37 PM    570840   3318120   4142192     52.82    119652   2637720   6860308     87.48   4868684   1941952      2540

06:26:36 PM     IFACE   rxpck/s   txpck/s    rxkB/s    txkB/s   rxcmp/s   txcmp/s  rxmcst/s   %ifutil
06:26:37 PM        lo    504.00    504.00     64.46     64.46      0.00      0.00      0.00      0.00
06:26:37 PM      eth0    162.00    106.00     24.23     18.98      0.00      0.00      0.00      0.00

06:26:37 PM     CPU     %user     %nice   %system   %iowait    %steal     %idle
06:26:38 PM     all      1.25      0.00      2.00      0.00      0.00     96.76

06:26:37 PM kbmemfree   kbavail kbmemused  %memused kbbuffers  kbcached  kbcommit   %commit  kbactive   kbinact   kbdirty
06:26:38 PM    570872   3318156   4142136     52.82    119652   2637740   6860308     87.48   4868800   1941956      2560

06:26:37 PM     IFACE   rxpck/s   txpck/s    rxkB/s    txkB/s   rxcmp/s   txcmp/s  rxmcst/s   %ifutil
06:26:38 PM        lo    450.00    450.00     61.71     61.71      0.00      0.00      0.00      0.00
06:26:38 PM      eth0    168.00    108.00     25.40     19.18      0.00      0.00      0.00      0.00

06:26:38 PM     CPU     %user     %nice   %system   %iowait    %steal     %idle
06:26:39 PM     all      5.28      0.00      0.75      0.00      0.00     93.97

06:26:38 PM kbmemfree   kbavail kbmemused  %memused kbbuffers  kbcached  kbcommit   %commit  kbactive   kbinact   kbdirty
06:26:39 PM    570744   3318060   4142236     52.82    119656   2637776   6860308     87.48   4869008   1942000      2608

06:26:38 PM     IFACE   rxpck/s   txpck/s    rxkB/s    txkB/s   rxcmp/s   txcmp/s  rxmcst/s   %ifutil
06:26:39 PM        lo    457.00    457.00     62.50     62.50      0.00      0.00      0.00      0.00
06:26:39 PM      eth0    173.00    107.00     24.94     19.04      0.00      0.00      0.00      0.00

06:26:39 PM     CPU     %user     %nice   %system   %iowait    %steal     %idle
06:26:40 PM     all      9.80      0.00      0.00      0.00      0.00     90.20

06:26:39 PM kbmemfree   kbavail kbmemused  %memused kbbuffers  kbcached  kbcommit   %commit  kbactive   kbinact   kbdirty
06:26:40 PM    569672   3317004   4143320     52.83    119656   2637784   6860308     87.48   4869852   1942012      2616

06:26:39 PM     IFACE   rxpck/s   txpck/s    rxkB/s    txkB/s   rxcmp/s   txcmp/s  rxmcst/s   %ifutil
06:26:40 PM        lo    330.00    330.00     43.72     43.72      0.00      0.00      0.00      0.00
06:26:40 PM      eth0    124.00     73.00     17.38     12.83      0.00      0.00      0.00      0.00

06:26:40 PM     CPU     %user     %nice   %system   %iowait    %steal     %idle
06:26:41 PM     all      1.76      0.00      0.50      0.00      0.00     97.73

06:26:40 PM kbmemfree   kbavail kbmemused  %memused kbbuffers  kbcached  kbcommit   %commit  kbactive   kbinact   kbdirty
06:26:41 PM    569484   3316856   4143464     52.83    119656   2637824   6860308     87.48   4870016   1942052      2656

06:26:40 PM     IFACE   rxpck/s   txpck/s    rxkB/s    txkB/s   rxcmp/s   txcmp/s  rxmcst/s   %ifutil
06:26:41 PM        lo    456.00    456.00     62.02     62.02      0.00      0.00      0.00      0.00
06:26:41 PM      eth0    164.00    110.00     25.12     19.29      0.00      0.00      0.00      0.00

06:26:41 PM     CPU     %user     %nice   %system   %iowait    %steal     %idle
06:26:42 PM     all      2.26      0.00      0.50      0.00      0.00     97.24

06:26:41 PM kbmemfree   kbavail kbmemused  %memused kbbuffers  kbcached  kbcommit   %commit  kbactive   kbinact   kbdirty
06:26:42 PM    568916   3316304   4144008     52.84    119656   2637848   6860308     87.48   4870444   1942068      2680

06:26:41 PM     IFACE   rxpck/s   txpck/s    rxkB/s    txkB/s   rxcmp/s   txcmp/s  rxmcst/s   %ifutil
06:26:42 PM        lo    477.00    477.00     63.52     63.52      0.00      0.00      0.00      0.00
06:26:42 PM      eth0    170.00    107.00     24.75     19.04      0.00      0.00      0.00      0.00

06:26:42 PM     CPU     %user     %nice   %system   %iowait    %steal     %idle
06:26:43 PM     all      2.78      0.00      0.51      0.00      0.00     96.72

06:26:42 PM kbmemfree   kbavail kbmemused  %memused kbbuffers  kbcached  kbcommit   %commit  kbactive   kbinact   kbdirty
06:26:43 PM    567340   3314764   4145532     52.86    119656   2637876   6860308     87.48   4872076   1942104      2708

06:26:42 PM     IFACE   rxpck/s   txpck/s    rxkB/s    txkB/s   rxcmp/s   txcmp/s  rxmcst/s   %ifutil
06:26:43 PM        lo    480.00    480.00     63.24     63.24      0.00      0.00      0.00      0.00
06:26:43 PM      eth0    175.00    106.00     25.07     18.98      0.00      0.00      0.00      0.00

06:26:43 PM     CPU     %user     %nice   %system   %iowait    %steal     %idle
06:26:44 PM     all      2.24      0.00      0.75      0.00      0.00     97.01

06:26:43 PM kbmemfree   kbavail kbmemused  %memused kbbuffers  kbcached  kbcommit   %commit  kbactive   kbinact   kbdirty
06:26:44 PM    567024   3314468   4145824     52.86    119660   2637892   6860308     87.48   4872464   1942120      2732

06:26:43 PM     IFACE   rxpck/s   txpck/s    rxkB/s    txkB/s   rxcmp/s   txcmp/s  rxmcst/s   %ifutil
06:26:44 PM        lo    290.00    290.00     41.57     41.57      0.00      0.00      0.00      0.00
06:26:44 PM      eth0    121.00     72.00     16.95     11.61      0.00      0.00      0.00      0.00

06:26:44 PM     CPU     %user     %nice   %system   %iowait    %steal     %idle
06:26:45 PM     all      0.76      0.00      0.00      0.00      0.00     99.24

06:26:44 PM kbmemfree   kbavail kbmemused  %memused kbbuffers  kbcached  kbcommit   %commit  kbactive   kbinact   kbdirty
06:26:45 PM    567024   3314468   4145824     52.86    119660   2637892   6860308     87.48   4872464   1942120      2732

06:26:44 PM     IFACE   rxpck/s   txpck/s    rxkB/s    txkB/s   rxcmp/s   txcmp/s  rxmcst/s   %ifutil
06:26:45 PM        lo     12.00     12.00      2.36      2.36      0.00      0.00      0.00      0.00
06:26:45 PM      eth0      4.00      2.00      0.84      0.21      0.00      0.00      0.00      0.00

06:26:45 PM     CPU     %user     %nice   %system   %iowait    %steal     %idle
06:26:46 PM     all      1.76      0.00      0.00      0.00      0.00     98.24

06:26:45 PM kbmemfree   kbavail kbmemused  %memused kbbuffers  kbcached  kbcommit   %commit  kbactive   kbinact   kbdirty
06:26:46 PM    565164   3312628   4147700     52.89    119660   2637896   6860308     87.48   4873960   1942136      2740

06:26:45 PM     IFACE   rxpck/s   txpck/s    rxkB/s    txkB/s   rxcmp/s   txcmp/s  rxmcst/s   %ifutil
06:26:46 PM        lo     34.00     34.00      5.15      5.15      0.00      0.00      0.00      0.00
06:26:46 PM      eth0     41.00     27.00      6.71      3.38      0.00      0.00      0.00      0.00

06:26:46 PM     CPU     %user     %nice   %system   %iowait    %steal     %idle
06:26:47 PM     all      0.25      0.00      0.50      0.00      0.00     99.25

06:26:46 PM kbmemfree   kbavail kbmemused  %memused kbbuffers  kbcached  kbcommit   %commit  kbactive   kbinact   kbdirty
06:26:47 PM    564660   3312124   4148204     52.89    119660   2637896   6860308     87.48   4873960   1942136      2740

06:26:46 PM     IFACE   rxpck/s   txpck/s    rxkB/s    txkB/s   rxcmp/s   txcmp/s  rxmcst/s   %ifutil
06:26:47 PM        lo      9.00      9.00      1.78      1.78      0.00      0.00      0.00      0.00
06:26:47 PM      eth0      8.00      4.00      1.88      0.42      0.00      0.00      0.00      0.00

06:26:47 PM     CPU     %user     %nice   %system   %iowait    %steal     %idle
06:26:48 PM     all      1.26      0.00      0.00      0.00      0.00     98.74

06:26:47 PM kbmemfree   kbavail kbmemused  %memused kbbuffers  kbcached  kbcommit   %commit  kbactive   kbinact   kbdirty
06:26:48 PM    564500   3311964   4148364     52.90    119660   2637896   6860308     87.48   4873520   1942136      2740

06:26:47 PM     IFACE   rxpck/s   txpck/s    rxkB/s    txkB/s   rxcmp/s   txcmp/s  rxmcst/s   %ifutil
06:26:48 PM        lo     15.00     15.00      3.13      3.13      0.00      0.00      0.00      0.00
06:26:48 PM      eth0      4.00      2.00      0.84      0.21      0.00      0.00      0.00      0.00

06:26:48 PM     CPU     %user     %nice   %system   %iowait    %steal     %idle
06:26:49 PM     all      1.00      0.00      0.50      0.00      0.00     98.50

06:26:48 PM kbmemfree   kbavail kbmemused  %memused kbbuffers  kbcached  kbcommit   %commit  kbactive   kbinact   kbdirty
06:26:49 PM    563996   3311464   4148852     52.90    119664   2637900   6868832     87.58   4874464   1942140      2744

06:26:48 PM     IFACE   rxpck/s   txpck/s    rxkB/s    txkB/s   rxcmp/s   txcmp/s  rxmcst/s   %ifutil
06:26:49 PM        lo      9.00      9.00      1.78      1.78      0.00      0.00      0.00      0.00
06:26:49 PM      eth0      4.00      2.00      0.84      0.21      0.00      0.00      0.00      0.00

06:26:49 PM     CPU     %user     %nice   %system   %iowait    %steal     %idle
06:26:50 PM     all      1.50      0.00      0.00      0.00      0.00     98.50

06:26:49 PM kbmemfree   kbavail kbmemused  %memused kbbuffers  kbcached  kbcommit   %commit  kbactive   kbinact   kbdirty
06:26:50 PM    564092   3311564   4148704     52.90    119664   2637900   6868832     87.58   4874720   1942140      2744

06:26:49 PM     IFACE   rxpck/s   txpck/s    rxkB/s    txkB/s   rxcmp/s   txcmp/s  rxmcst/s   %ifutil
06:26:50 PM        lo      9.00      9.00      1.78      1.78      0.00      0.00      0.00      0.00
06:26:50 PM      eth0     16.00      8.00      3.08      0.84      0.00      0.00      0.00      0.00

06:26:50 PM     CPU     %user     %nice   %system   %iowait    %steal     %idle
06:26:51 PM     all      0.51      0.00      0.00      0.00      0.00     99.49

06:26:50 PM kbmemfree   kbavail kbmemused  %memused kbbuffers  kbcached  kbcommit   %commit  kbactive   kbinact   kbdirty
06:26:51 PM    563808   3311284   4148956     52.90    119664   2637904   6868832     87.58   4874156   1942144      2752

06:26:50 PM     IFACE   rxpck/s   txpck/s    rxkB/s    txkB/s   rxcmp/s   txcmp/s  rxmcst/s   %ifutil
06:26:51 PM        lo     12.00     12.00      2.48      2.48      0.00      0.00      0.00      0.00
06:26:51 PM      eth0      5.00      3.00      0.88      0.25      0.00      0.00      0.00      0.00

06:26:51 PM     CPU     %user     %nice   %system   %iowait    %steal     %idle
06:26:52 PM     all      1.74      0.00      0.50      0.00      0.00     97.77

06:26:51 PM kbmemfree   kbavail kbmemused  %memused kbbuffers  kbcached  kbcommit   %commit  kbactive   kbinact   kbdirty
06:26:52 PM    563744   3311220   4148988     52.90    119664   2637904   6868832     87.58   4874192   1942144      2756

06:26:51 PM     IFACE   rxpck/s   txpck/s    rxkB/s    txkB/s   rxcmp/s   txcmp/s  rxmcst/s   %ifutil
06:26:52 PM        lo     12.00     12.00      2.55      2.55      0.00      0.00      0.00      0.00
06:26:52 PM      eth0      4.00      2.00      0.72      0.21      0.00      0.00      0.00      0.00

06:26:52 PM     CPU     %user     %nice   %system   %iowait    %steal     %idle
06:26:53 PM     all      7.46      0.00      1.00      0.00      0.00     91.54

06:26:52 PM kbmemfree   kbavail kbmemused  %memused kbbuffers  kbcached  kbcommit   %commit  kbactive   kbinact   kbdirty
06:26:53 PM   1021848   3767816   3692592     47.08    119664   2637188   5630404     71.79   4418272   1941436      2624

06:26:52 PM     IFACE   rxpck/s   txpck/s    rxkB/s    txkB/s   rxcmp/s   txcmp/s  rxmcst/s   %ifutil
06:26:53 PM        lo     53.00     53.00      7.14      7.14      0.00      0.00      0.00      0.00
06:26:53 PM      eth0      8.00      4.00      1.76      0.44      0.00      0.00      0.00      0.00

06:26:53 PM     CPU     %user     %nice   %system   %iowait    %steal     %idle
06:26:54 PM     all     10.78      0.00      8.52      0.25      0.00     80.45

06:26:53 PM kbmemfree   kbavail kbmemused  %memused kbbuffers  kbcached  kbcommit   %commit  kbactive   kbinact   kbdirty
06:26:54 PM   1475300   4007732   3454884     44.05    119680   2465704   4993176     63.67   4181848   1769968      7800

06:26:53 PM     IFACE   rxpck/s   txpck/s    rxkB/s    txkB/s   rxcmp/s   txcmp/s  rxmcst/s   %ifutil
06:26:54 PM        lo     75.00     75.00      9.60      9.60      0.00      0.00      0.00      0.00
06:26:54 PM      eth0     12.00     12.00      1.52      1.45      0.00      0.00      0.00      0.00
