Linux 5.4.0-216-generic (master) 	12/20/2025 	_x86_64_	(4 CPU)

06:23:41 PM     CPU     %user     %nice   %system   %iowait    %steal     %idle
06:23:42 PM     all     44.97      0.00      6.03      0.00      0.00     48.99

06:23:41 PM kbmemfree   kbavail kbmemused  %memused kbbuffers  kbcached  kbcommit   %commit  kbactive   kbinact   kbdirty
06:23:42 PM   2663104   4814952   2651688     33.81    118972   2164148   4310892     54.97   3382448   1471616     16788

06:23:41 PM     IFACE   rxpck/s   txpck/s    rxkB/s    txkB/s   rxcmp/s   txcmp/s  rxmcst/s   %ifutil
06:23:42 PM        lo      3.00      3.00      0.43      0.43      0.00      0.00      0.00      0.00
06:23:42 PM      eth0      4.00      2.00      0.73      0.21      0.00      0.00      0.00      0.00

06:23:42 PM     CPU     %user     %nice   %system   %iowait    %steal     %idle
06:23:43 PM     all     32.24      0.00     12.09      0.00      0.00     55.67

06:23:42 PM kbmemfree   kbavail kbmemused  %memused kbbuffers  kbcached  kbcommit   %commit  kbactive   kbinact   kbdirty
06:23:43 PM   2470744   4706540   2759492     35.19    118972   2230996   4374264     55.78   3489888   1538576     83328

06:23:42 PM     IFACE   rxpck/s   txpck/s    rxkB/s    txkB/s   rxcmp/s   txcmp/s  rxmcst/s   %ifutil
06:23:43 PM        lo     10.00     10.00      1.36      1.36      0.00      0.00      0.00      0.00
06:23:43 PM      eth0     13.00     11.00      2.52      1.16      0.00      0.00      0.00      0.00

06:23:43 PM     CPU     %user     %nice   %system   %iowait    %steal     %idle
06:23:44 PM     all     19.20      0.00     11.22      0.75      0.00     68.83

06:23:43 PM kbmemfree   kbavail kbmemused  %memused kbbuffers  kbcached  kbcommit   %commit  kbactive   kbinact   kbdirty
06:23:44 PM   2306672   4636544   2828572     36.07    118996   2304692   4579008     58.39   3561032   1612172    163648

06:23:43 PM     IFACE   rxpck/s   txpck/s    rxkB/s    txkB/s   rxcmp/s   txcmp/s  rxmcst/s   %ifutil
06:23:44 PM        lo      3.00      3.00      0.43      0.43      0.00      0.00      0.00      0.00
06:23:44 PM      eth0      4.00      2.00      0.73      0.21      0.00      0.00      0.00      0.00

06:23:44 PM     CPU     %user     %nice   %system   %iowait    %steal     %idle
06:23:45 PM     all     15.79      0.00     10.78      0.00      0.00     73.43

06:23:44 PM kbmemfree   kbavail kbmemused  %memused kbbuffers  kbcached  kbcommit   %commit  kbactive   kbinact   kbdirty
06:23:45 PM   2080972   4509800   2954384     37.67    118996   2384652   4764416     60.75   3687644   1692068    243528

06:23:44 PM     IFACE   rxpck/s   txpck/s    rxkB/s    txkB/s   rxcmp/s   txcmp/s  rxmcst/s   %ifutil
06:23:45 PM        lo      3.00      3.00      0.43      0.43      0.00      0.00      0.00      0.00
06:23:45 PM      eth0      4.00      2.00      0.73      0.21      0.00      0.00      0.00      0.00

06:23:45 PM     CPU     %user     %nice   %system   %iowait    %steal     %idle
06:23:46 PM     all     20.30      0.00      9.27      0.00      0.00     70.43

06:23:45 PM kbmemfree   kbavail kbmemused  %memused kbbuffers  kbcached  kbcommit   %commit  kbactive   kbinact   kbdirty
06:23:46 PM   1889112   4440368   3023332     38.55    118996   2486864   4819832     61.46   3756516   1794360    345820

06:23:45 PM     IFACE   rxpck/s   txpck/s    rxkB/s    txkB/s   rxcmp/s   txcmp/s  rxmcst/s   %ifutil
06:23:46 PM        lo      6.00      6.00      1.01      1.01      0.00      0.00      0.00      0.00
06:23:46 PM      eth0      9.00      5.00      1.81      0.46      0.00      0.00      0.00      0.00

06:23:46 PM     CPU     %user     %nice   %system   %iowait    %steal     %idle
06:23:47 PM     all     14.14      0.00     12.12      0.00      0.00     73.74

06:23:46 PM kbmemfree   kbavail kbmemused  %memused kbbuffers  kbcached  kbcommit   %commit  kbactive   kbinact   kbdirty
06:23:47 PM   1764220   4423132   3039916     38.76    118996   2571280   4819832     61.46   3771504   1878976    430444

06:23:46 PM     IFACE   rxpck/s   txpck/s    rxkB/s    txkB/s   rxcmp/s   txcmp/s  rxmcst/s   %ifutil
06:23:47 PM        lo      3.00      3.00      0.43      0.43      0.00      0.00      0.00      0.00
06:23:47 PM      eth0      4.00      2.00      0.73      0.21      0.00      0.00      0.00      0.00

06:23:47 PM     CPU     %user     %nice   %system   %iowait    %steal     %idle
06:23:48 PM     all     26.14      0.00     14.21     13.71      0.00     45.94

06:23:47 PM kbmemfree   kbavail kbmemused  %memused kbbuffers  kbcached  kbcommit   %commit  kbactive   kbinact   kbdirty
06:23:48 PM   1512056   4249096   3210388     40.94    119012   2631736   4995508     63.70   3941720   1939344    312556

06:23:47 PM     IFACE   rxpck/s   txpck/s    rxkB/s    txkB/s   rxcmp/s   txcmp/s  rxmcst/s   %ifutil
06:23:48 PM        lo      3.00      3.00      0.43      0.43      0.00      0.00      0.00      0.00
06:23:48 PM      eth0      4.00      2.00      0.73      0.21      0.00      0.00      0.00      0.00

06:23:48 PM     CPU     %user     %nice   %system   %iowait    %steal     %idle
06:23:49 PM     all     48.37      0.00      6.27     21.05      0.00     24.31

06:23:48 PM kbmemfree   kbavail kbmemused  %memused kbbuffers  kbcached  kbcommit   %commit  kbactive   kbinact   kbdirty
06:23:49 PM   1455860   4193032   3266432     41.65    119084   2631736   4923196     62.78   3995748   1939344    225640

06:23:48 PM     IFACE   rxpck/s   txpck/s    rxkB/s    txkB/s   rxcmp/s   txcmp/s  rxmcst/s   %ifutil
06:23:49 PM        lo     17.00     17.00      2.09      2.09      0.00      0.00      0.00      0.00
06:23:49 PM      eth0      8.00      4.00      1.77      0.42      0.00      0.00      0.00      0.00

06:23:49 PM     CPU     %user     %nice   %system   %iowait    %steal     %idle
06:23:50 PM     all     32.34      0.00      4.23     18.66      0.00     44.78

06:23:49 PM kbmemfree   kbavail kbmemused  %memused kbbuffers  kbcached  kbcommit   %commit  kbactive   kbinact   kbdirty
06:23:50 PM   1429844   4167120   3291984     41.98    119084   2631972   4923196     62.78   4021208   1939580    118516

06:23:49 PM     IFACE   rxpck/s   txpck/s    rxkB/s    txkB/s   rxcmp/s   txcmp/s  rxmcst/s   %ifutil
06:23:50 PM        lo     75.00     75.00    239.70    239.70      0.00      0.00      0.00      0.00
06:23:50 PM      eth0     35.00     28.00      3.21    234.08      0.00      0.00      0.00      0.00

06:23:50 PM     CPU     %user     %nice   %system   %iowait    %steal     %idle
06:23:51 PM     all     24.18      0.00      3.78      5.29      0.00     66.75

06:23:50 PM kbmemfree   kbavail kbmemused  %memused kbbuffers  kbcached  kbcommit   %commit  kbactive   kbinact   kbdirty
06:23:51 PM   1418300   4155860   3306296     42.16    119084   2632072   4902040     62.51   4036464   1939680     90580

06:23:50 PM     IFACE   rxpck/s   txpck/s    rxkB/s    txkB/s   rxcmp/s   txcmp/s  rxmcst/s   %ifutil
06:23:51 PM        lo     18.00     18.00      3.50      3.50      0.00      0.00      0.00      0.00
06:23:51 PM      eth0      5.00      3.00      0.77      0.25      0.00      0.00      0.00      0.00

06:23:51 PM     CPU     %user     %nice   %system   %iowait    %steal     %idle
06:23:52 PM     all      8.77      0.00      0.25      0.00      0.00     90.98

06:23:51 PM kbmemfree   kbavail kbmemused  %memused kbbuffers  kbcached  kbcommit   %commit  kbactive   kbinact   kbdirty
06:23:52 PM   1416000   4153560   3308596     42.19    119084   2632072   4902040     62.51   4039220   1939680     90580

06:23:51 PM     IFACE   rxpck/s   txpck/s    rxkB/s    txkB/s   rxcmp/s   txcmp/s  rxmcst/s   %ifutil
06:23:52 PM        lo     10.00     10.00      1.94      1.94      0.00      0.00      0.00      0.00
06:23:52 PM      eth0     15.00     12.00      2.53      2.67      0.00      0.00      0.00      0.00

06:23:52 PM     CPU     %user     %nice   %system   %iowait    %steal     %idle
06:23:53 PM     all      1.76      0.00      0.25      0.00      0.00     97.99

06:23:52 PM kbmemfree   kbavail kbmemused  %memused kbbuffers  kbcached  kbcommit   %commit  kbactive   kbinact   kbdirty
06:23:53 PM   1413224   4150788   3311368     42.22    119084   2632076   4902040     62.51   4042040   1939684     90584

06:23:52 PM     IFACE   rxpck/s   txpck/s    rxkB/s    txkB/s   rxcmp/s   txcmp/s  rxmcst/s   %ifutil
06:23:53 PM        lo      6.00      6.00      1.27      1.27      0.00      0.00      0.00      0.00
06:23:53 PM      eth0     41.00     40.00      3.94    235.94      0.00      0.00      0.00      0.00

06:23:53 PM     CPU     %user     %nice   %system   %iowait    %steal     %idle
06:23:54 PM     all      1.25      0.00      0.25      0.25      0.00     98.25

06:23:53 PM kbmemfree   kbavail kbmemused  %memused kbbuffers  kbcached  kbcommit   %commit  kbactive   kbinact   kbdirty
06:23:54 PM   1412688   4150260   3311888     42.23    119108   2632080   4902040     62.51   4042164   1939688     91400

06:23:53 PM     IFACE   rxpck/s   txpck/s    rxkB/s    txkB/s   rxcmp/s   txcmp/s  rxmcst/s   %ifutil
06:23:54 PM        lo      9.00      9.00      2.11      2.11      0.00      0.00      0.00      0.00
06:23:54 PM      eth0      6.00      3.00      0.95      0.28      0.00      0.00      0.00      0.00

06:23:54 PM     CPU     %user     %nice   %system   %iowait    %steal     %idle
06:23:55 PM     all      1.52      0.00      0.25      0.00      0.00     98.23

06:23:54 PM kbmemfree   kbavail kbmemused  %memused kbbuffers  kbcached  kbcommit   %commit  kbactive   kbinact   kbdirty
06:23:55 PM   1412152   4149740   3312424     42.24    119108   2632080   4902040     62.51   4042396   1939688     91400

06:23:54 PM     IFACE   rxpck/s   txpck/s    rxkB/s    txkB/s   rxcmp/s   txcmp/s  rxmcst/s   %ifutil
06:23:55 PM        lo      9.00      9.00      1.78      1.78      0.00      0.00      0.00      0.00
06:23:55 PM      eth0     16.00     11.00      3.02      1.30      0.00      0.00      0.00      0.00

06:23:55 PM     CPU     %user     %nice   %system   %iowait    %steal     %idle
06:23:56 PM     all      1.50      0.00      0.00      0.00      0.00     98.50

06:23:55 PM kbmemfree   kbavail kbmemused  %memused kbbuffers  kbcached  kbcommit   %commit  kbactive   kbinact   kbdirty
06:23:56 PM   1412024   4149616   3312552     42.24    119108   2632080   4902040     62.51   4042596   1939692     91400

06:23:55 PM     IFACE   rxpck/s   txpck/s    rxkB/s    txkB/s   rxcmp/s   txcmp/s  rxmcst/s   %ifutil
06:23:56 PM        lo      6.00      6.00      1.19      1.19      0.00      0.00      0.00      0.00
06:23:56 PM      eth0      9.00      5.00      1.32      0.46      0.00      0.00      0.00      0.00

06:23:56 PM     CPU     %user     %nice   %system   %iowait    %steal     %idle
06:23:57 PM     all      1.26      0.00      0.00      0.00      0.00     98.74

06:23:56 PM kbmemfree   kbavail kbmemused  %memused kbbuffers  kbcached  kbcommit   %commit  kbactive   kbinact   kbdirty
06:23:57 PM   1411992   4149588   3312580     42.24    119108   2632084   4902040     62.51   4042712   1939696     91404

06:23:56 PM     IFACE   rxpck/s   txpck/s    rxkB/s    txkB/s   rxcmp/s   txcmp/s  rxmcst/s   %ifutil
06:23:57 PM        lo      6.00      6.00      1.19      1.19      0.00      0.00      0.00      0.00
06:23:57 PM      eth0     38.00     29.00      5.90      5.31      0.00      0.00      0.00      0.00

06:23:57 PM     CPU     %user     %nice   %system   %iowait    %steal     %idle
06:23:58 PM     all      0.25      0.00      0.00      0.00      0.00     99.75

06:23:57 PM kbmemfree   kbavail kbmemused  %memused kbbuffers  kbcached  kbcommit   %commit  kbactive   kbinact   kbdirty
06:23:58 PM   1411708   4149304   3312864     42.24    119108   2632084   4902040     62.51   4042752   1939696     91404

06:23:57 PM     IFACE   rxpck/s   txpck/s    rxkB/s    txkB/s   rxcmp/s   txcmp/s  rxmcst/s   %ifutil
06:23:58 PM        lo      9.00      9.00      1.78      1.78      0.00      0.00      0.00      0.00
06:23:58 PM      eth0     21.00     15.00      3.61      2.54      0.00      0.00      0.00      0.00

06:23:58 PM     CPU     %user     %nice   %system   %iowait    %steal     %idle
06:23:59 PM     all      2.01      0.00      0.50      0.00      0.00     97.49

06:23:58 PM kbmemfree   kbavail kbmemused  %memused kbbuffers  kbcached  kbcommit   %commit  kbactive   kbinact   kbdirty
06:23:59 PM   1402508   4140112   3322056     42.36    119116   2632084   4902040     62.51   4051924   1939692     91404

06:23:58 PM     IFACE   rxpck/s   txpck/s    rxkB/s    txkB/s   rxcmp/s   txcmp/s  rxmcst/s   %ifutil
06:23:59 PM        lo      9.00      9.00      1.96      1.96      0.00      0.00      0.00      0.00
06:23:59 PM      eth0     22.00     18.00      3.88      1.98      0.00      0.00      0.00      0.00

06:23:59 PM     CPU     %user     %nice   %system   %iowait    %steal     %idle
06:24:00 PM     all      0.25      0.00      0.00      0.00      0.00     99.75

06:23:59 PM kbmemfree   kbavail kbmemused  %memused kbbuffers  kbcached  kbcommit   %commit  kbactive   kbinact   kbdirty
06:24:00 PM   1402444   4140052   3322116     42.36    119116   2632088   4902040     62.51   4052044   1939696     91408

06:23:59 PM     IFACE   rxpck/s   txpck/s    rxkB/s    txkB/s   rxcmp/s   txcmp/s  rxmcst/s   %ifutil
06:24:00 PM        lo      6.00      6.00      1.19      1.19      0.00      0.00      0.00      0.00
06:24:00 PM      eth0     34.00     24.00      6.07      3.01      0.00      0.00      0.00      0.00

06:24:00 PM     CPU     %user     %nice   %system   %iowait    %steal     %idle
06:24:01 PM     all      1.75      0.00      0.25      0.00      0.00     98.00

06:24:00 PM kbmemfree   kbavail kbmemused  %memused kbbuffers  kbcached  kbcommit   %commit  kbactive   kbinact   kbdirty
06:24:01 PM   1402664   4140036   3322132     42.36    119116   2631852   4902040     62.51   4052036   1939460     91172

06:24:00 PM     IFACE   rxpck/s   txpck/s    rxkB/s    txkB/s   rxcmp/s   txcmp/s  rxmcst/s   %ifutil
06:24:01 PM        lo     12.00     12.00      2.00      2.00      0.00      0.00      0.00      0.00
06:24:01 PM      eth0     10.00      5.00      2.37      0.57      0.00      0.00      0.00      0.00

06:24:01 PM     CPU     %user     %nice   %system   %iowait    %steal     %idle
06:24:02 PM     all      2.76      0.00      0.25      0.00      0.00     96.99

06:24:01 PM kbmemfree   kbavail kbmemused  %memused kbbuffers  kbcached  kbcommit   %commit  kbactive   kbinact   kbdirty
06:24:02 PM   1402916   4140288   3321888     42.36    119116   2631852   4902040     62.51   4052172   1939460     91172

06:24:01 PM     IFACE   rxpck/s   txpck/s    rxkB/s    txkB/s   rxcmp/s   txcmp/s  rxmcst/s   %ifutil
06:24:02 PM        lo      6.00      6.00      1.19      1.19      0.00      0.00      0.00      0.00
06:24:02 PM      eth0     20.00     12.00      3.44      1.43      0.00      0.00      0.00      0.00

06:24:02 PM     CPU     %user     %nice   %system   %iowait    %steal     %idle
06:24:03 PM     all      0.75      0.00      0.25      0.00      0.00     98.99

06:24:02 PM kbmemfree   kbavail kbmemused  %memused kbbuffers  kbcached  kbcommit   %commit  kbactive   kbinact   kbdirty
06:24:03 PM   1402788   4140160   3322016     42.36    119116   2631852   4902040     62.51   4052144   1939460     91172

06:24:02 PM     IFACE   rxpck/s   txpck/s    rxkB/s    txkB/s   rxcmp/s   txcmp/s  rxmcst/s   %ifutil
06:24:03 PM        lo      9.00      9.00      1.96      1.96      0.00      0.00      0.00      0.00
06:24:03 PM      eth0     18.00      9.00      2.81      3.00      0.00      0.00      0.00      0.00

06:24:03 PM     CPU     %user     %nice   %system   %iowait    %steal     %idle
06:24:04 PM     all      1.01      0.00      0.00      0.00      0.00     98.99

06:24:03 PM kbmemfree   kbavail kbmemused  %memused kbbuffers  kbcached  kbcommit   %commit  kbactive   kbinact   kbdirty
06:24:04 PM   1402724   4140096   3322072     42.36    119124   2631852   4902040     62.51   4052168   1939460     91172

06:24:03 PM     IFACE   rxpck/s   txpck/s    rxkB/s    txkB/s   rxcmp/s   txcmp/s  rxmcst/s   %ifutil
06:24:04 PM        lo      9.00      9.00      1.78      1.78      0.00      0.00      0.00      0.00
06:24:04 PM      eth0     10.00      5.00      2.37      0.64      0.00      0.00      0.00      0.00

06:24:04 PM     CPU     %user     %nice   %system   %iowait    %steal     %idle
06:24:05 PM     all      0.25      0.00      0.00      0.00      0.00     99.75

06:24:04 PM kbmemfree   kbavail kbmemused  %memused kbbuffers  kbcached  kbcommit   %commit  kbactive   kbinact   kbdirty
06:24:05 PM   1402376   4139748   3322416     42.36    119124   2631856   4902040     62.51   4052184   1939460     91176

06:24:04 PM     IFACE   rxpck/s   txpck/s    rxkB/s    txkB/s   rxcmp/s   txcmp/s  rxmcst/s   %ifutil
06:24:05 PM        lo      6.00      6.00      1.19      1.19      0.00      0.00      0.00      0.00
06:24:05 PM      eth0      6.00      3.00      1.33      0.36      0.00      0.00      0.00      0.00

06:24:05 PM     CPU     %user     %nice   %system   %iowait    %steal     %idle
06:24:06 PM     all      0.50      0.00      0.00      0.00      0.00     99.50

06:24:05 PM kbmemfree   kbavail kbmemused  %memused kbbuffers  kbcached  kbcommit   %commit  kbactive   kbinact   kbdirty
06:24:06 PM   1402248   4139684   3322480     42.36    119124   2631856   4902040     62.51   4052204   1939460     91176

06:24:05 PM     IFACE   rxpck/s   txpck/s    rxkB/s    txkB/s   rxcmp/s   txcmp/s  rxmcst/s   %ifutil
06:24:06 PM        lo      6.00      6.00      1.19      1.19      0.00      0.00      0.00      0.00
06:24:06 PM      eth0      6.00      3.00      1.33      0.36      0.00      0.00      0.00      0.00

06:24:06 PM     CPU     %user     %nice   %system   %iowait    %steal     %idle
06:24:07 PM     all      0.75      0.00      0.00      0.00      0.00     99.25

06:24:06 PM kbmemfree   kbavail kbmemused  %memused kbbuffers  kbcached  kbcommit   %commit  kbactive   kbinact   kbdirty
06:24:07 PM   1402056   4139672   3322496     42.37    119124   2631856   4902040     62.51   4052288   1939464     91176

06:24:06 PM     IFACE   rxpck/s   txpck/s    rxkB/s    txkB/s   rxcmp/s   txcmp/s  rxmcst/s   %ifutil
06:24:07 PM        lo     12.00     12.00      2.54      2.54      0.00      0.00      0.00      0.00
06:24:07 PM      eth0     15.00      8.00      2.67      0.74      0.00      0.00      0.00      0.00

06:24:07 PM     CPU     %user     %nice   %system   %iowait    %steal     %idle
06:24:08 PM     all      0.50      0.00      0.50      0.00      0.00     99.00

06:24:07 PM kbmemfree   kbavail kbmemused  %memused kbbuffers  kbcached  kbcommit   %commit  kbactive   kbinact   kbdirty
06:24:08 PM   1401576   4139668   3322500     42.37    119124   2631856   4902040     62.51   4052304   1939464     91176

06:24:07 PM     IFACE   rxpck/s   txpck/s    rxkB/s    txkB/s   rxcmp/s   txcmp/s  rxmcst/s   %ifutil
06:24:08 PM        lo      6.00      6.00      1.19      1.19      0.00      0.00      0.00      0.00
06:24:08 PM      eth0     10.00      5.00      1.58      0.48      0.00      0.00      0.00      0.00

06:24:08 PM     CPU     %user     %nice   %system   %iowait    %steal     %idle
06:24:09 PM     all      0.75      0.00      0.00      0.00      0.00     99.25

06:24:08 PM kbmemfree   kbavail kbmemused  %memused kbbuffers  kbcached  kbcommit   %commit  kbactive   kbinact   kbdirty
06:24:09 PM   1401480   4139580   3322592     42.37    119128   2631856   4902040     62.51   4052376   1939464     91176

06:24:08 PM     IFACE   rxpck/s   txpck/s    rxkB/s    txkB/s   rxcmp/s   txcmp/s  rxmcst/s   %ifutil
06:24:09 PM        lo      6.00      6.00      1.19      1.19      0.00      0.00      0.00      0.00
06:24:09 PM      eth0      6.00      3.00      1.33      0.36      0.00      0.00      0.00      0.00

06:24:09 PM     CPU     %user     %nice   %system   %iowait    %steal     %idle
06:24:10 PM     all      0.25      0.00      0.00      0.00      0.00     99.75

06:24:09 PM kbmemfree   kbavail kbmemused  %memused kbbuffers  kbcached  kbcommit   %commit  kbactive   kbinact   kbdirty
06:24:10 PM   1401144   4139636   3322540     42.37    119128   2631856   4902040     62.51   4052484   1939464     91176

06:24:09 PM     IFACE   rxpck/s   txpck/s    rxkB/s    txkB/s   rxcmp/s   txcmp/s  rxmcst/s   %ifutil
06:24:10 PM        lo      9.00      9.00      1.78      1.78      0.00      0.00      0.00      0.00
06:24:10 PM      eth0     10.00      5.00      2.37      0.57      0.00      0.00      0.00      0.00

06:24:10 PM     CPU     %user     %nice   %system   %iowait    %steal     %idle
06:24:11 PM     all      0.75      0.00      0.75      0.00      0.00     98.51

06:24:10 PM kbmemfree   kbavail kbmemused  %memused kbbuffers  kbcached  kbcommit   %commit  kbactive   kbinact   kbdirty
06:24:11 PM   1400652   4139316   3322856     42.37    119128   2631860   4902040     62.51   4052484   1939464     91180

06:24:10 PM     IFACE   rxpck/s   txpck/s    rxkB/s    txkB/s   rxcmp/s   txcmp/s  rxmcst/s   %ifutil
06:24:11 PM        lo      9.00      9.00      1.96      1.96      0.00      0.00      0.00      0.00
06:24:11 PM      eth0      6.00      3.00      1.33      0.36      0.00      0.00      0.00      0.00

06:24:11 PM     CPU     %user     %nice   %system   %iowait    %steal     %idle
06:24:12 PM     all      0.25      0.00      0.00      0.00      0.00     99.75

06:24:11 PM kbmemfree   kbavail kbmemused  %memused kbbuffers  kbcached  kbcommit   %commit  kbactive   kbinact   kbdirty
06:24:12 PM   1400508   4139332   3322840     42.37    119128   2631860   4902040     62.51   4052520   1939464     91180

06:24:11 PM     IFACE   rxpck/s   txpck/s    rxkB/s    txkB/s   rxcmp/s   txcmp/s  rxmcst/s   %ifutil
06:24:12 PM        lo      6.00      6.00      1.19      1.19      0.00      0.00      0.00      0.00
06:24:12 PM      eth0      7.00      4.00      1.38      0.40      0.00      0.00      0.00      0.00

06:24:12 PM     CPU     %user     %nice   %system   %iowait    %steal     %idle
06:24:13 PM     all      0.50      0.00      0.00      0.00      0.00     99.50

06:24:12 PM kbmemfree   kbavail kbmemused  %memused kbbuffers  kbcached  kbcommit   %commit  kbactive   kbinact   kbdirty
06:24:13 PM   1400412   4139236   3322936     42.37    119128   2631860   4902040     62.51   4052528   1939464     91180

06:24:12 PM     IFACE   rxpck/s   txpck/s    rxkB/s    txkB/s   rxcmp/s   txcmp/s  rxmcst/s   %ifutil
06:24:13 PM        lo      9.00      9.00      1.78      1.78      0.00      0.00      0.00      0.00
06:24:13 PM      eth0     17.00     10.00      2.81      2.85      0.00      0.00      0.00      0.00

06:24:13 PM     CPU     %user     %nice   %system   %iowait    %steal     %idle
06:24:14 PM     all      0.25      0.00      0.00      0.00      0.00     99.75

06:24:13 PM kbmemfree   kbavail kbmemused  %memused kbbuffers  kbcached  kbcommit   %commit  kbactive   kbinact   kbdirty
06:24:14 PM   1400316   4139148   3323024     42.37    119136   2631860   4902040     62.51   4052404   1939464     91180

06:24:13 PM     IFACE   rxpck/s   txpck/s    rxkB/s    txkB/s   rxcmp/s   txcmp/s  rxmcst/s   %ifutil
06:24:14 PM        lo      6.00      6.00      1.19      1.19      0.00      0.00      0.00      0.00
06:24:14 PM      eth0      6.00      3.00      1.33      0.36      0.00      0.00      0.00      0.00

06:24:14 PM     CPU     %user     %nice   %system   %iowait    %steal     %idle
06:24:15 PM     all      0.50      0.00      0.25      0.00      0.00     99.25

06:24:14 PM kbmemfree   kbavail kbmemused  %memused kbbuffers  kbcached  kbcommit   %commit  kbactive   kbinact   kbdirty
06:24:15 PM   1400252   4139084   3323088     42.37    119136   2631860   4902040     62.51   4052420   1939464     91180

06:24:14 PM     IFACE   rxpck/s   txpck/s    rxkB/s    txkB/s   rxcmp/s   txcmp/s  rxmcst/s   %ifutil
06:24:15 PM        lo      9.00      9.00      1.96      1.96      0.00      0.00      0.00      0.00
06:24:15 PM      eth0      6.00      3.00      1.33      0.36      0.00      0.00      0.00      0.00

06:24:15 PM     CPU     %user     %nice   %system   %iowait    %steal     %idle
06:24:16 PM     all      0.75      0.00      0.00      0.00      0.00     99.25

06:24:15 PM kbmemfree   kbavail kbmemused  %memused kbbuffers  kbcached  kbcommit   %commit  kbactive   kbinact   kbdirty
06:24:16 PM   1400188   4139024   3323152     42.37    119136   2631860   4902040     62.51   4052420   1939468     91180

06:24:15 PM     IFACE   rxpck/s   txpck/s    rxkB/s    txkB/s   rxcmp/s   txcmp/s  rxmcst/s   %ifutil
06:24:16 PM        lo      9.00      9.00      1.78      1.78      0.00      0.00      0.00      0.00
06:24:16 PM      eth0     10.00      5.00      2.37      0.57      0.00      0.00      0.00      0.00

06:24:16 PM     CPU     %user     %nice   %system   %iowait    %steal     %idle
06:24:17 PM     all      0.25      0.00      0.25      0.00      0.00     99.50

06:24:16 PM kbmemfree   kbavail kbmemused  %memused kbbuffers  kbcached  kbcommit   %commit  kbactive   kbinact   kbdirty
06:24:17 PM   1400156   4138992   3323180     42.37    119136   2631864   4902040     62.51   4052428   1939468     91184

06:24:16 PM     IFACE   rxpck/s   txpck/s    rxkB/s    txkB/s   rxcmp/s   txcmp/s  rxmcst/s   %ifutil
06:24:17 PM        lo      6.00      6.00      1.19      1.19      0.00      0.00      0.00      0.00
06:24:17 PM      eth0      7.00      4.00      1.38      0.40      0.00      0.00      0.00      0.00

06:24:17 PM     CPU     %user     %nice   %system   %iowait    %steal     %idle
06:24:18 PM     all      0.50      0.00      0.25      0.00      0.00     99.25

06:24:17 PM kbmemfree   kbavail kbmemused  %memused kbbuffers  kbcached  kbcommit   %commit  kbactive   kbinact   kbdirty
06:24:18 PM   1400060   4138896   3323276     42.37    119136   2631864   4902040     62.51   4052368   1939468     91188

06:24:17 PM     IFACE   rxpck/s   txpck/s    rxkB/s    txkB/s   rxcmp/s   txcmp/s  rxmcst/s   %ifutil
06:24:18 PM        lo      6.00      6.00      1.19      1.19      0.00      0.00      0.00      0.00
06:24:18 PM      eth0      6.00      3.00      1.33      0.36      0.00      0.00      0.00      0.00

06:24:18 PM     CPU     %user     %nice   %system   %iowait    %steal     %idle
06:24:19 PM     all     57.39      0.00      2.26      0.00      0.00     40.35

06:24:18 PM kbmemfree   kbavail kbmemused  %memused kbbuffers  kbcached  kbcommit   %commit  kbactive   kbinact   kbdirty
06:24:19 PM   1296656   4036748   3425352     43.68    119184   2632948   5116168     65.24   4154968   1939504     91240

06:24:18 PM     IFACE   rxpck/s   txpck/s    rxkB/s    txkB/s   rxcmp/s   txcmp/s  rxmcst/s   %ifutil
06:24:19 PM        lo     98.00     98.00   1065.14   1065.14      0.00      0.00      0.00      0.00
06:24:19 PM      eth0     10.00      5.00      2.37      0.57      0.00      0.00      0.00      0.00

06:24:19 PM     CPU     %user     %nice   %system   %iowait    %steal     %idle
06:24:20 PM     all     19.75      0.00      0.25      0.25      0.00     79.75

06:24:19 PM kbmemfree   kbavail kbmemused  %memused kbbuffers  kbcached  kbcommit   %commit  kbactive   kbinact   kbdirty
06:24:20 PM   1264904   4005080   3457012     44.08    119216   2633036   5147168     65.63   4185348   1939632     91344

06:24:19 PM     IFACE   rxpck/s   txpck/s    rxkB/s    txkB/s   rxcmp/s   txcmp/s  rxmcst/s   %ifutil
06:24:20 PM        lo     21.00     21.00    103.74    103.74      0.00      0.00      0.00      0.00
06:24:20 PM      eth0      7.00      4.00      1.39      1.60      0.00      0.00      0.00      0.00

06:24:20 PM     CPU     %user     %nice   %system   %iowait    %steal     %idle
06:24:21 PM     all      0.75      0.00      0.50      2.01      0.00     96.74

06:24:20 PM kbmemfree   kbavail kbmemused  %memused kbbuffers  kbcached  kbcommit   %commit  kbactive   kbinact   kbdirty
06:24:21 PM   1264524   4004700   3457392     44.09    119216   2633036   5147168     65.63   4185348   1939632     75716

06:24:20 PM     IFACE   rxpck/s   txpck/s    rxkB/s    txkB/s   rxcmp/s   txcmp/s  rxmcst/s   %ifutil
06:24:21 PM        lo      6.00      6.00      1.19      1.19      0.00      0.00      0.00      0.00
06:24:21 PM      eth0      6.00      3.00      1.33      0.36      0.00      0.00      0.00      0.00

06:24:21 PM     CPU     %user     %nice   %system   %iowait    %steal     %idle
06:24:22 PM     all      0.25      0.00      0.76      3.30      0.00     95.69

06:24:21 PM kbmemfree   kbavail kbmemused  %memused kbbuffers  kbcached  kbcommit   %commit  kbactive   kbinact   kbdirty
06:24:22 PM   1284432   4024544   3437492     43.83    119216   2633036   5135708     65.49   4163960   1939636       200

06:24:21 PM     IFACE   rxpck/s   txpck/s    rxkB/s    txkB/s   rxcmp/s   txcmp/s  rxmcst/s   %ifutil
06:24:22 PM        lo      9.00      9.00      1.78      1.78      0.00      0.00      0.00      0.00
06:24:22 PM      eth0     11.00      6.00      2.42      0.61      0.00      0.00      0.00      0.00

06:24:22 PM     CPU     %user     %nice   %system   %iowait    %steal     %idle
06:24:23 PM     all      0.50      0.00      0.00      0.00      0.00     99.50

06:24:22 PM kbmemfree   kbavail kbmemused  %memused kbbuffers  kbcached  kbcommit   %commit  kbactive   kbinact   kbdirty
06:24:23 PM   1284368   4024480   3437552     43.83    119216   2633040   5135708     65.49   4163960   1939636       220

06:24:22 PM     IFACE   rxpck/s   txpck/s    rxkB/s    txkB/s   rxcmp/s   txcmp/s  rxmcst/s   %ifutil
06:24:23 PM        lo      9.00      9.00      1.96      1.96      0.00      0.00      0.00      0.00
06:24:23 PM      eth0      6.00      3.00      1.33      0.36      0.00      0.00      0.00      0.00

06:24:23 PM     CPU     %user     %nice   %system   %iowait    %steal     %idle
06:24:24 PM     all      0.50      0.00      0.00      0.00      0.00     99.50

06:24:23 PM kbmemfree   kbavail kbmemused  %memused kbbuffers  kbcached  kbcommit   %commit  kbactive   kbinact   kbdirty
06:24:24 PM   1284336   4024448   3437584     43.83    119216   2633040   5135708     65.49   4163988   1939636       228

06:24:23 PM     IFACE   rxpck/s   txpck/s    rxkB/s    txkB/s   rxcmp/s   txcmp/s  rxmcst/s   %ifutil
06:24:24 PM        lo      6.00      6.00      1.19      1.19      0.00      0.00      0.00      0.00
06:24:24 PM      eth0      6.00      3.00      1.33      0.36      0.00      0.00      0.00      0.00

06:24:24 PM     CPU     %user     %nice   %system   %iowait    %steal     %idle
06:24:25 PM     all      0.50      0.00      0.50      0.25      0.00     98.75

06:24:24 PM kbmemfree   kbavail kbmemused  %memused kbbuffers  kbcached  kbcommit   %commit  kbactive   kbinact   kbdirty
06:24:25 PM   1284272   4024392   3437644     43.83    119232   2633040   5135708     65.49   4164084   1939640      2992

06:24:24 PM     IFACE   rxpck/s   txpck/s    rxkB/s    txkB/s   rxcmp/s   txcmp/s  rxmcst/s   %ifutil
06:24:25 PM        lo      9.00      9.00      1.78      1.78      0.00      0.00      0.00      0.00
06:24:25 PM      eth0     10.00      5.00      2.37      0.57      0.00      0.00      0.00      0.00

06:24:25 PM     CPU     %user     %nice   %system   %iowait    %steal     %idle
06:24:26 PM     all      0.50      0.00      0.25      0.00      0.00     99.25

06:24:25 PM kbmemfree   kbavail kbmemused  %memused kbbuffers  kbcached  kbcommit   %commit  kbactive   kbinact   kbdirty
06:24:26 PM   1284272   4024400   3437644     43.83    119232   2633040   5135708     65.49   4164148   1939636      2996

06:24:25 PM     IFACE   rxpck/s   txpck/s    rxkB/s    txkB/s   rxcmp/s   txcmp/s  rxmcst/s   %ifutil
06:24:26 PM        lo      6.00      6.00      1.19      1.19      0.00      0.00      0.00      0.00
06:24:26 PM      eth0      6.00      3.00      1.34      0.36      0.00      0.00      0.00      0.00

06:24:26 PM     CPU     %user     %nice   %system   %iowait    %steal     %idle
06:24:27 PM     all      1.00      0.00      0.25      0.00      0.00     98.75

06:24:26 PM kbmemfree   kbavail kbmemused  %memused kbbuffers  kbcached  kbcommit   %commit  kbactive   kbinact   kbdirty
06:24:27 PM   1284240   4024372   3437676     43.83    119232   2633040   5135708     65.49   4164292   1939640      3000

06:24:26 PM     IFACE   rxpck/s   txpck/s    rxkB/s    txkB/s   rxcmp/s   txcmp/s  rxmcst/s   %ifutil
06:24:27 PM        lo      9.00      9.00      1.96      1.96      0.00      0.00      0.00      0.00
06:24:27 PM      eth0      6.00      3.00      1.34      0.36      0.00      0.00      0.00      0.00

06:24:27 PM     CPU     %user     %nice   %system   %iowait    %steal     %idle
06:24:28 PM     all      0.25      0.00      0.25      0.00      0.00     99.50

06:24:27 PM kbmemfree   kbavail kbmemused  %memused kbbuffers  kbcached  kbcommit   %commit  kbactive   kbinact   kbdirty
06:24:28 PM   1284176   4024308   3437736     43.83    119232   2633044   5135708     65.49   4164388   1939640      3004

06:24:27 PM     IFACE   rxpck/s   txpck/s    rxkB/s    txkB/s   rxcmp/s   txcmp/s  rxmcst/s   %ifutil
06:24:28 PM        lo      9.00      9.00      1.78      1.78      0.00      0.00      0.00      0.00
06:24:28 PM      eth0     11.00      6.00      2.42      0.61      0.00      0.00      0.00      0.00

06:24:28 PM     CPU     %user     %nice   %system   %iowait    %steal     %idle
06:24:29 PM     all      1.00      0.00      0.00      0.00      0.00     99.00

06:24:28 PM kbmemfree   kbavail kbmemused  %memused kbbuffers  kbcached  kbcommit   %commit  kbactive   kbinact   kbdirty
06:24:29 PM   1284144   4024276   3437768     43.83    119232   2633044   5135708     65.49   4164332   1939640      3008

06:24:28 PM     IFACE   rxpck/s   txpck/s    rxkB/s    txkB/s   rxcmp/s   txcmp/s  rxmcst/s   %ifutil
06:24:29 PM        lo      9.00      9.00      1.35      1.35      0.00      0.00      0.00      0.00
06:24:29 PM      eth0      6.00      3.00      1.34      0.36      0.00      0.00      0.00      0.00

06:24:29 PM     CPU     %user     %nice   %system   %iowait    %steal     %idle
06:24:30 PM     all      0.00      0.00      0.00      0.25      0.00     99.75

06:24:29 PM kbmemfree   kbavail kbmemused  %memused kbbuffers  kbcached  kbcommit   %commit  kbactive   kbinact   kbdirty
06:24:30 PM   1284900   4024328   3437712     43.83    119236   2633044   5135708     65.49   4164208   1939640      3008

06:24:29 PM     IFACE   rxpck/s   txpck/s    rxkB/s    txkB/s   rxcmp/s   txcmp/s  rxmcst/s   %ifutil
06:24:30 PM        lo      9.00      9.00      1.35      1.35      0.00      0.00      0.00      0.00
06:24:30 PM      eth0      6.00      3.00      1.34      0.36      0.00      0.00      0.00      0.00

06:24:30 PM     CPU     %user     %nice   %system   %iowait    %steal     %idle
06:24:31 PM     all      1.00      0.00      0.00      0.00      0.00     99.00

06:24:30 PM kbmemfree   kbavail kbmemused  %memused kbbuffers  kbcached  kbcommit   %commit  kbactive   kbinact   kbdirty
06:24:31 PM   1284868   4024296   3437744     43.83    119236   2633044   5135708     65.49   4164268   1939640      3008

06:24:30 PM     IFACE   rxpck/s   txpck/s    rxkB/s    txkB/s   rxcmp/s   txcmp/s  rxmcst/s   %ifutil
06:24:31 PM        lo     12.00     12.00      2.54      2.54      0.00      0.00      0.00      0.00
06:24:31 PM      eth0     10.00      5.00      2.38      0.57      0.00      0.00      0.00      0.00

06:24:31 PM     CPU     %user     %nice   %system   %iowait    %steal     %idle
06:24:32 PM     all      0.50      0.00      0.50      0.00      0.00     99.00

06:24:31 PM kbmemfree   kbavail kbmemused  %memused kbbuffers  kbcached  kbcommit   %commit  kbactive   kbinact   kbdirty
06:24:32 PM   1284804   4024236   3437808     43.84    119236   2633044   5135708     65.49   4164328   1939640      3008

06:24:31 PM     IFACE   rxpck/s   txpck/s    rxkB/s    txkB/s   rxcmp/s   txcmp/s  rxmcst/s   %ifutil
06:24:32 PM        lo      6.00      6.00      1.19      1.19      0.00      0.00      0.00      0.00
06:24:32 PM      eth0      6.00      3.00      1.34      0.36      0.00      0.00      0.00      0.00

06:24:32 PM     CPU     %user     %nice   %system   %iowait    %steal     %idle
06:24:33 PM     all      0.50      0.00      0.25      0.00      0.00     99.25

06:24:32 PM kbmemfree   kbavail kbmemused  %memused kbbuffers  kbcached  kbcommit   %commit  kbactive   kbinact   kbdirty
06:24:33 PM   1284740   4024172   3437872     43.84    119236   2633044   5135708     65.49   4164408   1939640      3008

06:24:32 PM     IFACE   rxpck/s   txpck/s    rxkB/s    txkB/s   rxcmp/s   txcmp/s  rxmcst/s   %ifutil
06:24:33 PM        lo      6.00      6.00      1.20      1.20      0.00      0.00      0.00      0.00
06:24:33 PM      eth0      6.00      3.00      1.34      0.36      0.00      0.00      0.00      0.00

06:24:33 PM     CPU     %user     %nice   %system   %iowait    %steal     %idle
06:24:34 PM     all      0.75      0.00      0.00      0.00      0.00     99.25

06:24:33 PM kbmemfree   kbavail kbmemused  %memused kbbuffers  kbcached  kbcommit   %commit  kbactive   kbinact   kbdirty
06:24:34 PM   1284708   4024140   3437900     43.84    119236   2633048   5135708     65.49   4164432   1939640      3012

06:24:33 PM     IFACE   rxpck/s   txpck/s    rxkB/s    txkB/s   rxcmp/s   txcmp/s  rxmcst/s   %ifutil
06:24:34 PM        lo      9.00      9.00      1.78      1.78      0.00      0.00      0.00      0.00
06:24:34 PM      eth0     11.00      6.00      2.42      0.61      0.00      0.00      0.00      0.00

06:24:34 PM     CPU     %user     %nice   %system   %iowait    %steal     %idle
06:24:35 PM     all      1.00      0.00      0.00      0.00      0.00     99.00

06:24:34 PM kbmemfree   kbavail kbmemused  %memused kbbuffers  kbcached  kbcommit   %commit  kbactive   kbinact   kbdirty
06:24:35 PM   1284708   4024148   3437892     43.84    119244   2633048   5135708     65.49   4164516   1939644      3012

06:24:34 PM     IFACE   rxpck/s   txpck/s    rxkB/s    txkB/s   rxcmp/s   txcmp/s  rxmcst/s   %ifutil
06:24:35 PM        lo      9.00      9.00      1.96      1.96      0.00      0.00      0.00      0.00
06:24:35 PM      eth0      6.00      3.00      1.34      0.36      0.00      0.00      0.00      0.00

06:24:35 PM     CPU     %user     %nice   %system   %iowait    %steal     %idle
06:24:36 PM     all      0.25      0.00      0.25      0.00      0.00     99.50

06:24:35 PM kbmemfree   kbavail kbmemused  %memused kbbuffers  kbcached  kbcommit   %commit  kbactive   kbinact   kbdirty
06:24:36 PM   1284676   4024116   3437924     43.84    119244   2633048   5135708     65.49   4164584   1939644      3012

06:24:35 PM     IFACE   rxpck/s   txpck/s    rxkB/s    txkB/s   rxcmp/s   txcmp/s  rxmcst/s   %ifutil
06:24:36 PM        lo      6.00      6.00      1.20      1.20      0.00      0.00      0.00      0.00
06:24:36 PM      eth0      6.00      3.00      1.34      0.36      0.00      0.00      0.00      0.00

06:24:36 PM     CPU     %user     %nice   %system   %iowait    %steal     %idle
06:24:37 PM     all      0.00      0.00      0.00      0.00      0.00    100.00

06:24:36 PM kbmemfree   kbavail kbmemused  %memused kbbuffers  kbcached  kbcommit   %commit  kbactive   kbinact   kbdirty
06:24:37 PM   1284580   4024020   3438020     43.84    119244   2633048   5135708     65.49   4164624   1939644      3012

06:24:36 PM     IFACE   rxpck/s   txpck/s    rxkB/s    txkB/s   rxcmp/s   txcmp/s  rxmcst/s   %ifutil
06:24:37 PM        lo      9.00      9.00      1.78      1.78      0.00      0.00      0.00      0.00
06:24:37 PM      eth0     10.00      5.00      2.38      0.57      0.00      0.00      0.00      0.00

06:24:37 PM     CPU     %user     %nice   %system   %iowait    %steal     %idle
06:24:38 PM     all      0.50      0.00      0.00      0.00      0.00     99.50

06:24:37 PM kbmemfree   kbavail kbmemused  %memused kbbuffers  kbcached  kbcommit   %commit  kbactive   kbinact   kbdirty
06:24:38 PM   1284328   4023768   3438272     43.84    119244   2633048   5135708     65.49   4164696   1939644      3012

06:24:37 PM     IFACE   rxpck/s   txpck/s    rxkB/s    txkB/s   rxcmp/s   txcmp/s  rxmcst/s   %ifutil
06:24:38 PM        lo      6.00      6.00      1.20      1.20      0.00      0.00      0.00      0.00
06:24:38 PM      eth0      6.00      3.00      1.34      0.36      0.00      0.00      0.00      0.00

06:24:38 PM     CPU     %user     %nice   %system   %iowait    %steal     %idle
06:24:39 PM     all      0.25      0.00      0.00      0.00      0.00     99.75

06:24:38 PM kbmemfree   kbavail kbmemused  %memused kbbuffers  kbcached  kbcommit   %commit  kbactive   kbinact   kbdirty
06:24:39 PM   1284296   4023744   3438304     43.84    119244   2633048   5135708     65.49   4164884   1939648      3012

06:24:38 PM     IFACE   rxpck/s   txpck/s    rxkB/s    txkB/s   rxcmp/s   txcmp/s  rxmcst/s   %ifutil
06:24:39 PM        lo      9.00      9.00      1.96      1.96      0.00      0.00      0.00      0.00
06:24:39 PM      eth0      7.00      4.00      1.38      0.40      0.00      0.00      0.00      0.00

06:24:39 PM     CPU     %user     %nice   %system   %iowait    %steal     %idle
06:24:40 PM     all      0.25      0.00      0.00      0.00      0.00     99.75

06:24:39 PM kbmemfree   kbavail kbmemused  %memused kbbuffers  kbcached  kbcommit   %commit  kbactive   kbinact   kbdirty
06:24:40 PM   1284264   4023716   3438328     43.84    119248   2633052   5135708     65.49   4164672   1939648      3016

06:24:39 PM     IFACE   rxpck/s   txpck/s    rxkB/s    txkB/s   rxcmp/s   txcmp/s  rxmcst/s   %ifutil
06:24:40 PM        lo      9.00      9.00      1.78      1.78      0.00      0.00      0.00      0.00
06:24:40 PM      eth0     10.00      5.00      2.38      0.57      0.00      0.00      0.00      0.00

06:24:40 PM     CPU     %user     %nice   %system   %iowait    %steal     %idle
06:24:41 PM     all      0.75      0.00      0.00      0.00      0.00     99.25

06:24:40 PM kbmemfree   kbavail kbmemused  %memused kbbuffers  kbcached  kbcommit   %commit  kbactive   kbinact   kbdirty
06:24:41 PM   1284264   4023716   3438328     43.84    119248   2633052   5135708     65.49   4164716   1939648      3016

06:24:40 PM     IFACE   rxpck/s   txpck/s    rxkB/s    txkB/s   rxcmp/s   txcmp/s  rxmcst/s   %ifutil
06:24:41 PM        lo      6.00      6.00      1.20      1.20      0.00      0.00      0.00      0.00
06:24:41 PM      eth0      6.00      3.00      1.34      0.36      0.00      0.00      0.00      0.00

06:24:41 PM     CPU     %user     %nice   %system   %iowait    %steal     %idle
06:24:42 PM     all      0.50      0.00      0.00      0.00      0.00     99.50

06:24:41 PM kbmemfree   kbavail kbmemused  %memused kbbuffers  kbcached  kbcommit   %commit  kbactive   kbinact   kbdirty
06:24:42 PM   1284136   4023592   3438456     43.84    119248   2633052   5135708     65.49   4164848   1939652      3016

06:24:41 PM     IFACE   rxpck/s   txpck/s    rxkB/s    txkB/s   rxcmp/s   txcmp/s  rxmcst/s   %ifutil
06:24:42 PM        lo      6.00      6.00      1.20      1.20      0.00      0.00      0.00      0.00
06:24:42 PM      eth0      6.00      3.00      1.34      0.36      0.00      0.00      0.00      0.00

06:24:42 PM     CPU     %user     %nice   %system   %iowait    %steal     %idle
06:24:43 PM     all      0.75      0.00      0.00      0.00      0.00     99.25

06:24:42 PM kbmemfree   kbavail kbmemused  %memused kbbuffers  kbcached  kbcommit   %commit  kbactive   kbinact   kbdirty
06:24:43 PM   1283852   4023308   3438740     43.85    119248   2633052   5135708     65.49   4164848   1939652      3016

06:24:42 PM     IFACE   rxpck/s   txpck/s    rxkB/s    txkB/s   rxcmp/s   txcmp/s  rxmcst/s   %ifutil
06:24:43 PM        lo     12.00     12.00      2.55      2.55      0.00      0.00      0.00      0.00
06:24:43 PM      eth0     10.00      5.00      2.38      0.57      0.00      0.00      0.00      0.00

06:24:43 PM     CPU     %user     %nice   %system   %iowait    %steal     %idle
06:24:44 PM     all      1.74      0.00      0.00      0.00      0.00     98.26

06:24:43 PM kbmemfree   kbavail kbmemused  %memused kbbuffers  kbcached  kbcommit   %commit  kbactive   kbinact   kbdirty
06:24:44 PM   1283884   4023340   3438704     43.85    119248   2633056   5135708     65.49   4165072   1939652      3028

06:24:43 PM     IFACE   rxpck/s   txpck/s    rxkB/s    txkB/s   rxcmp/s   txcmp/s  rxmcst/s   %ifutil
06:24:44 PM        lo     10.00     10.00      1.55      1.55      0.00      0.00      0.00      0.00
06:24:44 PM      eth0     47.00     36.00      7.55      4.27      0.00      0.00      0.00      0.00

06:24:44 PM     CPU     %user     %nice   %system   %iowait    %steal     %idle
06:24:45 PM     all      0.25      0.00      0.00      0.00      0.00     99.75

06:24:44 PM kbmemfree   kbavail kbmemused  %memused kbbuffers  kbcached  kbcommit   %commit  kbactive   kbinact   kbdirty
06:24:45 PM   1283852   4023316   3438728     43.85    119256   2633056   5135708     65.49   4165160   1939652      3032

06:24:44 PM     IFACE   rxpck/s   txpck/s    rxkB/s    txkB/s   rxcmp/s   txcmp/s  rxmcst/s   %ifutil
06:24:45 PM        lo      6.00      6.00      1.20      1.20      0.00      0.00      0.00      0.00
06:24:45 PM      eth0      6.00      3.00      1.34      0.36      0.00      0.00      0.00      0.00

06:24:45 PM     CPU     %user     %nice   %system   %iowait    %steal     %idle
06:24:46 PM     all      0.50      0.00      0.00      0.00      0.00     99.50

06:24:45 PM kbmemfree   kbavail kbmemused  %memused kbbuffers  kbcached  kbcommit   %commit  kbactive   kbinact   kbdirty
06:24:46 PM   1283852   4023324   3438724     43.85    119256   2633060   5135708     65.49   4165232   1939660      3036

06:24:45 PM     IFACE   rxpck/s   txpck/s    rxkB/s    txkB/s   rxcmp/s   txcmp/s  rxmcst/s   %ifutil
06:24:46 PM        lo      9.00      9.00      1.78      1.78      0.00      0.00      0.00      0.00
06:24:46 PM      eth0     10.00      5.00      2.38      0.57      0.00      0.00      0.00      0.00

06:24:46 PM     CPU     %user     %nice   %system   %iowait    %steal     %idle
06:24:47 PM     all      1.00      0.00      0.25      0.00      0.00     98.75

06:24:46 PM kbmemfree   kbavail kbmemused  %memused kbbuffers  kbcached  kbcommit   %commit  kbactive   kbinact   kbdirty
06:24:47 PM   1283852   4023324   3438724     43.85    119256   2633060   5135708     65.49   4165252   1939660      3036

06:24:46 PM     IFACE   rxpck/s   txpck/s    rxkB/s    txkB/s   rxcmp/s   txcmp/s  rxmcst/s   %ifutil
06:24:47 PM        lo      9.00      9.00      1.97      1.97      0.00      0.00      0.00      0.00
06:24:47 PM      eth0      6.00      3.00      1.34      0.36      0.00      0.00      0.00      0.00

06:24:47 PM     CPU     %user     %nice   %system   %iowait    %steal     %idle
06:24:48 PM     all      1.25      0.00      0.00      0.00      0.00     98.75

06:24:47 PM kbmemfree   kbavail kbmemused  %memused kbbuffers  kbcached  kbcommit   %commit  kbactive   kbinact   kbdirty
06:24:48 PM   1283852   4023324   3438724     43.85    119256   2633060   5135708     65.49   4165356   1939660      3040

06:24:47 PM     IFACE   rxpck/s   txpck/s    rxkB/s    txkB/s   rxcmp/s   txcmp/s  rxmcst/s   %ifutil
06:24:48 PM        lo      6.00      6.00      1.20      1.20      0.00      0.00      0.00      0.00
06:24:48 PM      eth0     16.00      8.00      3.02      0.88      0.00      0.00      0.00      0.00

06:24:48 PM     CPU     %user     %nice   %system   %iowait    %steal     %idle
06:24:49 PM     all      0.50      0.00      0.25      0.00      0.00     99.25

06:24:48 PM kbmemfree   kbavail kbmemused  %memused kbbuffers  kbcached  kbcommit   %commit  kbactive   kbinact   kbdirty
06:24:49 PM   1283884   4023356   3438692     43.85    119256   2633060   5135708     65.49   4165412   1939660      3040

06:24:48 PM     IFACE   rxpck/s   txpck/s    rxkB/s    txkB/s   rxcmp/s   txcmp/s  rxmcst/s   %ifutil
06:24:49 PM        lo      9.00      9.00      1.78      1.78      0.00      0.00      0.00      0.00
06:24:49 PM      eth0     11.00      6.00      2.29      0.72      0.00      0.00      0.00      0.00

06:24:49 PM     CPU     %user     %nice   %system   %iowait    %steal     %idle
06:24:50 PM     all      1.75      0.00      0.00      0.00      0.00     98.25

06:24:49 PM kbmemfree   kbavail kbmemused  %memused kbbuffers  kbcached  kbcommit   %commit  kbactive   kbinact   kbdirty
06:24:50 PM   1283788   4023268   3438780     43.85    119264   2633060   5135708     65.49   4165532   1939660      3040

06:24:49 PM     IFACE   rxpck/s   txpck/s    rxkB/s    txkB/s   rxcmp/s   txcmp/s  rxmcst/s   %ifutil
06:24:50 PM        lo      6.00      6.00      1.20      1.20      0.00      0.00      0.00      0.00
06:24:50 PM      eth0     15.00     12.00      2.63      1.43      0.00      0.00      0.00      0.00

06:24:50 PM     CPU     %user     %nice   %system   %iowait    %steal     %idle
06:24:51 PM     all      3.78      0.00      0.76      0.00      0.00     95.47

06:24:50 PM kbmemfree   kbavail kbmemused  %memused kbbuffers  kbcached  kbcommit   %commit  kbactive   kbinact   kbdirty
06:24:51 PM   1286580   4017468   3444580     43.92    119264   2624640   5135708     65.49   4171816   1931240      3052

06:24:50 PM     IFACE   rxpck/s   txpck/s    rxkB/s    txkB/s   rxcmp/s   txcmp/s  rxmcst/s   %ifutil
06:24:51 PM        lo     27.00     27.00      4.48      4.48      0.00      0.00      0.00      0.00
06:24:51 PM      eth0     29.00     26.00      4.39      2.95      0.00      0.00      0.00      0.00

06:24:51 PM     CPU     %user     %nice   %system   %iowait    %steal     %idle
06:24:52 PM     all      7.75      0.00     19.75      0.00      0.00     72.50

06:24:51 PM kbmemfree   kbavail kbmemused  %memused kbbuffers  kbcached  kbcommit   %commit  kbactive   kbinact   kbdirty
06:24:52 PM   1860724   4020432   3445720     43.94    119264   2165140   5135708     65.49   4172864   1471740      3056

06:24:51 PM     IFACE   rxpck/s   txpck/s    rxkB/s    txkB/s   rxcmp/s   txcmp/s  rxmcst/s   %ifutil
06:24:52 PM        lo      6.00      6.00      1.01      1.01      0.00      0.00      0.00      0.00
06:24:52 PM      eth0     10.00      5.00      1.89      0.53      0.00      0.00      0.00      0.00
